TMS320C2000 Assembler PC v6.2.3 Thu Jun 25 17:41:37 2015

Tools Copyright (c) 1996-2013 Texas Instruments Incorporated
C:\Users\a0220341\AppData\Local\Temp\0844411                         PAGE    1

       1              ;***************************************************************
       2              ;* TMS320C2000 C/C++ Codegen                         PC v6.2.3 *
       3              ;* Date/Time created: Thu Jun 25 17:41:37 2015                 *
       4              ;***************************************************************
       5                      .compiler_opts --float_support=softlib --hll_source=on --mem_model:code=flat --mem_model:data=large -
       6        0002  FP      .set    XAR2
       7              
       8              $C$DW$CU        .dwtag  DW_TAG_compile_unit
       9                      .dwattr $C$DW$CU, DW_AT_name("D:/victor TI/Customer issue/Zero/4inOne/Code/sw/modules/offset/src/32b/
      10                      .dwattr $C$DW$CU, DW_AT_producer("TMS320C2000 C/C++ Codegen PC v6.2.3 Copyright (c) 1996-2013 Texas I
      11                      .dwattr $C$DW$CU, DW_AT_TI_version(0x01)
      12                      .dwattr $C$DW$CU, DW_AT_comp_dir("D:\victor TI\Customer issue\Zero\4inOne\Code\sw\solutions\instaspin
      13              
      14              $C$DW$1 .dwtag  DW_TAG_subprogram, DW_AT_name("FILTER_FO_setNumCoeffs")
      15                      .dwattr $C$DW$1, DW_AT_TI_symbol_name("_FILTER_FO_setNumCoeffs")
      16                      .dwattr $C$DW$1, DW_AT_declaration
      17                      .dwattr $C$DW$1, DW_AT_external
      18              $C$DW$2 .dwtag  DW_TAG_formal_parameter
      19                      .dwattr $C$DW$2, DW_AT_type(*$C$DW$T$25)
      20              $C$DW$3 .dwtag  DW_TAG_formal_parameter
      21                      .dwattr $C$DW$3, DW_AT_type(*$C$DW$T$44)
      22              $C$DW$4 .dwtag  DW_TAG_formal_parameter
      23                      .dwattr $C$DW$4, DW_AT_type(*$C$DW$T$44)
      24                      .dwendtag $C$DW$1
      25              
      26              
      27              $C$DW$5 .dwtag  DW_TAG_subprogram, DW_AT_name("FILTER_FO_setInitialConditions")
      28                      .dwattr $C$DW$5, DW_AT_TI_symbol_name("_FILTER_FO_setInitialConditions")
      29                      .dwattr $C$DW$5, DW_AT_declaration
      30                      .dwattr $C$DW$5, DW_AT_external
      31              $C$DW$6 .dwtag  DW_TAG_formal_parameter
      32                      .dwattr $C$DW$6, DW_AT_type(*$C$DW$T$25)
      33              $C$DW$7 .dwtag  DW_TAG_formal_parameter
      34                      .dwattr $C$DW$7, DW_AT_type(*$C$DW$T$44)
      35              $C$DW$8 .dwtag  DW_TAG_formal_parameter
      36                      .dwattr $C$DW$8, DW_AT_type(*$C$DW$T$44)
      37                      .dwendtag $C$DW$5
      38              
      39              
      40              $C$DW$9 .dwtag  DW_TAG_subprogram, DW_AT_name("FILTER_FO_getNumCoeffs")
      41                      .dwattr $C$DW$9, DW_AT_TI_symbol_name("_FILTER_FO_getNumCoeffs")
      42                      .dwattr $C$DW$9, DW_AT_declaration
      43                      .dwattr $C$DW$9, DW_AT_external
      44              $C$DW$10        .dwtag  DW_TAG_formal_parameter
      45                      .dwattr $C$DW$10, DW_AT_type(*$C$DW$T$25)
      46              $C$DW$11        .dwtag  DW_TAG_formal_parameter
      47                      .dwattr $C$DW$11, DW_AT_type(*$C$DW$T$41)
      48              $C$DW$12        .dwtag  DW_TAG_formal_parameter
      49                      .dwattr $C$DW$12, DW_AT_type(*$C$DW$T$41)
      50                      .dwendtag $C$DW$9
      51              
      52              
      53              $C$DW$13        .dwtag  DW_TAG_subprogram, DW_AT_name("FILTER_FO_setDenCoeffs")
      54                      .dwattr $C$DW$13, DW_AT_TI_symbol_name("_FILTER_FO_setDenCoeffs")
      55                      .dwattr $C$DW$13, DW_AT_declaration
TMS320C2000 Assembler PC v6.2.3 Thu Jun 25 17:41:37 2015

Tools Copyright (c) 1996-2013 Texas Instruments Incorporated
C:\Users\a0220341\AppData\Local\Temp\0844411                         PAGE    2

      56                      .dwattr $C$DW$13, DW_AT_external
      57              $C$DW$14        .dwtag  DW_TAG_formal_parameter
      58                      .dwattr $C$DW$14, DW_AT_type(*$C$DW$T$25)
      59              $C$DW$15        .dwtag  DW_TAG_formal_parameter
      60                      .dwattr $C$DW$15, DW_AT_type(*$C$DW$T$44)
      61                      .dwendtag $C$DW$13
      62              
      63              
      64              $C$DW$16        .dwtag  DW_TAG_subprogram, DW_AT_name("FILTER_FO_init")
      65                      .dwattr $C$DW$16, DW_AT_TI_symbol_name("_FILTER_FO_init")
      66                      .dwattr $C$DW$16, DW_AT_type(*$C$DW$T$25)
      67                      .dwattr $C$DW$16, DW_AT_declaration
      68                      .dwattr $C$DW$16, DW_AT_external
      69              $C$DW$17        .dwtag  DW_TAG_formal_parameter
      70                      .dwattr $C$DW$17, DW_AT_type(*$C$DW$T$3)
      71              $C$DW$18        .dwtag  DW_TAG_formal_parameter
      72                      .dwattr $C$DW$18, DW_AT_type(*$C$DW$T$28)
      73                      .dwendtag $C$DW$16
      74              
      75              ;       C:\ti\ccsv6\tools\compiler\ti-cgt-c2000_6.2.3\bin\opt2000.exe C:\\Users\\a0220341\\AppData\\Local\\Te
      76              ;       C:\ti\ccsv6\tools\compiler\ti-cgt-c2000_6.2.3\bin\ac2000.exe -@C:\\Users\\a0220341\\AppData\\Local\\T
      77 00000000               .sect   ".text"
      78                      .global _OFFSET_setOffset
      79              
      80              $C$DW$19        .dwtag  DW_TAG_subprogram, DW_AT_name("OFFSET_setOffset")
      81                      .dwattr $C$DW$19, DW_AT_low_pc(_OFFSET_setOffset)
      82                      .dwattr $C$DW$19, DW_AT_high_pc(0x00)
      83                      .dwattr $C$DW$19, DW_AT_TI_symbol_name("_OFFSET_setOffset")
      84                      .dwattr $C$DW$19, DW_AT_external
      85                      .dwattr $C$DW$19, DW_AT_TI_begin_file("D:/victor TI/Customer issue/Zero/4inOne/Code/sw/modules/offset
      86                      .dwattr $C$DW$19, DW_AT_TI_begin_line(0x71)
      87                      .dwattr $C$DW$19, DW_AT_TI_begin_column(0x06)
      88                      .dwattr $C$DW$19, DW_AT_TI_max_frame_size(-2)
      89                      .dwpsn  file "D:/victor TI/Customer issue/Zero/4inOne/Code/sw/modules/offset/src/32b/offset.c",line 1
      90              
      91                      .dwfde $C$DW$CIE, _OFFSET_setOffset
      92              $C$DW$20        .dwtag  DW_TAG_formal_parameter, DW_AT_name("handle")
      93                      .dwattr $C$DW$20, DW_AT_TI_symbol_name("_handle")
      94                      .dwattr $C$DW$20, DW_AT_type(*$C$DW$T$35)
      95                      .dwattr $C$DW$20, DW_AT_location[DW_OP_reg12]
      96              $C$DW$21        .dwtag  DW_TAG_formal_parameter, DW_AT_name("offsetValue")
      97                      .dwattr $C$DW$21, DW_AT_TI_symbol_name("_offsetValue")
      98                      .dwattr $C$DW$21, DW_AT_type(*$C$DW$T$21)
      99                      .dwattr $C$DW$21, DW_AT_location[DW_OP_reg0]
     100              
     101              ;***************************************************************
     102              ;* FNAME: _OFFSET_setOffset             FR SIZE:   0           *
     103              ;*                                                             *
     104              ;* FUNCTION ENVIRONMENT                                        *
     105              ;*                                                             *
     106              ;* FUNCTION PROPERTIES                                         *
     107              ;*                            0 Parameter,  0 Auto,  0 SOE     *
     108              ;***************************************************************
     109              
     110              _OFFSET_setOffset:
TMS320C2000 Assembler PC v6.2.3 Thu Jun 25 17:41:37 2015

Tools Copyright (c) 1996-2013 Texas Instruments Incorporated
C:\Users\a0220341\AppData\Local\Temp\0844411                         PAGE    3

     111              ;* AR4   assigned to _handle
     112              $C$DW$22        .dwtag  DW_TAG_variable, DW_AT_name("handle")
     113                      .dwattr $C$DW$22, DW_AT_TI_symbol_name("_handle")
     114                      .dwattr $C$DW$22, DW_AT_type(*$C$DW$T$36)
     115                      .dwattr $C$DW$22, DW_AT_location[DW_OP_reg12]
     116              ;* AL    assigned to _offsetValue
     117              $C$DW$23        .dwtag  DW_TAG_variable, DW_AT_name("offsetValue")
     118                      .dwattr $C$DW$23, DW_AT_TI_symbol_name("_offsetValue")
     119                      .dwattr $C$DW$23, DW_AT_type(*$C$DW$T$44)
     120                      .dwattr $C$DW$23, DW_AT_location[DW_OP_reg0]
     121                      .dwcfi  cfa_offset, -2
     122                      .dwcfi  save_reg_to_mem, 26, 0
     123                      .dwcfi  save_reg_to_reg, 78, 26
     124                      .dwpsn  file "D:/victor TI/Customer issue/Zero/4inOne/Code/sw/modules/offset/src/32b/offset.c",line 1
     125 00000000 1EC4          MOVL      *+XAR4[0],ACC         ; [CPU_] |117| 
     126              $C$DW$24        .dwtag  DW_TAG_TI_branch
     127                      .dwattr $C$DW$24, DW_AT_low_pc(0x00)
     128                      .dwattr $C$DW$24, DW_AT_TI_return
     129 00000001 0006          LRETR     ; [CPU_] 
     130                      ; return occurs ; [] 
     131                      .dwattr $C$DW$19, DW_AT_TI_end_file("D:/victor TI/Customer issue/Zero/4inOne/Code/sw/modules/offset/s
     132                      .dwattr $C$DW$19, DW_AT_TI_end_line(0x78)
     133                      .dwattr $C$DW$19, DW_AT_TI_end_column(0x01)
     134                      .dwendentry
     135                      .dwendtag $C$DW$19
     136              
     137 00000002               .sect   ".text"
     138                      .global _OFFSET_setInitCond
     139              
     140              $C$DW$25        .dwtag  DW_TAG_subprogram, DW_AT_name("OFFSET_setInitCond")
     141                      .dwattr $C$DW$25, DW_AT_low_pc(_OFFSET_setInitCond)
     142                      .dwattr $C$DW$25, DW_AT_high_pc(0x00)
     143                      .dwattr $C$DW$25, DW_AT_TI_symbol_name("_OFFSET_setInitCond")
     144                      .dwattr $C$DW$25, DW_AT_external
     145                      .dwattr $C$DW$25, DW_AT_TI_begin_file("D:/victor TI/Customer issue/Zero/4inOne/Code/sw/modules/offset
     146                      .dwattr $C$DW$25, DW_AT_TI_begin_line(0x66)
     147                      .dwattr $C$DW$25, DW_AT_TI_begin_column(0x06)
     148                      .dwattr $C$DW$25, DW_AT_TI_max_frame_size(-8)
     149                      .dwpsn  file "D:/victor TI/Customer issue/Zero/4inOne/Code/sw/modules/offset/src/32b/offset.c",line 1
     150              
     151                      .dwfde $C$DW$CIE, _OFFSET_setInitCond
     152              $C$DW$26        .dwtag  DW_TAG_formal_parameter, DW_AT_name("handle")
     153                      .dwattr $C$DW$26, DW_AT_TI_symbol_name("_handle")
     154                      .dwattr $C$DW$26, DW_AT_type(*$C$DW$T$35)
     155                      .dwattr $C$DW$26, DW_AT_location[DW_OP_reg12]
     156              $C$DW$27        .dwtag  DW_TAG_formal_parameter, DW_AT_name("initCond")
     157                      .dwattr $C$DW$27, DW_AT_TI_symbol_name("_initCond")
     158                      .dwattr $C$DW$27, DW_AT_type(*$C$DW$T$44)
     159                      .dwattr $C$DW$27, DW_AT_location[DW_OP_reg0]
     160              
     161              ;***************************************************************
     162              ;* FNAME: _OFFSET_setInitCond           FR SIZE:   6           *
     163              ;*                                                             *
     164              ;* FUNCTION ENVIRONMENT                                        *
     165              ;*                                                             *
TMS320C2000 Assembler PC v6.2.3 Thu Jun 25 17:41:37 2015

Tools Copyright (c) 1996-2013 Texas Instruments Incorporated
C:\Users\a0220341\AppData\Local\Temp\0844411                         PAGE    4

     166              ;* FUNCTION PROPERTIES                                         *
     167              ;*                            2 Parameter,  0 Auto,  4 SOE     *
     168              ;***************************************************************
     169              
     170              _OFFSET_setInitCond:
     171              ;* AR2   assigned to _handle
     172              $C$DW$28        .dwtag  DW_TAG_variable, DW_AT_name("handle")
     173                      .dwattr $C$DW$28, DW_AT_TI_symbol_name("_handle")
     174                      .dwattr $C$DW$28, DW_AT_type(*$C$DW$T$36)
     175                      .dwattr $C$DW$28, DW_AT_location[DW_OP_reg8]
     176              ;* AR1   assigned to _initCond
     177              $C$DW$29        .dwtag  DW_TAG_variable, DW_AT_name("initCond")
     178                      .dwattr $C$DW$29, DW_AT_TI_symbol_name("_initCond")
     179                      .dwattr $C$DW$29, DW_AT_type(*$C$DW$T$44)
     180                      .dwattr $C$DW$29, DW_AT_location[DW_OP_reg6]
     181                      .dwcfi  cfa_offset, -2
     182                      .dwcfi  save_reg_to_mem, 26, 0
     183                      .dwcfi  save_reg_to_reg, 78, 26
     184 00000002 B2BD          MOVL      *SP++,XAR1            ; [CPU_] 
     185                      .dwcfi  save_reg_to_mem, 7, 2
     186                      .dwcfi  cfa_offset, -4
     187 00000003 AABD          MOVL      *SP++,XAR2            ; [CPU_] 
     188                      .dwcfi  save_reg_to_mem, 9, 4
     189                      .dwcfi  cfa_offset, -6
     190 00000004 FE02          ADDB      SP,#2                 ; [CPU_U] 
     191                      .dwcfi  cfa_offset, -8
     192                      .dwpsn  file "D:/victor TI/Customer issue/Zero/4inOne/Code/sw/modules/offset/src/32b/offset.c",line 1
     193 00000005 D00E          MOVB      XAR0,#14              ; [CPU_] |106| 
     194                      .dwpsn  file "D:/victor TI/Customer issue/Zero/4inOne/Code/sw/modules/offset/src/32b/offset.c",line 1
     195 00000006 86A4          MOVL      XAR2,XAR4             ; [CPU_] |103| 
     196 00000007 8BA9          MOVL      XAR1,ACC              ; [CPU_] |103| 
     197                      .dwpsn  file "D:/victor TI/Customer issue/Zero/4inOne/Code/sw/modules/offset/src/32b/offset.c",line 1
     198 00000008 1E42          MOVL      *-SP[2],ACC           ; [CPU_] |106| 
     199 00000009 8A92          MOVL      XAR4,*+XAR2[AR0]      ; [CPU_] |106| 
     200              $C$DW$30        .dwtag  DW_TAG_TI_branch
     201                      .dwattr $C$DW$30, DW_AT_low_pc(0x00)
     202                      .dwattr $C$DW$30, DW_AT_name("_FILTER_FO_setInitialConditions")
     203                      .dwattr $C$DW$30, DW_AT_TI_call
     204 0000000a 7640!         LCR       #_FILTER_FO_setInitialConditions ; [CPU_] |106| 
         0000000b 0000 
     205                      ; call occurs [#_FILTER_FO_setInitialConditions] ; [] |106| 
     206 0000000c FE82          SUBB      SP,#2                 ; [CPU_U] 
     207                      .dwcfi  cfa_offset, -6
     208                      .dwpsn  file "D:/victor TI/Customer issue/Zero/4inOne/Code/sw/modules/offset/src/32b/offset.c",line 1
     209 0000000d B2C2          MOVL      *+XAR2[0],XAR1        ; [CPU_] |107| 
     210 0000000e 86BE          MOVL      XAR2,*--SP            ; [CPU_] 
     211                      .dwcfi  cfa_offset, -4
     212                      .dwcfi  restore_reg, 9
     213 0000000f 8BBE          MOVL      XAR1,*--SP            ; [CPU_] 
     214                      .dwcfi  cfa_offset, -2
     215                      .dwcfi  restore_reg, 7
     216              $C$DW$31        .dwtag  DW_TAG_TI_branch
     217                      .dwattr $C$DW$31, DW_AT_low_pc(0x00)
     218                      .dwattr $C$DW$31, DW_AT_TI_return
     219 00000010 0006          LRETR     ; [CPU_] 
TMS320C2000 Assembler PC v6.2.3 Thu Jun 25 17:41:37 2015

Tools Copyright (c) 1996-2013 Texas Instruments Incorporated
C:\Users\a0220341\AppData\Local\Temp\0844411                         PAGE    5

     220                      ; return occurs ; [] 
     221                      .dwattr $C$DW$25, DW_AT_TI_end_file("D:/victor TI/Customer issue/Zero/4inOne/Code/sw/modules/offset/s
     222                      .dwattr $C$DW$25, DW_AT_TI_end_line(0x6e)
     223                      .dwattr $C$DW$25, DW_AT_TI_end_column(0x01)
     224                      .dwendentry
     225                      .dwendtag $C$DW$25
     226              
     227 00000011               .sect   ".text"
     228                      .global _OFFSET_setBeta
     229              
     230              $C$DW$32        .dwtag  DW_TAG_subprogram, DW_AT_name("OFFSET_setBeta")
     231                      .dwattr $C$DW$32, DW_AT_low_pc(_OFFSET_setBeta)
     232                      .dwattr $C$DW$32, DW_AT_high_pc(0x00)
     233                      .dwattr $C$DW$32, DW_AT_TI_symbol_name("_OFFSET_setBeta")
     234                      .dwattr $C$DW$32, DW_AT_external
     235                      .dwattr $C$DW$32, DW_AT_TI_begin_file("D:/victor TI/Customer issue/Zero/4inOne/Code/sw/modules/offset
     236                      .dwattr $C$DW$32, DW_AT_TI_begin_line(0x58)
     237                      .dwattr $C$DW$32, DW_AT_TI_begin_column(0x06)
     238                      .dwattr $C$DW$32, DW_AT_TI_max_frame_size(-8)
     239                      .dwpsn  file "D:/victor TI/Customer issue/Zero/4inOne/Code/sw/modules/offset/src/32b/offset.c",line 8
     240              
     241                      .dwfde $C$DW$CIE, _OFFSET_setBeta
     242              $C$DW$33        .dwtag  DW_TAG_formal_parameter, DW_AT_name("handle")
     243                      .dwattr $C$DW$33, DW_AT_TI_symbol_name("_handle")
     244                      .dwattr $C$DW$33, DW_AT_type(*$C$DW$T$35)
     245                      .dwattr $C$DW$33, DW_AT_location[DW_OP_reg12]
     246              $C$DW$34        .dwtag  DW_TAG_formal_parameter, DW_AT_name("beta")
     247                      .dwattr $C$DW$34, DW_AT_TI_symbol_name("_beta")
     248                      .dwattr $C$DW$34, DW_AT_type(*$C$DW$T$44)
     249                      .dwattr $C$DW$34, DW_AT_location[DW_OP_reg0]
     250              
     251              ;***************************************************************
     252              ;* FNAME: _OFFSET_setBeta               FR SIZE:   6           *
     253              ;*                                                             *
     254              ;* FUNCTION ENVIRONMENT                                        *
     255              ;*                                                             *
     256              ;* FUNCTION PROPERTIES                                         *
     257              ;*                            2 Parameter,  0 Auto,  4 SOE     *
     258              ;***************************************************************
     259              
     260              _OFFSET_setBeta:
     261              ;* AR1   assigned to _handle
     262              $C$DW$35        .dwtag  DW_TAG_variable, DW_AT_name("handle")
     263                      .dwattr $C$DW$35, DW_AT_TI_symbol_name("_handle")
     264                      .dwattr $C$DW$35, DW_AT_type(*$C$DW$T$36)
     265                      .dwattr $C$DW$35, DW_AT_location[DW_OP_reg6]
     266              ;* AR2   assigned to _beta
     267              $C$DW$36        .dwtag  DW_TAG_variable, DW_AT_name("beta")
     268                      .dwattr $C$DW$36, DW_AT_TI_symbol_name("_beta")
     269                      .dwattr $C$DW$36, DW_AT_type(*$C$DW$T$44)
     270                      .dwattr $C$DW$36, DW_AT_location[DW_OP_reg8]
     271                      .dwcfi  cfa_offset, -2
     272                      .dwcfi  save_reg_to_mem, 26, 0
     273                      .dwcfi  save_reg_to_reg, 78, 26
     274 00000011 B2BD          MOVL      *SP++,XAR1            ; [CPU_] 
TMS320C2000 Assembler PC v6.2.3 Thu Jun 25 17:41:37 2015

Tools Copyright (c) 1996-2013 Texas Instruments Incorporated
C:\Users\a0220341\AppData\Local\Temp\0844411                         PAGE    6

     275                      .dwcfi  save_reg_to_mem, 7, 2
     276                      .dwcfi  cfa_offset, -4
     277 00000012 AABD          MOVL      *SP++,XAR2            ; [CPU_] 
     278                      .dwcfi  save_reg_to_mem, 9, 4
     279                      .dwcfi  cfa_offset, -6
     280 00000013 FE02          ADDB      SP,#2                 ; [CPU_U] 
     281                      .dwcfi  cfa_offset, -8
     282                      .dwpsn  file "D:/victor TI/Customer issue/Zero/4inOne/Code/sw/modules/offset/src/32b/offset.c",line 9
     283 00000014 D00E          MOVB      XAR0,#14              ; [CPU_] |95| 
     284                      .dwpsn  file "D:/victor TI/Customer issue/Zero/4inOne/Code/sw/modules/offset/src/32b/offset.c",line 8
     285 00000015 86A9          MOVL      XAR2,ACC              ; [CPU_] |89| 
     286 00000016 8BA4          MOVL      XAR1,XAR4             ; [CPU_] |89| 
     287                      .dwpsn  file "D:/victor TI/Customer issue/Zero/4inOne/Code/sw/modules/offset/src/32b/offset.c",line 9
     288 00000017 FF0F          SUB       ACC,#512 << 15        ; [CPU_] |95| 
         00000018 0200 
     289 00000019 8A91          MOVL      XAR4,*+XAR1[AR0]      ; [CPU_] |95| 
     290              $C$DW$37        .dwtag  DW_TAG_TI_branch
     291                      .dwattr $C$DW$37, DW_AT_low_pc(0x00)
     292                      .dwattr $C$DW$37, DW_AT_name("_FILTER_FO_setDenCoeffs")
     293                      .dwattr $C$DW$37, DW_AT_TI_call
     294 0000001a 7640!         LCR       #_FILTER_FO_setDenCoeffs ; [CPU_] |95| 
         0000001b 0000 
     295                      ; call occurs [#_FILTER_FO_setDenCoeffs] ; [] |95| 
     296                      .dwpsn  file "D:/victor TI/Customer issue/Zero/4inOne/Code/sw/modules/offset/src/32b/offset.c",line 9
     297 0000001c 0200          MOVB      ACC,#0                ; [CPU_] |96| 
     298 0000001d D00E          MOVB      XAR0,#14              ; [CPU_] |96| 
     299 0000001e 1E42          MOVL      *-SP[2],ACC           ; [CPU_] |96| 
     300 0000001f AAA9          MOVL      ACC,XAR2              ; [CPU_] |96| 
     301 00000020 8A91          MOVL      XAR4,*+XAR1[AR0]      ; [CPU_] |96| 
     302              $C$DW$38        .dwtag  DW_TAG_TI_branch
     303                      .dwattr $C$DW$38, DW_AT_low_pc(0x00)
     304                      .dwattr $C$DW$38, DW_AT_name("_FILTER_FO_setNumCoeffs")
     305                      .dwattr $C$DW$38, DW_AT_TI_call
     306 00000021 7640!         LCR       #_FILTER_FO_setNumCoeffs ; [CPU_] |96| 
         00000022 0000 
     307                      ; call occurs [#_FILTER_FO_setNumCoeffs] ; [] |96| 
     308 00000023 FE82          SUBB      SP,#2                 ; [CPU_U] 
     309                      .dwcfi  cfa_offset, -6
     310 00000024 86BE          MOVL      XAR2,*--SP            ; [CPU_] 
     311                      .dwcfi  cfa_offset, -4
     312                      .dwcfi  restore_reg, 9
     313 00000025 8BBE          MOVL      XAR1,*--SP            ; [CPU_] 
     314                      .dwcfi  cfa_offset, -2
     315                      .dwcfi  restore_reg, 7
     316              $C$DW$39        .dwtag  DW_TAG_TI_branch
     317                      .dwattr $C$DW$39, DW_AT_low_pc(0x00)
     318                      .dwattr $C$DW$39, DW_AT_TI_return
     319 00000026 0006          LRETR     ; [CPU_] 
     320                      ; return occurs ; [] 
     321                      .dwattr $C$DW$32, DW_AT_TI_end_file("D:/victor TI/Customer issue/Zero/4inOne/Code/sw/modules/offset/s
     322                      .dwattr $C$DW$32, DW_AT_TI_end_line(0x63)
     323                      .dwattr $C$DW$32, DW_AT_TI_end_column(0x01)
     324                      .dwendentry
     325                      .dwendtag $C$DW$32
     326              
TMS320C2000 Assembler PC v6.2.3 Thu Jun 25 17:41:37 2015

Tools Copyright (c) 1996-2013 Texas Instruments Incorporated
C:\Users\a0220341\AppData\Local\Temp\0844411                         PAGE    7

     327 00000027               .sect   ".text"
     328                      .global _OFFSET_init
     329              
     330              $C$DW$40        .dwtag  DW_TAG_subprogram, DW_AT_name("OFFSET_init")
     331                      .dwattr $C$DW$40, DW_AT_low_pc(_OFFSET_init)
     332                      .dwattr $C$DW$40, DW_AT_high_pc(0x00)
     333                      .dwattr $C$DW$40, DW_AT_TI_symbol_name("_OFFSET_init")
     334                      .dwattr $C$DW$40, DW_AT_external
     335                      .dwattr $C$DW$40, DW_AT_type(*$C$DW$T$35)
     336                      .dwattr $C$DW$40, DW_AT_TI_begin_file("D:/victor TI/Customer issue/Zero/4inOne/Code/sw/modules/offset
     337                      .dwattr $C$DW$40, DW_AT_TI_begin_line(0x46)
     338                      .dwattr $C$DW$40, DW_AT_TI_begin_column(0x0f)
     339                      .dwattr $C$DW$40, DW_AT_TI_max_frame_size(-4)
     340                      .dwpsn  file "D:/victor TI/Customer issue/Zero/4inOne/Code/sw/modules/offset/src/32b/offset.c",line 7
     341              
     342                      .dwfde $C$DW$CIE, _OFFSET_init
     343              $C$DW$41        .dwtag  DW_TAG_formal_parameter, DW_AT_name("pMemory")
     344                      .dwattr $C$DW$41, DW_AT_TI_symbol_name("_pMemory")
     345                      .dwattr $C$DW$41, DW_AT_type(*$C$DW$T$3)
     346                      .dwattr $C$DW$41, DW_AT_location[DW_OP_reg12]
     347              $C$DW$42        .dwtag  DW_TAG_formal_parameter, DW_AT_name("numBytes")
     348                      .dwattr $C$DW$42, DW_AT_TI_symbol_name("_numBytes")
     349                      .dwattr $C$DW$42, DW_AT_type(*$C$DW$T$28)
     350                      .dwattr $C$DW$42, DW_AT_location[DW_OP_reg0]
     351              
     352              ;***************************************************************
     353              ;* FNAME: _OFFSET_init                  FR SIZE:   2           *
     354              ;*                                                             *
     355              ;* FUNCTION ENVIRONMENT                                        *
     356              ;*                                                             *
     357              ;* FUNCTION PROPERTIES                                         *
     358              ;*                            0 Parameter,  0 Auto,  2 SOE     *
     359              ;***************************************************************
     360              
     361              _OFFSET_init:
     362              ;* AR6   assigned to _numBytes
     363              $C$DW$43        .dwtag  DW_TAG_variable, DW_AT_name("numBytes")
     364                      .dwattr $C$DW$43, DW_AT_TI_symbol_name("_numBytes")
     365                      .dwattr $C$DW$43, DW_AT_type(*$C$DW$T$28)
     366                      .dwattr $C$DW$43, DW_AT_location[DW_OP_reg16]
     367              ;* AR1   assigned to _pMemory
     368              $C$DW$44        .dwtag  DW_TAG_variable, DW_AT_name("pMemory")
     369                      .dwattr $C$DW$44, DW_AT_TI_symbol_name("_pMemory")
     370                      .dwattr $C$DW$44, DW_AT_type(*$C$DW$T$40)
     371                      .dwattr $C$DW$44, DW_AT_location[DW_OP_reg6]
     372                      .dwcfi  cfa_offset, -2
     373                      .dwcfi  save_reg_to_mem, 26, 0
     374                      .dwcfi  save_reg_to_reg, 78, 26
     375 00000027 1EA6          MOVL      XAR6,ACC              ; [CPU_] |71| 
     376 00000028 B2BD          MOVL      *SP++,XAR1            ; [CPU_] 
     377                      .dwcfi  save_reg_to_mem, 7, 2
     378                      .dwcfi  cfa_offset, -4
     379                      .dwpsn  file "D:/victor TI/Customer issue/Zero/4inOne/Code/sw/modules/offset/src/32b/offset.c",line 7
     380 00000029 0210          MOVB      ACC,#16               ; [CPU_] |75| 
     381                      .dwpsn  file "D:/victor TI/Customer issue/Zero/4inOne/Code/sw/modules/offset/src/32b/offset.c",line 7
TMS320C2000 Assembler PC v6.2.3 Thu Jun 25 17:41:37 2015

Tools Copyright (c) 1996-2013 Texas Instruments Incorporated
C:\Users\a0220341\AppData\Local\Temp\0844411                         PAGE    8

     382 0000002a 8BA4          MOVL      XAR1,XAR4             ; [CPU_] |71| 
     383                      .dwpsn  file "D:/victor TI/Customer issue/Zero/4inOne/Code/sw/modules/offset/src/32b/offset.c",line 7
     384 0000002b 0FA6          CMPL      ACC,XAR6              ; [CPU_] |75| 
     385 0000002c 6903          B         $C$L1,LOS             ; [CPU_] |75| 
     386                      ; branchcc occurs ; [] |75| 
     387                      .dwpsn  file "D:/victor TI/Customer issue/Zero/4inOne/Code/sw/modules/offset/src/32b/offset.c",line 7
     388 0000002d D400          MOVB      XAR4,#0               ; [CPU_] |76| 
     389 0000002e 6F08          B         $C$L2,UNC             ; [CPU_] |76| 
     390                      ; branch occurs ; [] |76| 
     391 0000002f       $C$L1:    
     392                      .dwpsn  file "D:/victor TI/Customer issue/Zero/4inOne/Code/sw/modules/offset/src/32b/offset.c",line 8
     393 0000002f DC04          ADDB      XAR4,#4               ; [CPU_] |82| 
     394 00000030 020A          MOVB      ACC,#10               ; [CPU_] |82| 
     395              $C$DW$45        .dwtag  DW_TAG_TI_branch
     396                      .dwattr $C$DW$45, DW_AT_low_pc(0x00)
     397                      .dwattr $C$DW$45, DW_AT_name("_FILTER_FO_init")
     398                      .dwattr $C$DW$45, DW_AT_TI_call
     399 00000031 7640!         LCR       #_FILTER_FO_init      ; [CPU_] |82| 
         00000032 0000 
     400                      ; call occurs [#_FILTER_FO_init] ; [] |82| 
     401 00000033 D00E          MOVB      XAR0,#14              ; [CPU_] |82| 
     402 00000034 A891          MOVL      *+XAR1[AR0],XAR4      ; [CPU_] |82| 
     403                      .dwpsn  file "D:/victor TI/Customer issue/Zero/4inOne/Code/sw/modules/offset/src/32b/offset.c",line 8
     404 00000035 8AA1          MOVL      XAR4,XAR1             ; [CPU_] |84| 
     405 00000036       $C$L2:    
     406 00000036 8BBE          MOVL      XAR1,*--SP            ; [CPU_] 
     407                      .dwcfi  cfa_offset, -2
     408                      .dwcfi  restore_reg, 7
     409              $C$DW$46        .dwtag  DW_TAG_TI_branch
     410                      .dwattr $C$DW$46, DW_AT_low_pc(0x00)
     411                      .dwattr $C$DW$46, DW_AT_TI_return
     412 00000037 0006          LRETR     ; [CPU_] 
     413                      ; return occurs ; [] 
     414                      .dwattr $C$DW$40, DW_AT_TI_end_file("D:/victor TI/Customer issue/Zero/4inOne/Code/sw/modules/offset/s
     415                      .dwattr $C$DW$40, DW_AT_TI_end_line(0x55)
     416                      .dwattr $C$DW$40, DW_AT_TI_end_column(0x01)
     417                      .dwendentry
     418                      .dwendtag $C$DW$40
     419              
     420 00000038               .sect   ".text"
     421                      .global _OFFSET_getBeta
     422              
     423              $C$DW$47        .dwtag  DW_TAG_subprogram, DW_AT_name("OFFSET_getBeta")
     424                      .dwattr $C$DW$47, DW_AT_low_pc(_OFFSET_getBeta)
     425                      .dwattr $C$DW$47, DW_AT_high_pc(0x00)
     426                      .dwattr $C$DW$47, DW_AT_TI_symbol_name("_OFFSET_getBeta")
     427                      .dwattr $C$DW$47, DW_AT_external
     428                      .dwattr $C$DW$47, DW_AT_type(*$C$DW$T$21)
     429                      .dwattr $C$DW$47, DW_AT_TI_begin_file("D:/victor TI/Customer issue/Zero/4inOne/Code/sw/modules/offset
     430                      .dwattr $C$DW$47, DW_AT_TI_begin_line(0x3a)
     431                      .dwattr $C$DW$47, DW_AT_TI_begin_column(0x05)
     432                      .dwattr $C$DW$47, DW_AT_TI_max_frame_size(-8)
     433                      .dwpsn  file "D:/victor TI/Customer issue/Zero/4inOne/Code/sw/modules/offset/src/32b/offset.c",line 5
     434              
     435                      .dwfde $C$DW$CIE, _OFFSET_getBeta
TMS320C2000 Assembler PC v6.2.3 Thu Jun 25 17:41:37 2015

Tools Copyright (c) 1996-2013 Texas Instruments Incorporated
C:\Users\a0220341\AppData\Local\Temp\0844411                         PAGE    9

     436              $C$DW$48        .dwtag  DW_TAG_formal_parameter, DW_AT_name("handle")
     437                      .dwattr $C$DW$48, DW_AT_TI_symbol_name("_handle")
     438                      .dwattr $C$DW$48, DW_AT_type(*$C$DW$T$35)
     439                      .dwattr $C$DW$48, DW_AT_location[DW_OP_reg12]
     440              
     441              ;***************************************************************
     442              ;* FNAME: _OFFSET_getBeta               FR SIZE:   6           *
     443              ;*                                                             *
     444              ;* FUNCTION ENVIRONMENT                                        *
     445              ;*                                                             *
     446              ;* FUNCTION PROPERTIES                                         *
     447              ;*                            2 Parameter,  4 Auto,  0 SOE     *
     448              ;***************************************************************
     449              
     450              _OFFSET_getBeta:
     451              ;* AR4   assigned to _handle
     452              $C$DW$49        .dwtag  DW_TAG_variable, DW_AT_name("handle")
     453                      .dwattr $C$DW$49, DW_AT_TI_symbol_name("_handle")
     454                      .dwattr $C$DW$49, DW_AT_type(*$C$DW$T$36)
     455                      .dwattr $C$DW$49, DW_AT_location[DW_OP_reg12]
     456              $C$DW$50        .dwtag  DW_TAG_variable, DW_AT_name("b0")
     457                      .dwattr $C$DW$50, DW_AT_TI_symbol_name("_b0")
     458                      .dwattr $C$DW$50, DW_AT_type(*$C$DW$T$21)
     459                      .dwattr $C$DW$50, DW_AT_location[DW_OP_breg20 -4]
     460              $C$DW$51        .dwtag  DW_TAG_variable, DW_AT_name("b1")
     461                      .dwattr $C$DW$51, DW_AT_TI_symbol_name("_b1")
     462                      .dwattr $C$DW$51, DW_AT_type(*$C$DW$T$21)
     463                      .dwattr $C$DW$51, DW_AT_location[DW_OP_breg20 -6]
     464                      .dwcfi  cfa_offset, -2
     465                      .dwcfi  save_reg_to_mem, 26, 0
     466                      .dwcfi  save_reg_to_reg, 78, 26
     467 00000038 FE06          ADDB      SP,#6                 ; [CPU_U] 
     468                      .dwcfi  cfa_offset, -8
     469                      .dwpsn  file "D:/victor TI/Customer issue/Zero/4inOne/Code/sw/modules/offset/src/32b/offset.c",line 6
     470 00000039 5DAD          MOVZ      AR5,SP                ; [CPU_U] |64| 
     471 0000003a D00E          MOVB      XAR0,#14              ; [CPU_] |64| 
     472 0000003b DD86          SUBB      XAR5,#6               ; [CPU_U] |64| 
     473 0000003c A042          MOVL      *-SP[2],XAR5          ; [CPU_] |64| 
     474 0000003d 8A94          MOVL      XAR4,*+XAR4[AR0]      ; [CPU_] |64| 
     475 0000003e 5DAD          MOVZ      AR5,SP                ; [CPU_U] |64| 
     476 0000003f DD84          SUBB      XAR5,#4               ; [CPU_U] |64| 
     477              $C$DW$52        .dwtag  DW_TAG_TI_branch
     478                      .dwattr $C$DW$52, DW_AT_low_pc(0x00)
     479                      .dwattr $C$DW$52, DW_AT_name("_FILTER_FO_getNumCoeffs")
     480                      .dwattr $C$DW$52, DW_AT_TI_call
     481 00000040 7640!         LCR       #_FILTER_FO_getNumCoeffs ; [CPU_] |64| 
         00000041 0000 
     482                      ; call occurs [#_FILTER_FO_getNumCoeffs] ; [] |64| 
     483                      .dwpsn  file "D:/victor TI/Customer issue/Zero/4inOne/Code/sw/modules/offset/src/32b/offset.c",line 6
     484 00000042 0644          MOVL      ACC,*-SP[4]           ; [CPU_] |66| 
     485 00000043 FE86          SUBB      SP,#6                 ; [CPU_U] 
     486                      .dwcfi  cfa_offset, -2
     487              $C$DW$53        .dwtag  DW_TAG_TI_branch
     488                      .dwattr $C$DW$53, DW_AT_low_pc(0x00)
     489                      .dwattr $C$DW$53, DW_AT_TI_return
TMS320C2000 Assembler PC v6.2.3 Thu Jun 25 17:41:37 2015

Tools Copyright (c) 1996-2013 Texas Instruments Incorporated
C:\Users\a0220341\AppData\Local\Temp\0844411                         PAGE   10

     490 00000044 0006          LRETR     ; [CPU_] 
     491                      ; return occurs ; [] 
     492                      .dwattr $C$DW$47, DW_AT_TI_end_file("D:/victor TI/Customer issue/Zero/4inOne/Code/sw/modules/offset/s
     493                      .dwattr $C$DW$47, DW_AT_TI_end_line(0x43)
     494                      .dwattr $C$DW$47, DW_AT_TI_end_column(0x01)
     495                      .dwendentry
     496                      .dwendtag $C$DW$47
     497              
     498              ;**************************************************************
     499              ;* UNDEFINED EXTERNAL REFERENCES                              *
     500              ;**************************************************************
     501                      .global _FILTER_FO_setNumCoeffs
     502                      .global _FILTER_FO_setInitialConditions
     503                      .global _FILTER_FO_getNumCoeffs
     504                      .global _FILTER_FO_setDenCoeffs
     505                      .global _FILTER_FO_init
     506              
     507              ;***************************************************************
     508              ;* TYPE INFORMATION                                            *
     509              ;***************************************************************
     510              
     511              $C$DW$T$22      .dwtag  DW_TAG_structure_type
     512                      .dwattr $C$DW$T$22, DW_AT_name("_FILTER_FO_")
     513                      .dwattr $C$DW$T$22, DW_AT_byte_size(0x0a)
     514              $C$DW$54        .dwtag  DW_TAG_member
     515                      .dwattr $C$DW$54, DW_AT_type(*$C$DW$T$21)
     516                      .dwattr $C$DW$54, DW_AT_name("a1")
     517                      .dwattr $C$DW$54, DW_AT_TI_symbol_name("_a1")
     518                      .dwattr $C$DW$54, DW_AT_data_member_location[DW_OP_plus_uconst 0x0]
     519                      .dwattr $C$DW$54, DW_AT_accessibility(DW_ACCESS_public)
     520              $C$DW$55        .dwtag  DW_TAG_member
     521                      .dwattr $C$DW$55, DW_AT_type(*$C$DW$T$21)
     522                      .dwattr $C$DW$55, DW_AT_name("b0")
     523                      .dwattr $C$DW$55, DW_AT_TI_symbol_name("_b0")
     524                      .dwattr $C$DW$55, DW_AT_data_member_location[DW_OP_plus_uconst 0x2]
     525                      .dwattr $C$DW$55, DW_AT_accessibility(DW_ACCESS_public)
     526              $C$DW$56        .dwtag  DW_TAG_member
     527                      .dwattr $C$DW$56, DW_AT_type(*$C$DW$T$21)
     528                      .dwattr $C$DW$56, DW_AT_name("b1")
     529                      .dwattr $C$DW$56, DW_AT_TI_symbol_name("_b1")
     530                      .dwattr $C$DW$56, DW_AT_data_member_location[DW_OP_plus_uconst 0x4]
     531                      .dwattr $C$DW$56, DW_AT_accessibility(DW_ACCESS_public)
     532              $C$DW$57        .dwtag  DW_TAG_member
     533                      .dwattr $C$DW$57, DW_AT_type(*$C$DW$T$21)
     534                      .dwattr $C$DW$57, DW_AT_name("x1")
     535                      .dwattr $C$DW$57, DW_AT_TI_symbol_name("_x1")
     536                      .dwattr $C$DW$57, DW_AT_data_member_location[DW_OP_plus_uconst 0x6]
     537                      .dwattr $C$DW$57, DW_AT_accessibility(DW_ACCESS_public)
     538              $C$DW$58        .dwtag  DW_TAG_member
     539                      .dwattr $C$DW$58, DW_AT_type(*$C$DW$T$21)
     540                      .dwattr $C$DW$58, DW_AT_name("y1")
     541                      .dwattr $C$DW$58, DW_AT_TI_symbol_name("_y1")
     542                      .dwattr $C$DW$58, DW_AT_data_member_location[DW_OP_plus_uconst 0x8]
     543                      .dwattr $C$DW$58, DW_AT_accessibility(DW_ACCESS_public)
     544                      .dwendtag $C$DW$T$22
TMS320C2000 Assembler PC v6.2.3 Thu Jun 25 17:41:37 2015

Tools Copyright (c) 1996-2013 Texas Instruments Incorporated
C:\Users\a0220341\AppData\Local\Temp\0844411                         PAGE   11

     545              
     546              $C$DW$T$23      .dwtag  DW_TAG_typedef, DW_AT_name("FILTER_FO_Obj")
     547                      .dwattr $C$DW$T$23, DW_AT_type(*$C$DW$T$22)
     548                      .dwattr $C$DW$T$23, DW_AT_language(DW_LANG_C)
     549              
     550              $C$DW$T$19      .dwtag  DW_TAG_structure_type
     551                      .dwattr $C$DW$T$19, DW_AT_name("_FILTER_FO_Obj_")
     552                      .dwattr $C$DW$T$19, DW_AT_declaration
     553                      .dwendtag $C$DW$T$19
     554              
     555              $C$DW$T$24      .dwtag  DW_TAG_pointer_type
     556                      .dwattr $C$DW$T$24, DW_AT_type(*$C$DW$T$19)
     557                      .dwattr $C$DW$T$24, DW_AT_address_class(0x16)
     558              $C$DW$T$25      .dwtag  DW_TAG_typedef, DW_AT_name("FILTER_FO_Handle")
     559                      .dwattr $C$DW$T$25, DW_AT_type(*$C$DW$T$24)
     560                      .dwattr $C$DW$T$25, DW_AT_language(DW_LANG_C)
     561              
     562              $C$DW$T$26      .dwtag  DW_TAG_structure_type
     563                      .dwattr $C$DW$T$26, DW_AT_name("_OFFSET_")
     564                      .dwattr $C$DW$T$26, DW_AT_byte_size(0x10)
     565              $C$DW$59        .dwtag  DW_TAG_member
     566                      .dwattr $C$DW$59, DW_AT_type(*$C$DW$T$21)
     567                      .dwattr $C$DW$59, DW_AT_name("value")
     568                      .dwattr $C$DW$59, DW_AT_TI_symbol_name("_value")
     569                      .dwattr $C$DW$59, DW_AT_data_member_location[DW_OP_plus_uconst 0x0]
     570                      .dwattr $C$DW$59, DW_AT_accessibility(DW_ACCESS_public)
     571              $C$DW$60        .dwtag  DW_TAG_member
     572                      .dwattr $C$DW$60, DW_AT_type(*$C$DW$T$21)
     573                      .dwattr $C$DW$60, DW_AT_name("bias")
     574                      .dwattr $C$DW$60, DW_AT_TI_symbol_name("_bias")
     575                      .dwattr $C$DW$60, DW_AT_data_member_location[DW_OP_plus_uconst 0x2]
     576                      .dwattr $C$DW$60, DW_AT_accessibility(DW_ACCESS_public)
     577              $C$DW$61        .dwtag  DW_TAG_member
     578                      .dwattr $C$DW$61, DW_AT_type(*$C$DW$T$23)
     579                      .dwattr $C$DW$61, DW_AT_name("filter")
     580                      .dwattr $C$DW$61, DW_AT_TI_symbol_name("_filter")
     581                      .dwattr $C$DW$61, DW_AT_data_member_location[DW_OP_plus_uconst 0x4]
     582                      .dwattr $C$DW$61, DW_AT_accessibility(DW_ACCESS_public)
     583              $C$DW$62        .dwtag  DW_TAG_member
     584                      .dwattr $C$DW$62, DW_AT_type(*$C$DW$T$25)
     585                      .dwattr $C$DW$62, DW_AT_name("filterHandle")
     586                      .dwattr $C$DW$62, DW_AT_TI_symbol_name("_filterHandle")
     587                      .dwattr $C$DW$62, DW_AT_data_member_location[DW_OP_plus_uconst 0xe]
     588                      .dwattr $C$DW$62, DW_AT_accessibility(DW_ACCESS_public)
     589                      .dwendtag $C$DW$T$26
     590              
     591              $C$DW$T$32      .dwtag  DW_TAG_typedef, DW_AT_name("OFFSET_Obj")
     592                      .dwattr $C$DW$T$32, DW_AT_type(*$C$DW$T$26)
     593                      .dwattr $C$DW$T$32, DW_AT_language(DW_LANG_C)
     594              
     595              $C$DW$T$20      .dwtag  DW_TAG_structure_type
     596                      .dwattr $C$DW$T$20, DW_AT_name("_OFFSET_Obj_")
     597                      .dwattr $C$DW$T$20, DW_AT_declaration
     598                      .dwendtag $C$DW$T$20
     599              
TMS320C2000 Assembler PC v6.2.3 Thu Jun 25 17:41:37 2015

Tools Copyright (c) 1996-2013 Texas Instruments Incorporated
C:\Users\a0220341\AppData\Local\Temp\0844411                         PAGE   12

     600              $C$DW$T$34      .dwtag  DW_TAG_pointer_type
     601                      .dwattr $C$DW$T$34, DW_AT_type(*$C$DW$T$20)
     602                      .dwattr $C$DW$T$34, DW_AT_address_class(0x16)
     603              $C$DW$T$35      .dwtag  DW_TAG_typedef, DW_AT_name("OFFSET_Handle")
     604                      .dwattr $C$DW$T$35, DW_AT_type(*$C$DW$T$34)
     605                      .dwattr $C$DW$T$35, DW_AT_language(DW_LANG_C)
     606              $C$DW$63        .dwtag  DW_TAG_TI_far_type
     607                      .dwattr $C$DW$63, DW_AT_type(*$C$DW$T$35)
     608              $C$DW$T$36      .dwtag  DW_TAG_const_type
     609                      .dwattr $C$DW$T$36, DW_AT_type(*$C$DW$63)
     610              $C$DW$T$3       .dwtag  DW_TAG_pointer_type
     611                      .dwattr $C$DW$T$3, DW_AT_address_class(0x16)
     612              $C$DW$64        .dwtag  DW_TAG_TI_far_type
     613                      .dwattr $C$DW$64, DW_AT_type(*$C$DW$T$3)
     614              $C$DW$T$40      .dwtag  DW_TAG_const_type
     615                      .dwattr $C$DW$T$40, DW_AT_type(*$C$DW$64)
     616              $C$DW$T$4       .dwtag  DW_TAG_base_type
     617                      .dwattr $C$DW$T$4, DW_AT_encoding(DW_ATE_boolean)
     618                      .dwattr $C$DW$T$4, DW_AT_name("bool")
     619                      .dwattr $C$DW$T$4, DW_AT_byte_size(0x01)
     620              $C$DW$T$5       .dwtag  DW_TAG_base_type
     621                      .dwattr $C$DW$T$5, DW_AT_encoding(DW_ATE_signed_char)
     622                      .dwattr $C$DW$T$5, DW_AT_name("signed char")
     623                      .dwattr $C$DW$T$5, DW_AT_byte_size(0x01)
     624              $C$DW$T$6       .dwtag  DW_TAG_base_type
     625                      .dwattr $C$DW$T$6, DW_AT_encoding(DW_ATE_unsigned_char)
     626                      .dwattr $C$DW$T$6, DW_AT_name("unsigned char")
     627                      .dwattr $C$DW$T$6, DW_AT_byte_size(0x01)
     628              $C$DW$T$7       .dwtag  DW_TAG_base_type
     629                      .dwattr $C$DW$T$7, DW_AT_encoding(DW_ATE_signed_char)
     630                      .dwattr $C$DW$T$7, DW_AT_name("wchar_t")
     631                      .dwattr $C$DW$T$7, DW_AT_byte_size(0x01)
     632              $C$DW$T$8       .dwtag  DW_TAG_base_type
     633                      .dwattr $C$DW$T$8, DW_AT_encoding(DW_ATE_signed)
     634                      .dwattr $C$DW$T$8, DW_AT_name("short")
     635                      .dwattr $C$DW$T$8, DW_AT_byte_size(0x01)
     636              $C$DW$T$9       .dwtag  DW_TAG_base_type
     637                      .dwattr $C$DW$T$9, DW_AT_encoding(DW_ATE_unsigned)
     638                      .dwattr $C$DW$T$9, DW_AT_name("unsigned short")
     639                      .dwattr $C$DW$T$9, DW_AT_byte_size(0x01)
     640              $C$DW$T$10      .dwtag  DW_TAG_base_type
     641                      .dwattr $C$DW$T$10, DW_AT_encoding(DW_ATE_signed)
     642                      .dwattr $C$DW$T$10, DW_AT_name("int")
     643                      .dwattr $C$DW$T$10, DW_AT_byte_size(0x01)
     644              $C$DW$T$11      .dwtag  DW_TAG_base_type
     645                      .dwattr $C$DW$T$11, DW_AT_encoding(DW_ATE_unsigned)
     646                      .dwattr $C$DW$T$11, DW_AT_name("unsigned int")
     647                      .dwattr $C$DW$T$11, DW_AT_byte_size(0x01)
     648              $C$DW$T$12      .dwtag  DW_TAG_base_type
     649                      .dwattr $C$DW$T$12, DW_AT_encoding(DW_ATE_signed)
     650                      .dwattr $C$DW$T$12, DW_AT_name("long")
     651                      .dwattr $C$DW$T$12, DW_AT_byte_size(0x02)
     652              $C$DW$T$21      .dwtag  DW_TAG_typedef, DW_AT_name("_iq")
     653                      .dwattr $C$DW$T$21, DW_AT_type(*$C$DW$T$12)
     654                      .dwattr $C$DW$T$21, DW_AT_language(DW_LANG_C)
TMS320C2000 Assembler PC v6.2.3 Thu Jun 25 17:41:37 2015

Tools Copyright (c) 1996-2013 Texas Instruments Incorporated
C:\Users\a0220341\AppData\Local\Temp\0844411                         PAGE   13

     655              $C$DW$T$41      .dwtag  DW_TAG_pointer_type
     656                      .dwattr $C$DW$T$41, DW_AT_type(*$C$DW$T$21)
     657                      .dwattr $C$DW$T$41, DW_AT_address_class(0x16)
     658              $C$DW$65        .dwtag  DW_TAG_TI_far_type
     659                      .dwattr $C$DW$65, DW_AT_type(*$C$DW$T$21)
     660              $C$DW$T$44      .dwtag  DW_TAG_const_type
     661                      .dwattr $C$DW$T$44, DW_AT_type(*$C$DW$65)
     662              $C$DW$T$13      .dwtag  DW_TAG_base_type
     663                      .dwattr $C$DW$T$13, DW_AT_encoding(DW_ATE_unsigned)
     664                      .dwattr $C$DW$T$13, DW_AT_name("unsigned long")
     665                      .dwattr $C$DW$T$13, DW_AT_byte_size(0x02)
     666              $C$DW$T$27      .dwtag  DW_TAG_typedef, DW_AT_name("size_t")
     667                      .dwattr $C$DW$T$27, DW_AT_type(*$C$DW$T$13)
     668                      .dwattr $C$DW$T$27, DW_AT_language(DW_LANG_C)
     669              $C$DW$66        .dwtag  DW_TAG_TI_far_type
     670                      .dwattr $C$DW$66, DW_AT_type(*$C$DW$T$27)
     671              $C$DW$T$28      .dwtag  DW_TAG_const_type
     672                      .dwattr $C$DW$T$28, DW_AT_type(*$C$DW$66)
     673              $C$DW$T$14      .dwtag  DW_TAG_base_type
     674                      .dwattr $C$DW$T$14, DW_AT_encoding(DW_ATE_signed)
     675                      .dwattr $C$DW$T$14, DW_AT_name("long long")
     676                      .dwattr $C$DW$T$14, DW_AT_byte_size(0x04)
     677              $C$DW$T$15      .dwtag  DW_TAG_base_type
     678                      .dwattr $C$DW$T$15, DW_AT_encoding(DW_ATE_unsigned)
     679                      .dwattr $C$DW$T$15, DW_AT_name("unsigned long long")
     680                      .dwattr $C$DW$T$15, DW_AT_byte_size(0x04)
     681              $C$DW$T$16      .dwtag  DW_TAG_base_type
     682                      .dwattr $C$DW$T$16, DW_AT_encoding(DW_ATE_float)
     683                      .dwattr $C$DW$T$16, DW_AT_name("float")
     684                      .dwattr $C$DW$T$16, DW_AT_byte_size(0x02)
     685              $C$DW$T$17      .dwtag  DW_TAG_base_type
     686                      .dwattr $C$DW$T$17, DW_AT_encoding(DW_ATE_float)
     687                      .dwattr $C$DW$T$17, DW_AT_name("double")
     688                      .dwattr $C$DW$T$17, DW_AT_byte_size(0x02)
     689              $C$DW$T$18      .dwtag  DW_TAG_base_type
     690                      .dwattr $C$DW$T$18, DW_AT_encoding(DW_ATE_float)
     691                      .dwattr $C$DW$T$18, DW_AT_name("long double")
     692                      .dwattr $C$DW$T$18, DW_AT_byte_size(0x04)
     693                      .dwattr $C$DW$CU, DW_AT_language(DW_LANG_C)
     694              
     695              ;***************************************************************
     696              ;* DWARF CIE ENTRIES                                           *
     697              ;***************************************************************
     698              
     699              $C$DW$CIE       .dwcie 78
     700                      .dwcfi  cfa_register, 20
     701                      .dwcfi  cfa_offset, 0
     702                      .dwcfi  undefined, 0
     703                      .dwcfi  undefined, 1
     704                      .dwcfi  undefined, 2
     705                      .dwcfi  undefined, 3
     706                      .dwcfi  undefined, 20
     707                      .dwcfi  undefined, 21
     708                      .dwcfi  undefined, 22
     709                      .dwcfi  undefined, 23
TMS320C2000 Assembler PC v6.2.3 Thu Jun 25 17:41:37 2015

Tools Copyright (c) 1996-2013 Texas Instruments Incorporated
C:\Users\a0220341\AppData\Local\Temp\0844411                         PAGE   14

     710                      .dwcfi  undefined, 24
     711                      .dwcfi  undefined, 25
     712                      .dwcfi  undefined, 26
     713                      .dwcfi  same_value, 28
     714                      .dwcfi  undefined, 29
     715                      .dwcfi  undefined, 30
     716                      .dwcfi  undefined, 31
     717                      .dwcfi  undefined, 32
     718                      .dwcfi  undefined, 33
     719                      .dwcfi  undefined, 34
     720                      .dwcfi  undefined, 35
     721                      .dwcfi  undefined, 36
     722                      .dwcfi  undefined, 37
     723                      .dwcfi  undefined, 38
     724                      .dwcfi  undefined, 75
     725                      .dwcfi  undefined, 76
     726                      .dwcfi  undefined, 77
     727                      .dwcfi  undefined, 4
     728                      .dwcfi  same_value, 6
     729                      .dwcfi  same_value, 8
     730                      .dwcfi  same_value, 10
     731                      .dwcfi  undefined, 12
     732                      .dwcfi  undefined, 14
     733                      .dwcfi  undefined, 16
     734                      .dwcfi  undefined, 17
     735                      .dwcfi  undefined, 18
     736                      .dwcfi  undefined, 19
     737                      .dwcfi  undefined, 5
     738                      .dwcfi  same_value, 7
     739                      .dwcfi  same_value, 9
     740                      .dwcfi  same_value, 11
     741                      .dwcfi  undefined, 13
     742                      .dwcfi  undefined, 15
     743                      .dwcfi  undefined, 78
     744                      .dwendentry
     745              
     746              ;***************************************************************
     747              ;* DWARF REGISTER MAP                                          *
     748              ;***************************************************************
     749              
     750              $C$DW$67        .dwtag  DW_TAG_TI_assign_register, DW_AT_name("AL")
     751                      .dwattr $C$DW$67, DW_AT_location[DW_OP_reg0]
     752              $C$DW$68        .dwtag  DW_TAG_TI_assign_register, DW_AT_name("AH")
     753                      .dwattr $C$DW$68, DW_AT_location[DW_OP_reg1]
     754              $C$DW$69        .dwtag  DW_TAG_TI_assign_register, DW_AT_name("PL")
     755                      .dwattr $C$DW$69, DW_AT_location[DW_OP_reg2]
     756              $C$DW$70        .dwtag  DW_TAG_TI_assign_register, DW_AT_name("PH")
     757                      .dwattr $C$DW$70, DW_AT_location[DW_OP_reg3]
     758              $C$DW$71        .dwtag  DW_TAG_TI_assign_register, DW_AT_name("SP")
     759                      .dwattr $C$DW$71, DW_AT_location[DW_OP_reg20]
     760              $C$DW$72        .dwtag  DW_TAG_TI_assign_register, DW_AT_name("XT")
     761                      .dwattr $C$DW$72, DW_AT_location[DW_OP_reg21]
     762              $C$DW$73        .dwtag  DW_TAG_TI_assign_register, DW_AT_name("T")
     763                      .dwattr $C$DW$73, DW_AT_location[DW_OP_reg22]
     764              $C$DW$74        .dwtag  DW_TAG_TI_assign_register, DW_AT_name("ST0")
TMS320C2000 Assembler PC v6.2.3 Thu Jun 25 17:41:37 2015

Tools Copyright (c) 1996-2013 Texas Instruments Incorporated
C:\Users\a0220341\AppData\Local\Temp\0844411                         PAGE   15

     765                      .dwattr $C$DW$74, DW_AT_location[DW_OP_reg23]
     766              $C$DW$75        .dwtag  DW_TAG_TI_assign_register, DW_AT_name("ST1")
     767                      .dwattr $C$DW$75, DW_AT_location[DW_OP_reg24]
     768              $C$DW$76        .dwtag  DW_TAG_TI_assign_register, DW_AT_name("PC")
     769                      .dwattr $C$DW$76, DW_AT_location[DW_OP_reg25]
     770              $C$DW$77        .dwtag  DW_TAG_TI_assign_register, DW_AT_name("RPC")
     771                      .dwattr $C$DW$77, DW_AT_location[DW_OP_reg26]
     772              $C$DW$78        .dwtag  DW_TAG_TI_assign_register, DW_AT_name("FP")
     773                      .dwattr $C$DW$78, DW_AT_location[DW_OP_reg28]
     774              $C$DW$79        .dwtag  DW_TAG_TI_assign_register, DW_AT_name("DP")
     775                      .dwattr $C$DW$79, DW_AT_location[DW_OP_reg29]
     776              $C$DW$80        .dwtag  DW_TAG_TI_assign_register, DW_AT_name("SXM")
     777                      .dwattr $C$DW$80, DW_AT_location[DW_OP_reg30]
     778              $C$DW$81        .dwtag  DW_TAG_TI_assign_register, DW_AT_name("PM")
     779                      .dwattr $C$DW$81, DW_AT_location[DW_OP_reg31]
     780              $C$DW$82        .dwtag  DW_TAG_TI_assign_register, DW_AT_name("OVM")
     781                      .dwattr $C$DW$82, DW_AT_location[DW_OP_regx 0x20]
     782              $C$DW$83        .dwtag  DW_TAG_TI_assign_register, DW_AT_name("PAGE0")
     783                      .dwattr $C$DW$83, DW_AT_location[DW_OP_regx 0x21]
     784              $C$DW$84        .dwtag  DW_TAG_TI_assign_register, DW_AT_name("AMODE")
     785                      .dwattr $C$DW$84, DW_AT_location[DW_OP_regx 0x22]
     786              $C$DW$85        .dwtag  DW_TAG_TI_assign_register, DW_AT_name("INTM")
     787                      .dwattr $C$DW$85, DW_AT_location[DW_OP_regx 0x23]
     788              $C$DW$86        .dwtag  DW_TAG_TI_assign_register, DW_AT_name("IFR")
     789                      .dwattr $C$DW$86, DW_AT_location[DW_OP_regx 0x24]
     790              $C$DW$87        .dwtag  DW_TAG_TI_assign_register, DW_AT_name("IER")
     791                      .dwattr $C$DW$87, DW_AT_location[DW_OP_regx 0x25]
     792              $C$DW$88        .dwtag  DW_TAG_TI_assign_register, DW_AT_name("V")
     793                      .dwattr $C$DW$88, DW_AT_location[DW_OP_regx 0x26]
     794              $C$DW$89        .dwtag  DW_TAG_TI_assign_register, DW_AT_name("PSEUDOH")
     795                      .dwattr $C$DW$89, DW_AT_location[DW_OP_regx 0x4c]
     796              $C$DW$90        .dwtag  DW_TAG_TI_assign_register, DW_AT_name("VOL")
     797                      .dwattr $C$DW$90, DW_AT_location[DW_OP_regx 0x4d]
     798              $C$DW$91        .dwtag  DW_TAG_TI_assign_register, DW_AT_name("AR0")
     799                      .dwattr $C$DW$91, DW_AT_location[DW_OP_reg4]
     800              $C$DW$92        .dwtag  DW_TAG_TI_assign_register, DW_AT_name("AR1")
     801                      .dwattr $C$DW$92, DW_AT_location[DW_OP_reg6]
     802              $C$DW$93        .dwtag  DW_TAG_TI_assign_register, DW_AT_name("AR2")
     803                      .dwattr $C$DW$93, DW_AT_location[DW_OP_reg8]
     804              $C$DW$94        .dwtag  DW_TAG_TI_assign_register, DW_AT_name("AR3")
     805                      .dwattr $C$DW$94, DW_AT_location[DW_OP_reg10]
     806              $C$DW$95        .dwtag  DW_TAG_TI_assign_register, DW_AT_name("AR4")
     807                      .dwattr $C$DW$95, DW_AT_location[DW_OP_reg12]
     808              $C$DW$96        .dwtag  DW_TAG_TI_assign_register, DW_AT_name("AR5")
     809                      .dwattr $C$DW$96, DW_AT_location[DW_OP_reg14]
     810              $C$DW$97        .dwtag  DW_TAG_TI_assign_register, DW_AT_name("AR6")
     811                      .dwattr $C$DW$97, DW_AT_location[DW_OP_reg16]
     812              $C$DW$98        .dwtag  DW_TAG_TI_assign_register, DW_AT_name("XAR6")
     813                      .dwattr $C$DW$98, DW_AT_location[DW_OP_reg17]
     814              $C$DW$99        .dwtag  DW_TAG_TI_assign_register, DW_AT_name("AR7")
     815                      .dwattr $C$DW$99, DW_AT_location[DW_OP_reg18]
     816              $C$DW$100       .dwtag  DW_TAG_TI_assign_register, DW_AT_name("XAR7")
     817                      .dwattr $C$DW$100, DW_AT_location[DW_OP_reg19]
     818              $C$DW$101       .dwtag  DW_TAG_TI_assign_register, DW_AT_name("XAR0")
     819                      .dwattr $C$DW$101, DW_AT_location[DW_OP_reg5]
TMS320C2000 Assembler PC v6.2.3 Thu Jun 25 17:41:37 2015

Tools Copyright (c) 1996-2013 Texas Instruments Incorporated
C:\Users\a0220341\AppData\Local\Temp\0844411                         PAGE   16

     820              $C$DW$102       .dwtag  DW_TAG_TI_assign_register, DW_AT_name("XAR1")
     821                      .dwattr $C$DW$102, DW_AT_location[DW_OP_reg7]
     822              $C$DW$103       .dwtag  DW_TAG_TI_assign_register, DW_AT_name("XAR2")
     823                      .dwattr $C$DW$103, DW_AT_location[DW_OP_reg9]
     824              $C$DW$104       .dwtag  DW_TAG_TI_assign_register, DW_AT_name("XAR3")
     825                      .dwattr $C$DW$104, DW_AT_location[DW_OP_reg11]
     826              $C$DW$105       .dwtag  DW_TAG_TI_assign_register, DW_AT_name("XAR4")
     827                      .dwattr $C$DW$105, DW_AT_location[DW_OP_reg13]
     828              $C$DW$106       .dwtag  DW_TAG_TI_assign_register, DW_AT_name("XAR5")
     829                      .dwattr $C$DW$106, DW_AT_location[DW_OP_reg15]
     830              $C$DW$107       .dwtag  DW_TAG_TI_assign_register, DW_AT_name("CIE_RETA")
     831                      .dwattr $C$DW$107, DW_AT_location[DW_OP_regx 0x4e]
     832                      .dwendtag $C$DW$CU
     833              

No Assembly Errors, No Assembly Warnings
