TMS320C2000 Assembler PC v6.2.3 Thu Jun 25 17:41:47 2015

Tools Copyright (c) 1996-2013 Texas Instruments Incorporated
C:\Users\a0220341\AppData\Local\Temp\0890011                         PAGE    1

       1              ;***************************************************************
       2              ;* TMS320C2000 C/C++ Codegen                         PC v6.2.3 *
       3              ;* Date/Time created: Thu Jun 25 17:41:47 2015                 *
       4              ;***************************************************************
       5                      .compiler_opts --float_support=softlib --hll_source=on --mem_model:code=flat --mem_model:data=large -
       6        0002  FP      .set    XAR2
       7              
       8              $C$DW$CU        .dwtag  DW_TAG_compile_unit
       9                      .dwattr $C$DW$CU, DW_AT_name("D:/victor TI/Customer issue/Zero/4inOne/Code/sw/drivers/pwr/src/32b/f28
      10                      .dwattr $C$DW$CU, DW_AT_producer("TMS320C2000 C/C++ Codegen PC v6.2.3 Copyright (c) 1996-2013 Texas I
      11                      .dwattr $C$DW$CU, DW_AT_TI_version(0x01)
      12                      .dwattr $C$DW$CU, DW_AT_comp_dir("D:\victor TI\Customer issue\Zero\4inOne\Code\sw\solutions\instaspin
      13              ;       C:\ti\ccsv6\tools\compiler\ti-cgt-c2000_6.2.3\bin\opt2000.exe C:\\Users\\a0220341\\AppData\\Local\\Te
      14              ;       C:\ti\ccsv6\tools\compiler\ti-cgt-c2000_6.2.3\bin\ac2000.exe -@C:\\Users\\a0220341\\AppData\\Local\\T
      15 00000000               .sect   ".text"
      16                      .global _PWR_setNumStandByClocks
      17              
      18              $C$DW$1 .dwtag  DW_TAG_subprogram, DW_AT_name("PWR_setNumStandByClocks")
      19                      .dwattr $C$DW$1, DW_AT_low_pc(_PWR_setNumStandByClocks)
      20                      .dwattr $C$DW$1, DW_AT_high_pc(0x00)
      21                      .dwattr $C$DW$1, DW_AT_TI_symbol_name("_PWR_setNumStandByClocks")
      22                      .dwattr $C$DW$1, DW_AT_external
      23                      .dwattr $C$DW$1, DW_AT_TI_begin_file("D:/victor TI/Customer issue/Zero/4inOne/Code/sw/drivers/pwr/src
      24                      .dwattr $C$DW$1, DW_AT_TI_begin_line(0x94)
      25                      .dwattr $C$DW$1, DW_AT_TI_begin_column(0x06)
      26                      .dwattr $C$DW$1, DW_AT_TI_max_frame_size(-2)
      27                      .dwpsn  file "D:/victor TI/Customer issue/Zero/4inOne/Code/sw/drivers/pwr/src/32b/f28x/f2802x/pwr.c",
      28              
      29                      .dwfde $C$DW$CIE, _PWR_setNumStandByClocks
      30              $C$DW$2 .dwtag  DW_TAG_formal_parameter, DW_AT_name("pwrHandle")
      31                      .dwattr $C$DW$2, DW_AT_TI_symbol_name("_pwrHandle")
      32                      .dwattr $C$DW$2, DW_AT_type(*$C$DW$T$31)
      33                      .dwattr $C$DW$2, DW_AT_location[DW_OP_reg12]
      34              $C$DW$3 .dwtag  DW_TAG_formal_parameter, DW_AT_name("numClkCycles")
      35                      .dwattr $C$DW$3, DW_AT_TI_symbol_name("_numClkCycles")
      36                      .dwattr $C$DW$3, DW_AT_type(*$C$DW$T$28)
      37                      .dwattr $C$DW$3, DW_AT_location[DW_OP_reg0]
      38              
      39              ;***************************************************************
      40              ;* FNAME: _PWR_setNumStandByClocks      FR SIZE:   0           *
      41              ;*                                                             *
      42              ;* FUNCTION ENVIRONMENT                                        *
      43              ;*                                                             *
      44              ;* FUNCTION PROPERTIES                                         *
      45              ;*                            0 Parameter,  0 Auto,  0 SOE     *
      46              ;***************************************************************
      47              
      48              _PWR_setNumStandByClocks:
      49              ;* AL    assigned to _pwrHandle
      50              $C$DW$4 .dwtag  DW_TAG_variable, DW_AT_name("pwrHandle")
      51                      .dwattr $C$DW$4, DW_AT_TI_symbol_name("_pwrHandle")
      52                      .dwattr $C$DW$4, DW_AT_type(*$C$DW$T$32)
      53                      .dwattr $C$DW$4, DW_AT_location[DW_OP_reg0]
      54              ;* AR6   assigned to _numClkCycles
      55              $C$DW$5 .dwtag  DW_TAG_variable, DW_AT_name("numClkCycles")
TMS320C2000 Assembler PC v6.2.3 Thu Jun 25 17:41:47 2015

Tools Copyright (c) 1996-2013 Texas Instruments Incorporated
C:\Users\a0220341\AppData\Local\Temp\0890011                         PAGE    2

      56                      .dwattr $C$DW$5, DW_AT_TI_symbol_name("_numClkCycles")
      57                      .dwattr $C$DW$5, DW_AT_type(*$C$DW$T$28)
      58                      .dwattr $C$DW$5, DW_AT_location[DW_OP_reg16]
      59                      .dwcfi  cfa_offset, -2
      60                      .dwcfi  save_reg_to_mem, 26, 0
      61                      .dwcfi  save_reg_to_reg, 78, 26
      62 00000000 88A9          MOVZ      AR6,AL                ; [CPU_] |149| 
      63 00000001 A8A9          MOVL      ACC,XAR4              ; [CPU_] |149| 
      64 00000002 7622   EALLOW
      65                      .dwpsn  file "D:/victor TI/Customer issue/Zero/4inOne/Code/sw/drivers/pwr/src/32b/f28x/f2802x/pwr.c",
      66 00000003 8F00          MOVL      XAR4,#26265           ; [CPU_U] |156| 
         00000004 6699 
      67 00000005 5601          ADDL      XAR4,ACC              ; [CPU_] |156| 
         00000006 00A4 
      68 00000007 18C4          AND       *+XAR4[0],#0xff03     ; [CPU_] |156| 
         00000008 FF03 
      69                      .dwpsn  file "D:/victor TI/Customer issue/Zero/4inOne/Code/sw/drivers/pwr/src/32b/f28x/f2802x/pwr.c",
      70 00000009 8F00          MOVL      XAR4,#26265           ; [CPU_U] |159| 
         0000000a 6699 
      71 0000000b 5601          ADDL      XAR4,ACC              ; [CPU_] |159| 
         0000000c 00A4 
      72 0000000d 92A6          MOV       AL,AR6                ; [CPU_] |159| 
      73 0000000e 98C4          OR        *+XAR4[0],AL          ; [CPU_] |159| 
      74 0000000f 761A   EDIS
      75 00000010 FF69          SPM       #0                    ; [CPU_] 
      76              $C$DW$6 .dwtag  DW_TAG_TI_branch
      77                      .dwattr $C$DW$6, DW_AT_low_pc(0x00)
      78                      .dwattr $C$DW$6, DW_AT_TI_return
      79 00000011 0006          LRETR     ; [CPU_] 
      80                      ; return occurs ; [] 
      81                      .dwattr $C$DW$1, DW_AT_TI_end_file("D:/victor TI/Customer issue/Zero/4inOne/Code/sw/drivers/pwr/src/3
      82                      .dwattr $C$DW$1, DW_AT_TI_end_line(0xa4)
      83                      .dwattr $C$DW$1, DW_AT_TI_end_column(0x01)
      84                      .dwendentry
      85                      .dwendtag $C$DW$1
      86              
      87 00000012               .sect   ".text"
      88                      .global _PWR_setLowPowerMode
      89              
      90              $C$DW$7 .dwtag  DW_TAG_subprogram, DW_AT_name("PWR_setLowPowerMode")
      91                      .dwattr $C$DW$7, DW_AT_low_pc(_PWR_setLowPowerMode)
      92                      .dwattr $C$DW$7, DW_AT_high_pc(0x00)
      93                      .dwattr $C$DW$7, DW_AT_TI_symbol_name("_PWR_setLowPowerMode")
      94                      .dwattr $C$DW$7, DW_AT_external
      95                      .dwattr $C$DW$7, DW_AT_TI_begin_file("D:/victor TI/Customer issue/Zero/4inOne/Code/sw/drivers/pwr/src
      96                      .dwattr $C$DW$7, DW_AT_TI_begin_line(0x80)
      97                      .dwattr $C$DW$7, DW_AT_TI_begin_column(0x06)
      98                      .dwattr $C$DW$7, DW_AT_TI_max_frame_size(-2)
      99                      .dwpsn  file "D:/victor TI/Customer issue/Zero/4inOne/Code/sw/drivers/pwr/src/32b/f28x/f2802x/pwr.c",
     100              
     101                      .dwfde $C$DW$CIE, _PWR_setLowPowerMode
     102              $C$DW$8 .dwtag  DW_TAG_formal_parameter, DW_AT_name("pwrHandle")
     103                      .dwattr $C$DW$8, DW_AT_TI_symbol_name("_pwrHandle")
     104                      .dwattr $C$DW$8, DW_AT_type(*$C$DW$T$31)
     105                      .dwattr $C$DW$8, DW_AT_location[DW_OP_reg12]
TMS320C2000 Assembler PC v6.2.3 Thu Jun 25 17:41:47 2015

Tools Copyright (c) 1996-2013 Texas Instruments Incorporated
C:\Users\a0220341\AppData\Local\Temp\0890011                         PAGE    3

     106              $C$DW$9 .dwtag  DW_TAG_formal_parameter, DW_AT_name("lowPowerMode")
     107                      .dwattr $C$DW$9, DW_AT_TI_symbol_name("_lowPowerMode")
     108                      .dwattr $C$DW$9, DW_AT_type(*$C$DW$T$25)
     109                      .dwattr $C$DW$9, DW_AT_location[DW_OP_reg0]
     110              
     111              ;***************************************************************
     112              ;* FNAME: _PWR_setLowPowerMode          FR SIZE:   0           *
     113              ;*                                                             *
     114              ;* FUNCTION ENVIRONMENT                                        *
     115              ;*                                                             *
     116              ;* FUNCTION PROPERTIES                                         *
     117              ;*                            0 Parameter,  0 Auto,  0 SOE     *
     118              ;***************************************************************
     119              
     120              _PWR_setLowPowerMode:
     121              ;* AL    assigned to _pwrHandle
     122              $C$DW$10        .dwtag  DW_TAG_variable, DW_AT_name("pwrHandle")
     123                      .dwattr $C$DW$10, DW_AT_TI_symbol_name("_pwrHandle")
     124                      .dwattr $C$DW$10, DW_AT_type(*$C$DW$T$32)
     125                      .dwattr $C$DW$10, DW_AT_location[DW_OP_reg0]
     126              ;* AR6   assigned to _lowPowerMode
     127              $C$DW$11        .dwtag  DW_TAG_variable, DW_AT_name("lowPowerMode")
     128                      .dwattr $C$DW$11, DW_AT_TI_symbol_name("_lowPowerMode")
     129                      .dwattr $C$DW$11, DW_AT_type(*$C$DW$T$25)
     130                      .dwattr $C$DW$11, DW_AT_location[DW_OP_reg16]
     131                      .dwcfi  cfa_offset, -2
     132                      .dwcfi  save_reg_to_mem, 26, 0
     133                      .dwcfi  save_reg_to_reg, 78, 26
     134 00000012 88A9          MOVZ      AR6,AL                ; [CPU_] |129| 
     135 00000013 A8A9          MOVL      ACC,XAR4              ; [CPU_] |129| 
     136 00000014 7622   EALLOW
     137                      .dwpsn  file "D:/victor TI/Customer issue/Zero/4inOne/Code/sw/drivers/pwr/src/32b/f28x/f2802x/pwr.c",
     138 00000015 8F00          MOVL      XAR4,#26265           ; [CPU_U] |137| 
         00000016 6699 
     139 00000017 5601          ADDL      XAR4,ACC              ; [CPU_] |137| 
         00000018 00A4 
     140 00000019 18C4          AND       *+XAR4[0],#0xfffc     ; [CPU_] |137| 
         0000001a FFFC 
     141                      .dwpsn  file "D:/victor TI/Customer issue/Zero/4inOne/Code/sw/drivers/pwr/src/32b/f28x/f2802x/pwr.c",
     142 0000001b 8F00          MOVL      XAR4,#26265           ; [CPU_U] |140| 
         0000001c 6699 
     143 0000001d 5601          ADDL      XAR4,ACC              ; [CPU_] |140| 
         0000001e 00A4 
     144 0000001f 92A6          MOV       AL,AR6                ; [CPU_] |140| 
     145 00000020 98C4          OR        *+XAR4[0],AL          ; [CPU_] |140| 
     146 00000021 761A   EDIS
     147 00000022 FF69          SPM       #0                    ; [CPU_] 
     148              $C$DW$12        .dwtag  DW_TAG_TI_branch
     149                      .dwattr $C$DW$12, DW_AT_low_pc(0x00)
     150                      .dwattr $C$DW$12, DW_AT_TI_return
     151 00000023 0006          LRETR     ; [CPU_] 
     152                      ; return occurs ; [] 
     153                      .dwattr $C$DW$7, DW_AT_TI_end_file("D:/victor TI/Customer issue/Zero/4inOne/Code/sw/drivers/pwr/src/3
     154                      .dwattr $C$DW$7, DW_AT_TI_end_line(0x91)
     155                      .dwattr $C$DW$7, DW_AT_TI_end_column(0x01)
TMS320C2000 Assembler PC v6.2.3 Thu Jun 25 17:41:47 2015

Tools Copyright (c) 1996-2013 Texas Instruments Incorporated
C:\Users\a0220341\AppData\Local\Temp\0890011                         PAGE    4

     156                      .dwendentry
     157                      .dwendtag $C$DW$7
     158              
     159 00000024               .sect   ".text"
     160                      .global _PWR_init
     161              
     162              $C$DW$13        .dwtag  DW_TAG_subprogram, DW_AT_name("PWR_init")
     163                      .dwattr $C$DW$13, DW_AT_low_pc(_PWR_init)
     164                      .dwattr $C$DW$13, DW_AT_high_pc(0x00)
     165                      .dwattr $C$DW$13, DW_AT_TI_symbol_name("_PWR_init")
     166                      .dwattr $C$DW$13, DW_AT_external
     167                      .dwattr $C$DW$13, DW_AT_type(*$C$DW$T$31)
     168                      .dwattr $C$DW$13, DW_AT_TI_begin_file("D:/victor TI/Customer issue/Zero/4inOne/Code/sw/drivers/pwr/sr
     169                      .dwattr $C$DW$13, DW_AT_TI_begin_line(0x71)
     170                      .dwattr $C$DW$13, DW_AT_TI_begin_column(0x0c)
     171                      .dwattr $C$DW$13, DW_AT_TI_max_frame_size(-2)
     172                      .dwpsn  file "D:/victor TI/Customer issue/Zero/4inOne/Code/sw/drivers/pwr/src/32b/f28x/f2802x/pwr.c",
     173              
     174                      .dwfde $C$DW$CIE, _PWR_init
     175              $C$DW$14        .dwtag  DW_TAG_formal_parameter, DW_AT_name("pMemory")
     176                      .dwattr $C$DW$14, DW_AT_TI_symbol_name("_pMemory")
     177                      .dwattr $C$DW$14, DW_AT_type(*$C$DW$T$3)
     178                      .dwattr $C$DW$14, DW_AT_location[DW_OP_reg12]
     179              $C$DW$15        .dwtag  DW_TAG_formal_parameter, DW_AT_name("numBytes")
     180                      .dwattr $C$DW$15, DW_AT_TI_symbol_name("_numBytes")
     181                      .dwattr $C$DW$15, DW_AT_type(*$C$DW$T$34)
     182                      .dwattr $C$DW$15, DW_AT_location[DW_OP_reg0]
     183              
     184              ;***************************************************************
     185              ;* FNAME: _PWR_init                     FR SIZE:   0           *
     186              ;*                                                             *
     187              ;* FUNCTION ENVIRONMENT                                        *
     188              ;*                                                             *
     189              ;* FUNCTION PROPERTIES                                         *
     190              ;*                            0 Parameter,  0 Auto,  0 SOE     *
     191              ;***************************************************************
     192              
     193              _PWR_init:
     194              ;* AR6   assigned to _numBytes
     195              $C$DW$16        .dwtag  DW_TAG_variable, DW_AT_name("numBytes")
     196                      .dwattr $C$DW$16, DW_AT_TI_symbol_name("_numBytes")
     197                      .dwattr $C$DW$16, DW_AT_type(*$C$DW$T$34)
     198                      .dwattr $C$DW$16, DW_AT_location[DW_OP_reg16]
     199              ;* AR4   assigned to _pMemory
     200              $C$DW$17        .dwtag  DW_TAG_variable, DW_AT_name("pMemory")
     201                      .dwattr $C$DW$17, DW_AT_TI_symbol_name("_pMemory")
     202                      .dwattr $C$DW$17, DW_AT_type(*$C$DW$T$38)
     203                      .dwattr $C$DW$17, DW_AT_location[DW_OP_reg12]
     204                      .dwcfi  cfa_offset, -2
     205                      .dwcfi  save_reg_to_mem, 26, 0
     206                      .dwcfi  save_reg_to_reg, 78, 26
     207 00000024 1EA6          MOVL      XAR6,ACC              ; [CPU_] |114| 
     208                      .dwpsn  file "D:/victor TI/Customer issue/Zero/4inOne/Code/sw/drivers/pwr/src/32b/f28x/f2802x/pwr.c",
     209 00000025 FF20          MOV       ACC,#26266            ; [CPU_] |119| 
         00000026 669A 
TMS320C2000 Assembler PC v6.2.3 Thu Jun 25 17:41:47 2015

Tools Copyright (c) 1996-2013 Texas Instruments Incorporated
C:\Users\a0220341\AppData\Local\Temp\0890011                         PAGE    5

     210 00000027 0FA6          CMPL      ACC,XAR6              ; [CPU_] |119| 
     211 00000028 6902          B         $C$L1,LOS             ; [CPU_] |119| 
     212                      ; branchcc occurs ; [] |119| 
     213 00000029 D400          MOVB      XAR4,#0               ; [CPU_] |119| 
     214              $C$L1:    
     215              $C$DW$18        .dwtag  DW_TAG_TI_branch
     216                      .dwattr $C$DW$18, DW_AT_low_pc(0x00)
     217                      .dwattr $C$DW$18, DW_AT_TI_return
     218 0000002a 0006          LRETR     ; [CPU_] 
     219                      ; return occurs ; [] 
     220                      .dwattr $C$DW$13, DW_AT_TI_end_file("D:/victor TI/Customer issue/Zero/4inOne/Code/sw/drivers/pwr/src/
     221                      .dwattr $C$DW$13, DW_AT_TI_end_line(0x7d)
     222                      .dwattr $C$DW$13, DW_AT_TI_end_column(0x01)
     223                      .dwendentry
     224                      .dwendtag $C$DW$13
     225              
     226 0000002b               .sect   ".text"
     227                      .global _PWR_enableWatchDogInt
     228              
     229              $C$DW$19        .dwtag  DW_TAG_subprogram, DW_AT_name("PWR_enableWatchDogInt")
     230                      .dwattr $C$DW$19, DW_AT_low_pc(_PWR_enableWatchDogInt)
     231                      .dwattr $C$DW$19, DW_AT_high_pc(0x00)
     232                      .dwattr $C$DW$19, DW_AT_TI_symbol_name("_PWR_enableWatchDogInt")
     233                      .dwattr $C$DW$19, DW_AT_external
     234                      .dwattr $C$DW$19, DW_AT_TI_begin_file("D:/victor TI/Customer issue/Zero/4inOne/Code/sw/drivers/pwr/sr
     235                      .dwattr $C$DW$19, DW_AT_TI_begin_line(0x61)
     236                      .dwattr $C$DW$19, DW_AT_TI_begin_column(0x06)
     237                      .dwattr $C$DW$19, DW_AT_TI_max_frame_size(-2)
     238                      .dwpsn  file "D:/victor TI/Customer issue/Zero/4inOne/Code/sw/drivers/pwr/src/32b/f28x/f2802x/pwr.c",
     239              
     240                      .dwfde $C$DW$CIE, _PWR_enableWatchDogInt
     241              $C$DW$20        .dwtag  DW_TAG_formal_parameter, DW_AT_name("pwrHandle")
     242                      .dwattr $C$DW$20, DW_AT_TI_symbol_name("_pwrHandle")
     243                      .dwattr $C$DW$20, DW_AT_type(*$C$DW$T$31)
     244                      .dwattr $C$DW$20, DW_AT_location[DW_OP_reg12]
     245              
     246              ;***************************************************************
     247              ;* FNAME: _PWR_enableWatchDogInt        FR SIZE:   0           *
     248              ;*                                                             *
     249              ;* FUNCTION ENVIRONMENT                                        *
     250              ;*                                                             *
     251              ;* FUNCTION PROPERTIES                                         *
     252              ;*                            0 Parameter,  0 Auto,  0 SOE     *
     253              ;***************************************************************
     254              
     255              _PWR_enableWatchDogInt:
     256              ;* AL    assigned to _pwrHandle
     257              $C$DW$21        .dwtag  DW_TAG_variable, DW_AT_name("pwrHandle")
     258                      .dwattr $C$DW$21, DW_AT_TI_symbol_name("_pwrHandle")
     259                      .dwattr $C$DW$21, DW_AT_type(*$C$DW$T$32)
     260                      .dwattr $C$DW$21, DW_AT_location[DW_OP_reg0]
     261                      .dwcfi  cfa_offset, -2
     262                      .dwcfi  save_reg_to_mem, 26, 0
     263                      .dwcfi  save_reg_to_reg, 78, 26
     264 0000002b A8A9          MOVL      ACC,XAR4              ; [CPU_] |98| 
TMS320C2000 Assembler PC v6.2.3 Thu Jun 25 17:41:47 2015

Tools Copyright (c) 1996-2013 Texas Instruments Incorporated
C:\Users\a0220341\AppData\Local\Temp\0890011                         PAGE    6

     265 0000002c 7622   EALLOW
     266                      .dwpsn  file "D:/victor TI/Customer issue/Zero/4inOne/Code/sw/drivers/pwr/src/32b/f28x/f2802x/pwr.c",
     267 0000002d 8F00          MOVL      XAR4,#26265           ; [CPU_U] |105| 
         0000002e 6699 
     268 0000002f 5601          ADDL      XAR4,ACC              ; [CPU_] |105| 
         00000030 00A4 
     269 00000031 1AC4          OR        *+XAR4[0],#0x8000     ; [CPU_] |105| 
         00000032 8000 
     270 00000033 761A   EDIS
     271 00000034 FF69          SPM       #0                    ; [CPU_] 
     272              $C$DW$22        .dwtag  DW_TAG_TI_branch
     273                      .dwattr $C$DW$22, DW_AT_low_pc(0x00)
     274                      .dwattr $C$DW$22, DW_AT_TI_return
     275 00000035 0006          LRETR     ; [CPU_] 
     276                      ; return occurs ; [] 
     277                      .dwattr $C$DW$19, DW_AT_TI_end_file("D:/victor TI/Customer issue/Zero/4inOne/Code/sw/drivers/pwr/src/
     278                      .dwattr $C$DW$19, DW_AT_TI_end_line(0x6e)
     279                      .dwattr $C$DW$19, DW_AT_TI_end_column(0x01)
     280                      .dwendentry
     281                      .dwendtag $C$DW$19
     282              
     283 00000036               .sect   ".text"
     284                      .global _PWR_enableBrownOutReset
     285              
     286              $C$DW$23        .dwtag  DW_TAG_subprogram, DW_AT_name("PWR_enableBrownOutReset")
     287                      .dwattr $C$DW$23, DW_AT_low_pc(_PWR_enableBrownOutReset)
     288                      .dwattr $C$DW$23, DW_AT_high_pc(0x00)
     289                      .dwattr $C$DW$23, DW_AT_TI_symbol_name("_PWR_enableBrownOutReset")
     290                      .dwattr $C$DW$23, DW_AT_external
     291                      .dwattr $C$DW$23, DW_AT_TI_begin_file("D:/victor TI/Customer issue/Zero/4inOne/Code/sw/drivers/pwr/sr
     292                      .dwattr $C$DW$23, DW_AT_TI_begin_line(0x55)
     293                      .dwattr $C$DW$23, DW_AT_TI_begin_column(0x06)
     294                      .dwattr $C$DW$23, DW_AT_TI_max_frame_size(-2)
     295                      .dwpsn  file "D:/victor TI/Customer issue/Zero/4inOne/Code/sw/drivers/pwr/src/32b/f28x/f2802x/pwr.c",
     296              
     297                      .dwfde $C$DW$CIE, _PWR_enableBrownOutReset
     298              $C$DW$24        .dwtag  DW_TAG_formal_parameter, DW_AT_name("pwrHandle")
     299                      .dwattr $C$DW$24, DW_AT_TI_symbol_name("_pwrHandle")
     300                      .dwattr $C$DW$24, DW_AT_type(*$C$DW$T$31)
     301                      .dwattr $C$DW$24, DW_AT_location[DW_OP_reg12]
     302              
     303              ;***************************************************************
     304              ;* FNAME: _PWR_enableBrownOutReset      FR SIZE:   0           *
     305              ;*                                                             *
     306              ;* FUNCTION ENVIRONMENT                                        *
     307              ;*                                                             *
     308              ;* FUNCTION PROPERTIES                                         *
     309              ;*                            0 Parameter,  0 Auto,  0 SOE     *
     310              ;***************************************************************
     311              
     312              _PWR_enableBrownOutReset:
     313              ;* AR4   assigned to _pwrHandle
     314              $C$DW$25        .dwtag  DW_TAG_variable, DW_AT_name("pwrHandle")
     315                      .dwattr $C$DW$25, DW_AT_TI_symbol_name("_pwrHandle")
     316                      .dwattr $C$DW$25, DW_AT_type(*$C$DW$T$32)
TMS320C2000 Assembler PC v6.2.3 Thu Jun 25 17:41:47 2015

Tools Copyright (c) 1996-2013 Texas Instruments Incorporated
C:\Users\a0220341\AppData\Local\Temp\0890011                         PAGE    7

     317                      .dwattr $C$DW$25, DW_AT_location[DW_OP_reg12]
     318                      .dwcfi  cfa_offset, -2
     319                      .dwcfi  save_reg_to_mem, 26, 0
     320                      .dwcfi  save_reg_to_reg, 78, 26
     321                      .dwpsn  file "D:/victor TI/Customer issue/Zero/4inOne/Code/sw/drivers/pwr/src/32b/f28x/f2802x/pwr.c",
     322 00000036 18C4          AND       *+XAR4[0],#0xfffe     ; [CPU_] |91| 
         00000037 FFFE 
     323              $C$DW$26        .dwtag  DW_TAG_TI_branch
     324                      .dwattr $C$DW$26, DW_AT_low_pc(0x00)
     325                      .dwattr $C$DW$26, DW_AT_TI_return
     326 00000038 0006          LRETR     ; [CPU_] 
     327                      ; return occurs ; [] 
     328                      .dwattr $C$DW$23, DW_AT_TI_end_file("D:/victor TI/Customer issue/Zero/4inOne/Code/sw/drivers/pwr/src/
     329                      .dwattr $C$DW$23, DW_AT_TI_end_line(0x5e)
     330                      .dwattr $C$DW$23, DW_AT_TI_end_column(0x01)
     331                      .dwendentry
     332                      .dwendtag $C$DW$23
     333              
     334 00000039               .sect   ".text"
     335                      .global _PWR_disableWatchDogInt
     336              
     337              $C$DW$27        .dwtag  DW_TAG_subprogram, DW_AT_name("PWR_disableWatchDogInt")
     338                      .dwattr $C$DW$27, DW_AT_low_pc(_PWR_disableWatchDogInt)
     339                      .dwattr $C$DW$27, DW_AT_high_pc(0x00)
     340                      .dwattr $C$DW$27, DW_AT_TI_symbol_name("_PWR_disableWatchDogInt")
     341                      .dwattr $C$DW$27, DW_AT_external
     342                      .dwattr $C$DW$27, DW_AT_TI_begin_file("D:/victor TI/Customer issue/Zero/4inOne/Code/sw/drivers/pwr/sr
     343                      .dwattr $C$DW$27, DW_AT_TI_begin_line(0x45)
     344                      .dwattr $C$DW$27, DW_AT_TI_begin_column(0x06)
     345                      .dwattr $C$DW$27, DW_AT_TI_max_frame_size(-2)
     346                      .dwpsn  file "D:/victor TI/Customer issue/Zero/4inOne/Code/sw/drivers/pwr/src/32b/f28x/f2802x/pwr.c",
     347              
     348                      .dwfde $C$DW$CIE, _PWR_disableWatchDogInt
     349              $C$DW$28        .dwtag  DW_TAG_formal_parameter, DW_AT_name("pwrHandle")
     350                      .dwattr $C$DW$28, DW_AT_TI_symbol_name("_pwrHandle")
     351                      .dwattr $C$DW$28, DW_AT_type(*$C$DW$T$31)
     352                      .dwattr $C$DW$28, DW_AT_location[DW_OP_reg12]
     353              
     354              ;***************************************************************
     355              ;* FNAME: _PWR_disableWatchDogInt       FR SIZE:   0           *
     356              ;*                                                             *
     357              ;* FUNCTION ENVIRONMENT                                        *
     358              ;*                                                             *
     359              ;* FUNCTION PROPERTIES                                         *
     360              ;*                            0 Parameter,  0 Auto,  0 SOE     *
     361              ;***************************************************************
     362              
     363              _PWR_disableWatchDogInt:
     364              ;* AL    assigned to _pwrHandle
     365              $C$DW$29        .dwtag  DW_TAG_variable, DW_AT_name("pwrHandle")
     366                      .dwattr $C$DW$29, DW_AT_TI_symbol_name("_pwrHandle")
     367                      .dwattr $C$DW$29, DW_AT_type(*$C$DW$T$32)
     368                      .dwattr $C$DW$29, DW_AT_location[DW_OP_reg0]
     369                      .dwcfi  cfa_offset, -2
     370                      .dwcfi  save_reg_to_mem, 26, 0
TMS320C2000 Assembler PC v6.2.3 Thu Jun 25 17:41:47 2015

Tools Copyright (c) 1996-2013 Texas Instruments Incorporated
C:\Users\a0220341\AppData\Local\Temp\0890011                         PAGE    8

     371                      .dwcfi  save_reg_to_reg, 78, 26
     372 00000039 A8A9          MOVL      ACC,XAR4              ; [CPU_] |70| 
     373 0000003a 7622   EALLOW
     374                      .dwpsn  file "D:/victor TI/Customer issue/Zero/4inOne/Code/sw/drivers/pwr/src/32b/f28x/f2802x/pwr.c",
     375 0000003b 8F00          MOVL      XAR4,#26265           ; [CPU_U] |77| 
         0000003c 6699 
     376 0000003d 5601          ADDL      XAR4,ACC              ; [CPU_] |77| 
         0000003e 00A4 
     377 0000003f 18C4          AND       *+XAR4[0],#0x7fff     ; [CPU_] |77| 
         00000040 7FFF 
     378 00000041 761A   EDIS
     379 00000042 FF69          SPM       #0                    ; [CPU_] 
     380              $C$DW$30        .dwtag  DW_TAG_TI_branch
     381                      .dwattr $C$DW$30, DW_AT_low_pc(0x00)
     382                      .dwattr $C$DW$30, DW_AT_TI_return
     383 00000043 0006          LRETR     ; [CPU_] 
     384                      ; return occurs ; [] 
     385                      .dwattr $C$DW$27, DW_AT_TI_end_file("D:/victor TI/Customer issue/Zero/4inOne/Code/sw/drivers/pwr/src/
     386                      .dwattr $C$DW$27, DW_AT_TI_end_line(0x52)
     387                      .dwattr $C$DW$27, DW_AT_TI_end_column(0x01)
     388                      .dwendentry
     389                      .dwendtag $C$DW$27
     390              
     391 00000044               .sect   ".text"
     392                      .global _PWR_disableBrownOutReset
     393              
     394              $C$DW$31        .dwtag  DW_TAG_subprogram, DW_AT_name("PWR_disableBrownOutReset")
     395                      .dwattr $C$DW$31, DW_AT_low_pc(_PWR_disableBrownOutReset)
     396                      .dwattr $C$DW$31, DW_AT_high_pc(0x00)
     397                      .dwattr $C$DW$31, DW_AT_TI_symbol_name("_PWR_disableBrownOutReset")
     398                      .dwattr $C$DW$31, DW_AT_external
     399                      .dwattr $C$DW$31, DW_AT_TI_begin_file("D:/victor TI/Customer issue/Zero/4inOne/Code/sw/drivers/pwr/sr
     400                      .dwattr $C$DW$31, DW_AT_TI_begin_line(0x39)
     401                      .dwattr $C$DW$31, DW_AT_TI_begin_column(0x06)
     402                      .dwattr $C$DW$31, DW_AT_TI_max_frame_size(-2)
     403                      .dwpsn  file "D:/victor TI/Customer issue/Zero/4inOne/Code/sw/drivers/pwr/src/32b/f28x/f2802x/pwr.c",
     404              
     405                      .dwfde $C$DW$CIE, _PWR_disableBrownOutReset
     406              $C$DW$32        .dwtag  DW_TAG_formal_parameter, DW_AT_name("pwrHandle")
     407                      .dwattr $C$DW$32, DW_AT_TI_symbol_name("_pwrHandle")
     408                      .dwattr $C$DW$32, DW_AT_type(*$C$DW$T$31)
     409                      .dwattr $C$DW$32, DW_AT_location[DW_OP_reg12]
     410              
     411              ;***************************************************************
     412              ;* FNAME: _PWR_disableBrownOutReset     FR SIZE:   0           *
     413              ;*                                                             *
     414              ;* FUNCTION ENVIRONMENT                                        *
     415              ;*                                                             *
     416              ;* FUNCTION PROPERTIES                                         *
     417              ;*                            0 Parameter,  0 Auto,  0 SOE     *
     418              ;***************************************************************
     419              
     420              _PWR_disableBrownOutReset:
     421              ;* AR4   assigned to _pwrHandle
     422              $C$DW$33        .dwtag  DW_TAG_variable, DW_AT_name("pwrHandle")
TMS320C2000 Assembler PC v6.2.3 Thu Jun 25 17:41:47 2015

Tools Copyright (c) 1996-2013 Texas Instruments Incorporated
C:\Users\a0220341\AppData\Local\Temp\0890011                         PAGE    9

     423                      .dwattr $C$DW$33, DW_AT_TI_symbol_name("_pwrHandle")
     424                      .dwattr $C$DW$33, DW_AT_type(*$C$DW$T$32)
     425                      .dwattr $C$DW$33, DW_AT_location[DW_OP_reg12]
     426                      .dwcfi  cfa_offset, -2
     427                      .dwcfi  save_reg_to_mem, 26, 0
     428                      .dwcfi  save_reg_to_reg, 78, 26
     429                      .dwpsn  file "D:/victor TI/Customer issue/Zero/4inOne/Code/sw/drivers/pwr/src/32b/f28x/f2802x/pwr.c",
     430 00000044 1AC4          OR        *+XAR4[0],#0x0001     ; [CPU_] |63| 
         00000045 0001 
     431              $C$DW$34        .dwtag  DW_TAG_TI_branch
     432                      .dwattr $C$DW$34, DW_AT_low_pc(0x00)
     433                      .dwattr $C$DW$34, DW_AT_TI_return
     434 00000046 0006          LRETR     ; [CPU_] 
     435                      ; return occurs ; [] 
     436                      .dwattr $C$DW$31, DW_AT_TI_end_file("D:/victor TI/Customer issue/Zero/4inOne/Code/sw/drivers/pwr/src/
     437                      .dwattr $C$DW$31, DW_AT_TI_end_line(0x42)
     438                      .dwattr $C$DW$31, DW_AT_TI_end_column(0x01)
     439                      .dwendentry
     440                      .dwendtag $C$DW$31
     441              
     442              
     443              ;***************************************************************
     444              ;* TYPE INFORMATION                                            *
     445              ;***************************************************************
     446              
     447              $C$DW$T$23      .dwtag  DW_TAG_enumeration_type
     448                      .dwattr $C$DW$T$23, DW_AT_byte_size(0x01)
     449              $C$DW$35        .dwtag  DW_TAG_enumerator, DW_AT_name("PWR_LowPowerMode_Idle"), DW_AT_const_value(0x00)
     450              $C$DW$36        .dwtag  DW_TAG_enumerator, DW_AT_name("PWR_LowPowerMode_Standby"), DW_AT_const_value(0x01)
     451              $C$DW$37        .dwtag  DW_TAG_enumerator, DW_AT_name("PWR_LowPowerMode_Halt"), DW_AT_const_value(0x02)
     452                      .dwendtag $C$DW$T$23
     453              
     454              $C$DW$T$24      .dwtag  DW_TAG_typedef, DW_AT_name("PWR_LowPowerMode_e")
     455                      .dwattr $C$DW$T$24, DW_AT_type(*$C$DW$T$23)
     456                      .dwattr $C$DW$T$24, DW_AT_language(DW_LANG_C)
     457              $C$DW$38        .dwtag  DW_TAG_TI_far_type
     458                      .dwattr $C$DW$38, DW_AT_type(*$C$DW$T$24)
     459              $C$DW$T$25      .dwtag  DW_TAG_const_type
     460                      .dwattr $C$DW$T$25, DW_AT_type(*$C$DW$38)
     461              
     462              $C$DW$T$26      .dwtag  DW_TAG_enumeration_type
     463                      .dwattr $C$DW$T$26, DW_AT_byte_size(0x01)
     464              $C$DW$39        .dwtag  DW_TAG_enumerator, DW_AT_name("PWR_NumStandByClocks_2"), DW_AT_const_value(0x00)
     465              $C$DW$40        .dwtag  DW_TAG_enumerator, DW_AT_name("PWR_NumStandByClocks_3"), DW_AT_const_value(0x04)
     466              $C$DW$41        .dwtag  DW_TAG_enumerator, DW_AT_name("PWR_NumStandByClocks_4"), DW_AT_const_value(0x08)
     467              $C$DW$42        .dwtag  DW_TAG_enumerator, DW_AT_name("PWR_NumStandByClocks_5"), DW_AT_const_value(0x0c)
     468              $C$DW$43        .dwtag  DW_TAG_enumerator, DW_AT_name("PWR_NumStandByClocks_6"), DW_AT_const_value(0x10)
     469              $C$DW$44        .dwtag  DW_TAG_enumerator, DW_AT_name("PWR_NumStandByClocks_7"), DW_AT_const_value(0x14)
     470              $C$DW$45        .dwtag  DW_TAG_enumerator, DW_AT_name("PWR_NumStandByClocks_8"), DW_AT_const_value(0x18)
     471              $C$DW$46        .dwtag  DW_TAG_enumerator, DW_AT_name("PWR_NumStandByClocks_9"), DW_AT_const_value(0x1c)
     472              $C$DW$47        .dwtag  DW_TAG_enumerator, DW_AT_name("PWR_NumStandByClocks_10"), DW_AT_const_value(0x20)
     473              $C$DW$48        .dwtag  DW_TAG_enumerator, DW_AT_name("PWR_NumStandByClocks_11"), DW_AT_const_value(0x24)
     474              $C$DW$49        .dwtag  DW_TAG_enumerator, DW_AT_name("PWR_NumStandByClocks_12"), DW_AT_const_value(0x28)
     475              $C$DW$50        .dwtag  DW_TAG_enumerator, DW_AT_name("PWR_NumStandByClocks_13"), DW_AT_const_value(0x2c)
     476              $C$DW$51        .dwtag  DW_TAG_enumerator, DW_AT_name("PWR_NumStandByClocks_14"), DW_AT_const_value(0x30)
TMS320C2000 Assembler PC v6.2.3 Thu Jun 25 17:41:47 2015

Tools Copyright (c) 1996-2013 Texas Instruments Incorporated
C:\Users\a0220341\AppData\Local\Temp\0890011                         PAGE   10

     477              $C$DW$52        .dwtag  DW_TAG_enumerator, DW_AT_name("PWR_NumStandByClocks_15"), DW_AT_const_value(0x34)
     478              $C$DW$53        .dwtag  DW_TAG_enumerator, DW_AT_name("PWR_NumStandByClocks_16"), DW_AT_const_value(0x38)
     479              $C$DW$54        .dwtag  DW_TAG_enumerator, DW_AT_name("PWR_NumStandByClocks_17"), DW_AT_const_value(0x3c)
     480              $C$DW$55        .dwtag  DW_TAG_enumerator, DW_AT_name("PWR_NumStandByClocks_18"), DW_AT_const_value(0x40)
     481              $C$DW$56        .dwtag  DW_TAG_enumerator, DW_AT_name("PWR_NumStandByClocks_19"), DW_AT_const_value(0x44)
     482              $C$DW$57        .dwtag  DW_TAG_enumerator, DW_AT_name("PWR_NumStandByClocks_20"), DW_AT_const_value(0x48)
     483              $C$DW$58        .dwtag  DW_TAG_enumerator, DW_AT_name("PWR_NumStandByClocks_21"), DW_AT_const_value(0x4c)
     484              $C$DW$59        .dwtag  DW_TAG_enumerator, DW_AT_name("PWR_NumStandByClocks_22"), DW_AT_const_value(0x50)
     485              $C$DW$60        .dwtag  DW_TAG_enumerator, DW_AT_name("PWR_NumStandByClocks_23"), DW_AT_const_value(0x54)
     486              $C$DW$61        .dwtag  DW_TAG_enumerator, DW_AT_name("PWR_NumStandByClocks_24"), DW_AT_const_value(0x58)
     487              $C$DW$62        .dwtag  DW_TAG_enumerator, DW_AT_name("PWR_NumStandByClocks_25"), DW_AT_const_value(0x5c)
     488              $C$DW$63        .dwtag  DW_TAG_enumerator, DW_AT_name("PWR_NumStandByClocks_26"), DW_AT_const_value(0x60)
     489              $C$DW$64        .dwtag  DW_TAG_enumerator, DW_AT_name("PWR_NumStandByClocks_27"), DW_AT_const_value(0x64)
     490              $C$DW$65        .dwtag  DW_TAG_enumerator, DW_AT_name("PWR_NumStandByClocks_28"), DW_AT_const_value(0x68)
     491              $C$DW$66        .dwtag  DW_TAG_enumerator, DW_AT_name("PWR_NumStandByClocks_29"), DW_AT_const_value(0x6c)
     492              $C$DW$67        .dwtag  DW_TAG_enumerator, DW_AT_name("PWR_NumStandByClocks_30"), DW_AT_const_value(0x70)
     493              $C$DW$68        .dwtag  DW_TAG_enumerator, DW_AT_name("PWR_NumStandByClocks_31"), DW_AT_const_value(0x74)
     494              $C$DW$69        .dwtag  DW_TAG_enumerator, DW_AT_name("PWR_NumStandByClocks_32"), DW_AT_const_value(0x78)
     495              $C$DW$70        .dwtag  DW_TAG_enumerator, DW_AT_name("PWR_NumStandByClocks_33"), DW_AT_const_value(0x7c)
     496              $C$DW$71        .dwtag  DW_TAG_enumerator, DW_AT_name("PWR_NumStandByClocks_34"), DW_AT_const_value(0x80)
     497              $C$DW$72        .dwtag  DW_TAG_enumerator, DW_AT_name("PWR_NumStandByClocks_35"), DW_AT_const_value(0x84)
     498              $C$DW$73        .dwtag  DW_TAG_enumerator, DW_AT_name("PWR_NumStandByClocks_36"), DW_AT_const_value(0x88)
     499              $C$DW$74        .dwtag  DW_TAG_enumerator, DW_AT_name("PWR_NumStandByClocks_37"), DW_AT_const_value(0x8c)
     500              $C$DW$75        .dwtag  DW_TAG_enumerator, DW_AT_name("PWR_NumStandByClocks_38"), DW_AT_const_value(0x90)
     501              $C$DW$76        .dwtag  DW_TAG_enumerator, DW_AT_name("PWR_NumStandByClocks_39"), DW_AT_const_value(0x94)
     502              $C$DW$77        .dwtag  DW_TAG_enumerator, DW_AT_name("PWR_NumStandByClocks_40"), DW_AT_const_value(0x98)
     503              $C$DW$78        .dwtag  DW_TAG_enumerator, DW_AT_name("PWR_NumStandByClocks_41"), DW_AT_const_value(0x9c)
     504              $C$DW$79        .dwtag  DW_TAG_enumerator, DW_AT_name("PWR_NumStandByClocks_42"), DW_AT_const_value(0xa0)
     505              $C$DW$80        .dwtag  DW_TAG_enumerator, DW_AT_name("PWR_NumStandByClocks_43"), DW_AT_const_value(0xa4)
     506              $C$DW$81        .dwtag  DW_TAG_enumerator, DW_AT_name("PWR_NumStandByClocks_44"), DW_AT_const_value(0xa8)
     507              $C$DW$82        .dwtag  DW_TAG_enumerator, DW_AT_name("PWR_NumStandByClocks_45"), DW_AT_const_value(0xac)
     508              $C$DW$83        .dwtag  DW_TAG_enumerator, DW_AT_name("PWR_NumStandByClocks_46"), DW_AT_const_value(0xb0)
     509              $C$DW$84        .dwtag  DW_TAG_enumerator, DW_AT_name("PWR_NumStandByClocks_47"), DW_AT_const_value(0xb4)
     510              $C$DW$85        .dwtag  DW_TAG_enumerator, DW_AT_name("PWR_NumStandByClocks_48"), DW_AT_const_value(0xb8)
     511              $C$DW$86        .dwtag  DW_TAG_enumerator, DW_AT_name("PWR_NumStandByClocks_49"), DW_AT_const_value(0xbc)
     512              $C$DW$87        .dwtag  DW_TAG_enumerator, DW_AT_name("PWR_NumStandByClocks_50"), DW_AT_const_value(0xc0)
     513              $C$DW$88        .dwtag  DW_TAG_enumerator, DW_AT_name("PWR_NumStandByClocks_51"), DW_AT_const_value(0xc4)
     514              $C$DW$89        .dwtag  DW_TAG_enumerator, DW_AT_name("PWR_NumStandByClocks_52"), DW_AT_const_value(0xc8)
     515              $C$DW$90        .dwtag  DW_TAG_enumerator, DW_AT_name("PWR_NumStandByClocks_53"), DW_AT_const_value(0xcc)
     516              $C$DW$91        .dwtag  DW_TAG_enumerator, DW_AT_name("PWR_NumStandByClocks_54"), DW_AT_const_value(0xd0)
     517              $C$DW$92        .dwtag  DW_TAG_enumerator, DW_AT_name("PWR_NumStandByClocks_55"), DW_AT_const_value(0xd4)
     518              $C$DW$93        .dwtag  DW_TAG_enumerator, DW_AT_name("PWR_NumStandByClocks_56"), DW_AT_const_value(0xd8)
     519              $C$DW$94        .dwtag  DW_TAG_enumerator, DW_AT_name("PWR_NumStandByClocks_57"), DW_AT_const_value(0xdc)
     520              $C$DW$95        .dwtag  DW_TAG_enumerator, DW_AT_name("PWR_NumStandByClocks_58"), DW_AT_const_value(0xe0)
     521              $C$DW$96        .dwtag  DW_TAG_enumerator, DW_AT_name("PWR_NumStandByClocks_59"), DW_AT_const_value(0xe4)
     522              $C$DW$97        .dwtag  DW_TAG_enumerator, DW_AT_name("PWR_NumStandByClocks_60"), DW_AT_const_value(0xe8)
     523              $C$DW$98        .dwtag  DW_TAG_enumerator, DW_AT_name("PWR_NumStandByClocks_61"), DW_AT_const_value(0xec)
     524              $C$DW$99        .dwtag  DW_TAG_enumerator, DW_AT_name("PWR_NumStandByClocks_62"), DW_AT_const_value(0xf0)
     525              $C$DW$100       .dwtag  DW_TAG_enumerator, DW_AT_name("PWR_NumStandByClocks_63"), DW_AT_const_value(0xf4)
     526              $C$DW$101       .dwtag  DW_TAG_enumerator, DW_AT_name("PWR_NumStandByClocks_64"), DW_AT_const_value(0xf8)
     527              $C$DW$102       .dwtag  DW_TAG_enumerator, DW_AT_name("PWR_NumStandByClocks_65"), DW_AT_const_value(0xfc)
     528                      .dwendtag $C$DW$T$26
     529              
     530              $C$DW$T$27      .dwtag  DW_TAG_typedef, DW_AT_name("PWR_NumStandByClocks_e")
     531                      .dwattr $C$DW$T$27, DW_AT_type(*$C$DW$T$26)
TMS320C2000 Assembler PC v6.2.3 Thu Jun 25 17:41:47 2015

Tools Copyright (c) 1996-2013 Texas Instruments Incorporated
C:\Users\a0220341\AppData\Local\Temp\0890011                         PAGE   11

     532                      .dwattr $C$DW$T$27, DW_AT_language(DW_LANG_C)
     533              $C$DW$103       .dwtag  DW_TAG_TI_far_type
     534                      .dwattr $C$DW$103, DW_AT_type(*$C$DW$T$27)
     535              $C$DW$T$28      .dwtag  DW_TAG_const_type
     536                      .dwattr $C$DW$T$28, DW_AT_type(*$C$DW$103)
     537              
     538              $C$DW$T$22      .dwtag  DW_TAG_structure_type
     539                      .dwattr $C$DW$T$22, DW_AT_name("_PWR_Obj_")
     540                      .dwattr $C$DW$T$22, DW_AT_byte_size(0x669a)
     541              $C$DW$104       .dwtag  DW_TAG_member
     542                      .dwattr $C$DW$104, DW_AT_type(*$C$DW$T$20)
     543                      .dwattr $C$DW$104, DW_AT_name("BORCFG")
     544                      .dwattr $C$DW$104, DW_AT_TI_symbol_name("_BORCFG")
     545                      .dwattr $C$DW$104, DW_AT_data_member_location[DW_OP_plus_uconst 0x0]
     546                      .dwattr $C$DW$104, DW_AT_accessibility(DW_ACCESS_public)
     547              $C$DW$105       .dwtag  DW_TAG_member
     548                      .dwattr $C$DW$105, DW_AT_type(*$C$DW$T$21)
     549                      .dwattr $C$DW$105, DW_AT_name("rsvd_1")
     550                      .dwattr $C$DW$105, DW_AT_TI_symbol_name("_rsvd_1")
     551                      .dwattr $C$DW$105, DW_AT_data_member_location[DW_OP_plus_uconst 0x1]
     552                      .dwattr $C$DW$105, DW_AT_accessibility(DW_ACCESS_public)
     553              $C$DW$106       .dwtag  DW_TAG_member
     554                      .dwattr $C$DW$106, DW_AT_type(*$C$DW$T$20)
     555                      .dwattr $C$DW$106, DW_AT_name("LPMCR0")
     556                      .dwattr $C$DW$106, DW_AT_TI_symbol_name("_LPMCR0")
     557                      .dwattr $C$DW$106, DW_AT_data_member_location[DW_OP_plus_uconst 0x6699]
     558                      .dwattr $C$DW$106, DW_AT_accessibility(DW_ACCESS_public)
     559                      .dwendtag $C$DW$T$22
     560              
     561              $C$DW$T$29      .dwtag  DW_TAG_typedef, DW_AT_name("PWR_Obj")
     562                      .dwattr $C$DW$T$29, DW_AT_type(*$C$DW$T$22)
     563                      .dwattr $C$DW$T$29, DW_AT_language(DW_LANG_C)
     564              $C$DW$T$30      .dwtag  DW_TAG_pointer_type
     565                      .dwattr $C$DW$T$30, DW_AT_type(*$C$DW$T$22)
     566                      .dwattr $C$DW$T$30, DW_AT_address_class(0x16)
     567              $C$DW$T$31      .dwtag  DW_TAG_typedef, DW_AT_name("PWR_Handle")
     568                      .dwattr $C$DW$T$31, DW_AT_type(*$C$DW$T$30)
     569                      .dwattr $C$DW$T$31, DW_AT_language(DW_LANG_C)
     570              $C$DW$107       .dwtag  DW_TAG_TI_far_type
     571                      .dwattr $C$DW$107, DW_AT_type(*$C$DW$T$31)
     572              $C$DW$T$32      .dwtag  DW_TAG_const_type
     573                      .dwattr $C$DW$T$32, DW_AT_type(*$C$DW$107)
     574              $C$DW$T$3       .dwtag  DW_TAG_pointer_type
     575                      .dwattr $C$DW$T$3, DW_AT_address_class(0x16)
     576              $C$DW$108       .dwtag  DW_TAG_TI_far_type
     577                      .dwattr $C$DW$108, DW_AT_type(*$C$DW$T$3)
     578              $C$DW$T$38      .dwtag  DW_TAG_const_type
     579                      .dwattr $C$DW$T$38, DW_AT_type(*$C$DW$108)
     580              $C$DW$T$4       .dwtag  DW_TAG_base_type
     581                      .dwattr $C$DW$T$4, DW_AT_encoding(DW_ATE_boolean)
     582                      .dwattr $C$DW$T$4, DW_AT_name("bool")
     583                      .dwattr $C$DW$T$4, DW_AT_byte_size(0x01)
     584              $C$DW$T$5       .dwtag  DW_TAG_base_type
     585                      .dwattr $C$DW$T$5, DW_AT_encoding(DW_ATE_signed_char)
     586                      .dwattr $C$DW$T$5, DW_AT_name("signed char")
TMS320C2000 Assembler PC v6.2.3 Thu Jun 25 17:41:47 2015

Tools Copyright (c) 1996-2013 Texas Instruments Incorporated
C:\Users\a0220341\AppData\Local\Temp\0890011                         PAGE   12

     587                      .dwattr $C$DW$T$5, DW_AT_byte_size(0x01)
     588              $C$DW$T$6       .dwtag  DW_TAG_base_type
     589                      .dwattr $C$DW$T$6, DW_AT_encoding(DW_ATE_unsigned_char)
     590                      .dwattr $C$DW$T$6, DW_AT_name("unsigned char")
     591                      .dwattr $C$DW$T$6, DW_AT_byte_size(0x01)
     592              $C$DW$T$7       .dwtag  DW_TAG_base_type
     593                      .dwattr $C$DW$T$7, DW_AT_encoding(DW_ATE_signed_char)
     594                      .dwattr $C$DW$T$7, DW_AT_name("wchar_t")
     595                      .dwattr $C$DW$T$7, DW_AT_byte_size(0x01)
     596              $C$DW$T$8       .dwtag  DW_TAG_base_type
     597                      .dwattr $C$DW$T$8, DW_AT_encoding(DW_ATE_signed)
     598                      .dwattr $C$DW$T$8, DW_AT_name("short")
     599                      .dwattr $C$DW$T$8, DW_AT_byte_size(0x01)
     600              $C$DW$T$9       .dwtag  DW_TAG_base_type
     601                      .dwattr $C$DW$T$9, DW_AT_encoding(DW_ATE_unsigned)
     602                      .dwattr $C$DW$T$9, DW_AT_name("unsigned short")
     603                      .dwattr $C$DW$T$9, DW_AT_byte_size(0x01)
     604              $C$DW$T$19      .dwtag  DW_TAG_typedef, DW_AT_name("uint16_t")
     605                      .dwattr $C$DW$T$19, DW_AT_type(*$C$DW$T$9)
     606                      .dwattr $C$DW$T$19, DW_AT_language(DW_LANG_C)
     607              $C$DW$109       .dwtag  DW_TAG_TI_far_type
     608                      .dwattr $C$DW$109, DW_AT_type(*$C$DW$T$19)
     609              $C$DW$T$20      .dwtag  DW_TAG_volatile_type
     610                      .dwattr $C$DW$T$20, DW_AT_type(*$C$DW$109)
     611              
     612              $C$DW$T$21      .dwtag  DW_TAG_array_type
     613                      .dwattr $C$DW$T$21, DW_AT_type(*$C$DW$T$20)
     614                      .dwattr $C$DW$T$21, DW_AT_language(DW_LANG_C)
     615                      .dwattr $C$DW$T$21, DW_AT_byte_size(0x6698)
     616              $C$DW$110       .dwtag  DW_TAG_subrange_type
     617                      .dwattr $C$DW$110, DW_AT_upper_bound(0x6697)
     618                      .dwendtag $C$DW$T$21
     619              
     620              $C$DW$T$10      .dwtag  DW_TAG_base_type
     621                      .dwattr $C$DW$T$10, DW_AT_encoding(DW_ATE_signed)
     622                      .dwattr $C$DW$T$10, DW_AT_name("int")
     623                      .dwattr $C$DW$T$10, DW_AT_byte_size(0x01)
     624              $C$DW$T$11      .dwtag  DW_TAG_base_type
     625                      .dwattr $C$DW$T$11, DW_AT_encoding(DW_ATE_unsigned)
     626                      .dwattr $C$DW$T$11, DW_AT_name("unsigned int")
     627                      .dwattr $C$DW$T$11, DW_AT_byte_size(0x01)
     628              $C$DW$T$12      .dwtag  DW_TAG_base_type
     629                      .dwattr $C$DW$T$12, DW_AT_encoding(DW_ATE_signed)
     630                      .dwattr $C$DW$T$12, DW_AT_name("long")
     631                      .dwattr $C$DW$T$12, DW_AT_byte_size(0x02)
     632              $C$DW$T$13      .dwtag  DW_TAG_base_type
     633                      .dwattr $C$DW$T$13, DW_AT_encoding(DW_ATE_unsigned)
     634                      .dwattr $C$DW$T$13, DW_AT_name("unsigned long")
     635                      .dwattr $C$DW$T$13, DW_AT_byte_size(0x02)
     636              $C$DW$T$33      .dwtag  DW_TAG_typedef, DW_AT_name("size_t")
     637                      .dwattr $C$DW$T$33, DW_AT_type(*$C$DW$T$13)
     638                      .dwattr $C$DW$T$33, DW_AT_language(DW_LANG_C)
     639              $C$DW$111       .dwtag  DW_TAG_TI_far_type
     640                      .dwattr $C$DW$111, DW_AT_type(*$C$DW$T$33)
     641              $C$DW$T$34      .dwtag  DW_TAG_const_type
TMS320C2000 Assembler PC v6.2.3 Thu Jun 25 17:41:47 2015

Tools Copyright (c) 1996-2013 Texas Instruments Incorporated
C:\Users\a0220341\AppData\Local\Temp\0890011                         PAGE   13

     642                      .dwattr $C$DW$T$34, DW_AT_type(*$C$DW$111)
     643              $C$DW$T$14      .dwtag  DW_TAG_base_type
     644                      .dwattr $C$DW$T$14, DW_AT_encoding(DW_ATE_signed)
     645                      .dwattr $C$DW$T$14, DW_AT_name("long long")
     646                      .dwattr $C$DW$T$14, DW_AT_byte_size(0x04)
     647              $C$DW$T$15      .dwtag  DW_TAG_base_type
     648                      .dwattr $C$DW$T$15, DW_AT_encoding(DW_ATE_unsigned)
     649                      .dwattr $C$DW$T$15, DW_AT_name("unsigned long long")
     650                      .dwattr $C$DW$T$15, DW_AT_byte_size(0x04)
     651              $C$DW$T$16      .dwtag  DW_TAG_base_type
     652                      .dwattr $C$DW$T$16, DW_AT_encoding(DW_ATE_float)
     653                      .dwattr $C$DW$T$16, DW_AT_name("float")
     654                      .dwattr $C$DW$T$16, DW_AT_byte_size(0x02)
     655              $C$DW$T$17      .dwtag  DW_TAG_base_type
     656                      .dwattr $C$DW$T$17, DW_AT_encoding(DW_ATE_float)
     657                      .dwattr $C$DW$T$17, DW_AT_name("double")
     658                      .dwattr $C$DW$T$17, DW_AT_byte_size(0x02)
     659              $C$DW$T$18      .dwtag  DW_TAG_base_type
     660                      .dwattr $C$DW$T$18, DW_AT_encoding(DW_ATE_float)
     661                      .dwattr $C$DW$T$18, DW_AT_name("long double")
     662                      .dwattr $C$DW$T$18, DW_AT_byte_size(0x04)
     663                      .dwattr $C$DW$CU, DW_AT_language(DW_LANG_C)
     664              
     665              ;***************************************************************
     666              ;* DWARF CIE ENTRIES                                           *
     667              ;***************************************************************
     668              
     669              $C$DW$CIE       .dwcie 78
     670                      .dwcfi  cfa_register, 20
     671                      .dwcfi  cfa_offset, 0
     672                      .dwcfi  undefined, 0
     673                      .dwcfi  undefined, 1
     674                      .dwcfi  undefined, 2
     675                      .dwcfi  undefined, 3
     676                      .dwcfi  undefined, 20
     677                      .dwcfi  undefined, 21
     678                      .dwcfi  undefined, 22
     679                      .dwcfi  undefined, 23
     680                      .dwcfi  undefined, 24
     681                      .dwcfi  undefined, 25
     682                      .dwcfi  undefined, 26
     683                      .dwcfi  same_value, 28
     684                      .dwcfi  undefined, 29
     685                      .dwcfi  undefined, 30
     686                      .dwcfi  undefined, 31
     687                      .dwcfi  undefined, 32
     688                      .dwcfi  undefined, 33
     689                      .dwcfi  undefined, 34
     690                      .dwcfi  undefined, 35
     691                      .dwcfi  undefined, 36
     692                      .dwcfi  undefined, 37
     693                      .dwcfi  undefined, 38
     694                      .dwcfi  undefined, 75
     695                      .dwcfi  undefined, 76
     696                      .dwcfi  undefined, 77
TMS320C2000 Assembler PC v6.2.3 Thu Jun 25 17:41:47 2015

Tools Copyright (c) 1996-2013 Texas Instruments Incorporated
C:\Users\a0220341\AppData\Local\Temp\0890011                         PAGE   14

     697                      .dwcfi  undefined, 4
     698                      .dwcfi  same_value, 6
     699                      .dwcfi  same_value, 8
     700                      .dwcfi  same_value, 10
     701                      .dwcfi  undefined, 12
     702                      .dwcfi  undefined, 14
     703                      .dwcfi  undefined, 16
     704                      .dwcfi  undefined, 17
     705                      .dwcfi  undefined, 18
     706                      .dwcfi  undefined, 19
     707                      .dwcfi  undefined, 5
     708                      .dwcfi  same_value, 7
     709                      .dwcfi  same_value, 9
     710                      .dwcfi  same_value, 11
     711                      .dwcfi  undefined, 13
     712                      .dwcfi  undefined, 15
     713                      .dwcfi  undefined, 78
     714                      .dwendentry
     715              
     716              ;***************************************************************
     717              ;* DWARF REGISTER MAP                                          *
     718              ;***************************************************************
     719              
     720              $C$DW$112       .dwtag  DW_TAG_TI_assign_register, DW_AT_name("AL")
     721                      .dwattr $C$DW$112, DW_AT_location[DW_OP_reg0]
     722              $C$DW$113       .dwtag  DW_TAG_TI_assign_register, DW_AT_name("AH")
     723                      .dwattr $C$DW$113, DW_AT_location[DW_OP_reg1]
     724              $C$DW$114       .dwtag  DW_TAG_TI_assign_register, DW_AT_name("PL")
     725                      .dwattr $C$DW$114, DW_AT_location[DW_OP_reg2]
     726              $C$DW$115       .dwtag  DW_TAG_TI_assign_register, DW_AT_name("PH")
     727                      .dwattr $C$DW$115, DW_AT_location[DW_OP_reg3]
     728              $C$DW$116       .dwtag  DW_TAG_TI_assign_register, DW_AT_name("SP")
     729                      .dwattr $C$DW$116, DW_AT_location[DW_OP_reg20]
     730              $C$DW$117       .dwtag  DW_TAG_TI_assign_register, DW_AT_name("XT")
     731                      .dwattr $C$DW$117, DW_AT_location[DW_OP_reg21]
     732              $C$DW$118       .dwtag  DW_TAG_TI_assign_register, DW_AT_name("T")
     733                      .dwattr $C$DW$118, DW_AT_location[DW_OP_reg22]
     734              $C$DW$119       .dwtag  DW_TAG_TI_assign_register, DW_AT_name("ST0")
     735                      .dwattr $C$DW$119, DW_AT_location[DW_OP_reg23]
     736              $C$DW$120       .dwtag  DW_TAG_TI_assign_register, DW_AT_name("ST1")
     737                      .dwattr $C$DW$120, DW_AT_location[DW_OP_reg24]
     738              $C$DW$121       .dwtag  DW_TAG_TI_assign_register, DW_AT_name("PC")
     739                      .dwattr $C$DW$121, DW_AT_location[DW_OP_reg25]
     740              $C$DW$122       .dwtag  DW_TAG_TI_assign_register, DW_AT_name("RPC")
     741                      .dwattr $C$DW$122, DW_AT_location[DW_OP_reg26]
     742              $C$DW$123       .dwtag  DW_TAG_TI_assign_register, DW_AT_name("FP")
     743                      .dwattr $C$DW$123, DW_AT_location[DW_OP_reg28]
     744              $C$DW$124       .dwtag  DW_TAG_TI_assign_register, DW_AT_name("DP")
     745                      .dwattr $C$DW$124, DW_AT_location[DW_OP_reg29]
     746              $C$DW$125       .dwtag  DW_TAG_TI_assign_register, DW_AT_name("SXM")
     747                      .dwattr $C$DW$125, DW_AT_location[DW_OP_reg30]
     748              $C$DW$126       .dwtag  DW_TAG_TI_assign_register, DW_AT_name("PM")
     749                      .dwattr $C$DW$126, DW_AT_location[DW_OP_reg31]
     750              $C$DW$127       .dwtag  DW_TAG_TI_assign_register, DW_AT_name("OVM")
     751                      .dwattr $C$DW$127, DW_AT_location[DW_OP_regx 0x20]
TMS320C2000 Assembler PC v6.2.3 Thu Jun 25 17:41:47 2015

Tools Copyright (c) 1996-2013 Texas Instruments Incorporated
C:\Users\a0220341\AppData\Local\Temp\0890011                         PAGE   15

     752              $C$DW$128       .dwtag  DW_TAG_TI_assign_register, DW_AT_name("PAGE0")
     753                      .dwattr $C$DW$128, DW_AT_location[DW_OP_regx 0x21]
     754              $C$DW$129       .dwtag  DW_TAG_TI_assign_register, DW_AT_name("AMODE")
     755                      .dwattr $C$DW$129, DW_AT_location[DW_OP_regx 0x22]
     756              $C$DW$130       .dwtag  DW_TAG_TI_assign_register, DW_AT_name("INTM")
     757                      .dwattr $C$DW$130, DW_AT_location[DW_OP_regx 0x23]
     758              $C$DW$131       .dwtag  DW_TAG_TI_assign_register, DW_AT_name("IFR")
     759                      .dwattr $C$DW$131, DW_AT_location[DW_OP_regx 0x24]
     760              $C$DW$132       .dwtag  DW_TAG_TI_assign_register, DW_AT_name("IER")
     761                      .dwattr $C$DW$132, DW_AT_location[DW_OP_regx 0x25]
     762              $C$DW$133       .dwtag  DW_TAG_TI_assign_register, DW_AT_name("V")
     763                      .dwattr $C$DW$133, DW_AT_location[DW_OP_regx 0x26]
     764              $C$DW$134       .dwtag  DW_TAG_TI_assign_register, DW_AT_name("PSEUDOH")
     765                      .dwattr $C$DW$134, DW_AT_location[DW_OP_regx 0x4c]
     766              $C$DW$135       .dwtag  DW_TAG_TI_assign_register, DW_AT_name("VOL")
     767                      .dwattr $C$DW$135, DW_AT_location[DW_OP_regx 0x4d]
     768              $C$DW$136       .dwtag  DW_TAG_TI_assign_register, DW_AT_name("AR0")
     769                      .dwattr $C$DW$136, DW_AT_location[DW_OP_reg4]
     770              $C$DW$137       .dwtag  DW_TAG_TI_assign_register, DW_AT_name("AR1")
     771                      .dwattr $C$DW$137, DW_AT_location[DW_OP_reg6]
     772              $C$DW$138       .dwtag  DW_TAG_TI_assign_register, DW_AT_name("AR2")
     773                      .dwattr $C$DW$138, DW_AT_location[DW_OP_reg8]
     774              $C$DW$139       .dwtag  DW_TAG_TI_assign_register, DW_AT_name("AR3")
     775                      .dwattr $C$DW$139, DW_AT_location[DW_OP_reg10]
     776              $C$DW$140       .dwtag  DW_TAG_TI_assign_register, DW_AT_name("AR4")
     777                      .dwattr $C$DW$140, DW_AT_location[DW_OP_reg12]
     778              $C$DW$141       .dwtag  DW_TAG_TI_assign_register, DW_AT_name("AR5")
     779                      .dwattr $C$DW$141, DW_AT_location[DW_OP_reg14]
     780              $C$DW$142       .dwtag  DW_TAG_TI_assign_register, DW_AT_name("AR6")
     781                      .dwattr $C$DW$142, DW_AT_location[DW_OP_reg16]
     782              $C$DW$143       .dwtag  DW_TAG_TI_assign_register, DW_AT_name("XAR6")
     783                      .dwattr $C$DW$143, DW_AT_location[DW_OP_reg17]
     784              $C$DW$144       .dwtag  DW_TAG_TI_assign_register, DW_AT_name("AR7")
     785                      .dwattr $C$DW$144, DW_AT_location[DW_OP_reg18]
     786              $C$DW$145       .dwtag  DW_TAG_TI_assign_register, DW_AT_name("XAR7")
     787                      .dwattr $C$DW$145, DW_AT_location[DW_OP_reg19]
     788              $C$DW$146       .dwtag  DW_TAG_TI_assign_register, DW_AT_name("XAR0")
     789                      .dwattr $C$DW$146, DW_AT_location[DW_OP_reg5]
     790              $C$DW$147       .dwtag  DW_TAG_TI_assign_register, DW_AT_name("XAR1")
     791                      .dwattr $C$DW$147, DW_AT_location[DW_OP_reg7]
     792              $C$DW$148       .dwtag  DW_TAG_TI_assign_register, DW_AT_name("XAR2")
     793                      .dwattr $C$DW$148, DW_AT_location[DW_OP_reg9]
     794              $C$DW$149       .dwtag  DW_TAG_TI_assign_register, DW_AT_name("XAR3")
     795                      .dwattr $C$DW$149, DW_AT_location[DW_OP_reg11]
     796              $C$DW$150       .dwtag  DW_TAG_TI_assign_register, DW_AT_name("XAR4")
     797                      .dwattr $C$DW$150, DW_AT_location[DW_OP_reg13]
     798              $C$DW$151       .dwtag  DW_TAG_TI_assign_register, DW_AT_name("XAR5")
     799                      .dwattr $C$DW$151, DW_AT_location[DW_OP_reg15]
     800              $C$DW$152       .dwtag  DW_TAG_TI_assign_register, DW_AT_name("CIE_RETA")
     801                      .dwattr $C$DW$152, DW_AT_location[DW_OP_regx 0x4e]
     802                      .dwendtag $C$DW$CU
     803              

No Assembly Errors, No Assembly Warnings
