TMS320C2000 Assembler PC v6.2.3 Thu Jun 25 17:41:50 2015

Tools Copyright (c) 1996-2013 Texas Instruments Incorporated
C:\Users\a0220341\AppData\Local\Temp\0994810                         PAGE    1

       1              ;***************************************************************
       2              ;* TMS320C2000 C/C++ Codegen                         PC v6.2.3 *
       3              ;* Date/Time created: Thu Jun 25 17:41:50 2015                 *
       4              ;***************************************************************
       5                      .compiler_opts --float_support=softlib --hll_source=on --mem_model:code=flat --mem_model:data=large -
       6        0002  FP      .set    XAR2
       7              
       8              $C$DW$CU        .dwtag  DW_TAG_compile_unit
       9                      .dwattr $C$DW$CU, DW_AT_name("D:/victor TI/Customer issue/Zero/4inOne/Code/sw/modules/svgen/src/32b/s
      10                      .dwattr $C$DW$CU, DW_AT_producer("TMS320C2000 C/C++ Codegen PC v6.2.3 Copyright (c) 1996-2013 Texas I
      11                      .dwattr $C$DW$CU, DW_AT_TI_version(0x01)
      12                      .dwattr $C$DW$CU, DW_AT_comp_dir("D:\victor TI\Customer issue\Zero\4inOne\Code\sw\solutions\instaspin
      13              ;       C:\ti\ccsv6\tools\compiler\ti-cgt-c2000_6.2.3\bin\opt2000.exe C:\\Users\\a0220341\\AppData\\Local\\Te
      14              ;       C:\ti\ccsv6\tools\compiler\ti-cgt-c2000_6.2.3\bin\ac2000.exe -@C:\\Users\\a0220341\\AppData\\Local\\T
      15 00000000               .sect   ".text"
      16                      .global _SVGEN_setup
      17              
      18              $C$DW$1 .dwtag  DW_TAG_subprogram, DW_AT_name("SVGEN_setup")
      19                      .dwattr $C$DW$1, DW_AT_low_pc(_SVGEN_setup)
      20                      .dwattr $C$DW$1, DW_AT_high_pc(0x00)
      21                      .dwattr $C$DW$1, DW_AT_TI_symbol_name("_SVGEN_setup")
      22                      .dwattr $C$DW$1, DW_AT_external
      23                      .dwattr $C$DW$1, DW_AT_TI_begin_file("D:/victor TI/Customer issue/Zero/4inOne/Code/sw/modules/svgen/s
      24                      .dwattr $C$DW$1, DW_AT_TI_begin_line(0x46)
      25                      .dwattr $C$DW$1, DW_AT_TI_begin_column(0x06)
      26                      .dwattr $C$DW$1, DW_AT_TI_max_frame_size(-2)
      27                      .dwpsn  file "D:/victor TI/Customer issue/Zero/4inOne/Code/sw/modules/svgen/src/32b/svgen.c",line 71,
      28              
      29                      .dwfde $C$DW$CIE, _SVGEN_setup
      30              $C$DW$2 .dwtag  DW_TAG_formal_parameter, DW_AT_name("svgenHandle")
      31                      .dwattr $C$DW$2, DW_AT_TI_symbol_name("_svgenHandle")
      32                      .dwattr $C$DW$2, DW_AT_type(*$C$DW$T$22)
      33                      .dwattr $C$DW$2, DW_AT_location[DW_OP_reg12]
      34              
      35              ;***************************************************************
      36              ;* FNAME: _SVGEN_setup                  FR SIZE:   0           *
      37              ;*                                                             *
      38              ;* FUNCTION ENVIRONMENT                                        *
      39              ;*                                                             *
      40              ;* FUNCTION PROPERTIES                                         *
      41              ;*                            0 Parameter,  0 Auto,  0 SOE     *
      42              ;***************************************************************
      43              
      44 00000000       _SVGEN_setup:
      45                      .dwcfi  cfa_offset, -2
      46                      .dwcfi  save_reg_to_mem, 26, 0
      47                      .dwcfi  save_reg_to_reg, 78, 26
      48              $C$DW$3 .dwtag  DW_TAG_TI_branch
      49                      .dwattr $C$DW$3, DW_AT_low_pc(0x00)
      50                      .dwattr $C$DW$3, DW_AT_TI_return
      51 00000000 0006          LRETR     ; [CPU_] 
      52                      ; return occurs ; [] 
      53                      .dwattr $C$DW$1, DW_AT_TI_end_file("D:/victor TI/Customer issue/Zero/4inOne/Code/sw/modules/svgen/src
      54                      .dwattr $C$DW$1, DW_AT_TI_end_line(0x4b)
      55                      .dwattr $C$DW$1, DW_AT_TI_end_column(0x01)
TMS320C2000 Assembler PC v6.2.3 Thu Jun 25 17:41:50 2015

Tools Copyright (c) 1996-2013 Texas Instruments Incorporated
C:\Users\a0220341\AppData\Local\Temp\0994810                         PAGE    2

      56                      .dwendentry
      57                      .dwendtag $C$DW$1
      58              
      59 00000001               .sect   ".text"
      60                      .global _SVGEN_init
      61              
      62              $C$DW$4 .dwtag  DW_TAG_subprogram, DW_AT_name("SVGEN_init")
      63                      .dwattr $C$DW$4, DW_AT_low_pc(_SVGEN_init)
      64                      .dwattr $C$DW$4, DW_AT_high_pc(0x00)
      65                      .dwattr $C$DW$4, DW_AT_TI_symbol_name("_SVGEN_init")
      66                      .dwattr $C$DW$4, DW_AT_external
      67                      .dwattr $C$DW$4, DW_AT_type(*$C$DW$T$22)
      68                      .dwattr $C$DW$4, DW_AT_TI_begin_file("D:/victor TI/Customer issue/Zero/4inOne/Code/sw/modules/svgen/s
      69                      .dwattr $C$DW$4, DW_AT_TI_begin_line(0x37)
      70                      .dwattr $C$DW$4, DW_AT_TI_begin_column(0x0e)
      71                      .dwattr $C$DW$4, DW_AT_TI_max_frame_size(-2)
      72                      .dwpsn  file "D:/victor TI/Customer issue/Zero/4inOne/Code/sw/modules/svgen/src/32b/svgen.c",line 56,
      73              
      74                      .dwfde $C$DW$CIE, _SVGEN_init
      75              $C$DW$5 .dwtag  DW_TAG_formal_parameter, DW_AT_name("pMemory")
      76                      .dwattr $C$DW$5, DW_AT_TI_symbol_name("_pMemory")
      77                      .dwattr $C$DW$5, DW_AT_type(*$C$DW$T$3)
      78                      .dwattr $C$DW$5, DW_AT_location[DW_OP_reg12]
      79              $C$DW$6 .dwtag  DW_TAG_formal_parameter, DW_AT_name("numBytes")
      80                      .dwattr $C$DW$6, DW_AT_TI_symbol_name("_numBytes")
      81                      .dwattr $C$DW$6, DW_AT_type(*$C$DW$T$24)
      82                      .dwattr $C$DW$6, DW_AT_location[DW_OP_reg0]
      83              
      84              ;***************************************************************
      85              ;* FNAME: _SVGEN_init                   FR SIZE:   0           *
      86              ;*                                                             *
      87              ;* FUNCTION ENVIRONMENT                                        *
      88              ;*                                                             *
      89              ;* FUNCTION PROPERTIES                                         *
      90              ;*                            0 Parameter,  0 Auto,  0 SOE     *
      91              ;***************************************************************
      92              
      93              _SVGEN_init:
      94              ;* AR6   assigned to _numBytes
      95              $C$DW$7 .dwtag  DW_TAG_variable, DW_AT_name("numBytes")
      96                      .dwattr $C$DW$7, DW_AT_TI_symbol_name("_numBytes")
      97                      .dwattr $C$DW$7, DW_AT_type(*$C$DW$T$24)
      98                      .dwattr $C$DW$7, DW_AT_location[DW_OP_reg16]
      99              ;* AR4   assigned to _pMemory
     100              $C$DW$8 .dwtag  DW_TAG_variable, DW_AT_name("pMemory")
     101                      .dwattr $C$DW$8, DW_AT_TI_symbol_name("_pMemory")
     102                      .dwattr $C$DW$8, DW_AT_type(*$C$DW$T$27)
     103                      .dwattr $C$DW$8, DW_AT_location[DW_OP_reg12]
     104                      .dwcfi  cfa_offset, -2
     105                      .dwcfi  save_reg_to_mem, 26, 0
     106                      .dwcfi  save_reg_to_reg, 78, 26
     107 00000001 1EA6          MOVL      XAR6,ACC              ; [CPU_] |56| 
     108                      .dwpsn  file "D:/victor TI/Customer issue/Zero/4inOne/Code/sw/modules/svgen/src/32b/svgen.c",line 61,
     109 00000002 0202          MOVB      ACC,#2                ; [CPU_] |61| 
     110 00000003 0FA6          CMPL      ACC,XAR6              ; [CPU_] |61| 
TMS320C2000 Assembler PC v6.2.3 Thu Jun 25 17:41:50 2015

Tools Copyright (c) 1996-2013 Texas Instruments Incorporated
C:\Users\a0220341\AppData\Local\Temp\0994810                         PAGE    3

     111 00000004 6902          B         $C$L1,LOS             ; [CPU_] |61| 
     112                      ; branchcc occurs ; [] |61| 
     113 00000005 D400          MOVB      XAR4,#0               ; [CPU_] |61| 
     114              $C$L1:    
     115              $C$DW$9 .dwtag  DW_TAG_TI_branch
     116                      .dwattr $C$DW$9, DW_AT_low_pc(0x00)
     117                      .dwattr $C$DW$9, DW_AT_TI_return
     118 00000006 0006          LRETR     ; [CPU_] 
     119                      ; return occurs ; [] 
     120                      .dwattr $C$DW$4, DW_AT_TI_end_file("D:/victor TI/Customer issue/Zero/4inOne/Code/sw/modules/svgen/src
     121                      .dwattr $C$DW$4, DW_AT_TI_end_line(0x43)
     122                      .dwattr $C$DW$4, DW_AT_TI_end_column(0x01)
     123                      .dwendentry
     124                      .dwendtag $C$DW$4
     125              
     126              
     127              ;***************************************************************
     128              ;* TYPE INFORMATION                                            *
     129              ;***************************************************************
     130              
     131              $C$DW$T$20      .dwtag  DW_TAG_structure_type
     132                      .dwattr $C$DW$T$20, DW_AT_name("_SVGEN_Obj_")
     133                      .dwattr $C$DW$T$20, DW_AT_byte_size(0x02)
     134              $C$DW$10        .dwtag  DW_TAG_member
     135                      .dwattr $C$DW$10, DW_AT_type(*$C$DW$T$19)
     136                      .dwattr $C$DW$10, DW_AT_name("maxModulation")
     137                      .dwattr $C$DW$10, DW_AT_TI_symbol_name("_maxModulation")
     138                      .dwattr $C$DW$10, DW_AT_data_member_location[DW_OP_plus_uconst 0x0]
     139                      .dwattr $C$DW$10, DW_AT_accessibility(DW_ACCESS_public)
     140                      .dwendtag $C$DW$T$20
     141              
     142              $C$DW$T$21      .dwtag  DW_TAG_pointer_type
     143                      .dwattr $C$DW$T$21, DW_AT_type(*$C$DW$T$20)
     144                      .dwattr $C$DW$T$21, DW_AT_address_class(0x16)
     145              $C$DW$T$22      .dwtag  DW_TAG_typedef, DW_AT_name("SVGEN_Handle")
     146                      .dwattr $C$DW$T$22, DW_AT_type(*$C$DW$T$21)
     147                      .dwattr $C$DW$T$22, DW_AT_language(DW_LANG_C)
     148              $C$DW$T$3       .dwtag  DW_TAG_pointer_type
     149                      .dwattr $C$DW$T$3, DW_AT_address_class(0x16)
     150              $C$DW$11        .dwtag  DW_TAG_TI_far_type
     151                      .dwattr $C$DW$11, DW_AT_type(*$C$DW$T$3)
     152              $C$DW$T$27      .dwtag  DW_TAG_const_type
     153                      .dwattr $C$DW$T$27, DW_AT_type(*$C$DW$11)
     154              $C$DW$T$4       .dwtag  DW_TAG_base_type
     155                      .dwattr $C$DW$T$4, DW_AT_encoding(DW_ATE_boolean)
     156                      .dwattr $C$DW$T$4, DW_AT_name("bool")
     157                      .dwattr $C$DW$T$4, DW_AT_byte_size(0x01)
     158              $C$DW$T$5       .dwtag  DW_TAG_base_type
     159                      .dwattr $C$DW$T$5, DW_AT_encoding(DW_ATE_signed_char)
     160                      .dwattr $C$DW$T$5, DW_AT_name("signed char")
     161                      .dwattr $C$DW$T$5, DW_AT_byte_size(0x01)
     162              $C$DW$T$6       .dwtag  DW_TAG_base_type
     163                      .dwattr $C$DW$T$6, DW_AT_encoding(DW_ATE_unsigned_char)
     164                      .dwattr $C$DW$T$6, DW_AT_name("unsigned char")
     165                      .dwattr $C$DW$T$6, DW_AT_byte_size(0x01)
TMS320C2000 Assembler PC v6.2.3 Thu Jun 25 17:41:50 2015

Tools Copyright (c) 1996-2013 Texas Instruments Incorporated
C:\Users\a0220341\AppData\Local\Temp\0994810                         PAGE    4

     166              $C$DW$T$7       .dwtag  DW_TAG_base_type
     167                      .dwattr $C$DW$T$7, DW_AT_encoding(DW_ATE_signed_char)
     168                      .dwattr $C$DW$T$7, DW_AT_name("wchar_t")
     169                      .dwattr $C$DW$T$7, DW_AT_byte_size(0x01)
     170              $C$DW$T$8       .dwtag  DW_TAG_base_type
     171                      .dwattr $C$DW$T$8, DW_AT_encoding(DW_ATE_signed)
     172                      .dwattr $C$DW$T$8, DW_AT_name("short")
     173                      .dwattr $C$DW$T$8, DW_AT_byte_size(0x01)
     174              $C$DW$T$9       .dwtag  DW_TAG_base_type
     175                      .dwattr $C$DW$T$9, DW_AT_encoding(DW_ATE_unsigned)
     176                      .dwattr $C$DW$T$9, DW_AT_name("unsigned short")
     177                      .dwattr $C$DW$T$9, DW_AT_byte_size(0x01)
     178              $C$DW$T$10      .dwtag  DW_TAG_base_type
     179                      .dwattr $C$DW$T$10, DW_AT_encoding(DW_ATE_signed)
     180                      .dwattr $C$DW$T$10, DW_AT_name("int")
     181                      .dwattr $C$DW$T$10, DW_AT_byte_size(0x01)
     182              $C$DW$T$11      .dwtag  DW_TAG_base_type
     183                      .dwattr $C$DW$T$11, DW_AT_encoding(DW_ATE_unsigned)
     184                      .dwattr $C$DW$T$11, DW_AT_name("unsigned int")
     185                      .dwattr $C$DW$T$11, DW_AT_byte_size(0x01)
     186              $C$DW$T$12      .dwtag  DW_TAG_base_type
     187                      .dwattr $C$DW$T$12, DW_AT_encoding(DW_ATE_signed)
     188                      .dwattr $C$DW$T$12, DW_AT_name("long")
     189                      .dwattr $C$DW$T$12, DW_AT_byte_size(0x02)
     190              $C$DW$T$19      .dwtag  DW_TAG_typedef, DW_AT_name("_iq")
     191                      .dwattr $C$DW$T$19, DW_AT_type(*$C$DW$T$12)
     192                      .dwattr $C$DW$T$19, DW_AT_language(DW_LANG_C)
     193              $C$DW$T$13      .dwtag  DW_TAG_base_type
     194                      .dwattr $C$DW$T$13, DW_AT_encoding(DW_ATE_unsigned)
     195                      .dwattr $C$DW$T$13, DW_AT_name("unsigned long")
     196                      .dwattr $C$DW$T$13, DW_AT_byte_size(0x02)
     197              $C$DW$T$23      .dwtag  DW_TAG_typedef, DW_AT_name("size_t")
     198                      .dwattr $C$DW$T$23, DW_AT_type(*$C$DW$T$13)
     199                      .dwattr $C$DW$T$23, DW_AT_language(DW_LANG_C)
     200              $C$DW$12        .dwtag  DW_TAG_TI_far_type
     201                      .dwattr $C$DW$12, DW_AT_type(*$C$DW$T$23)
     202              $C$DW$T$24      .dwtag  DW_TAG_const_type
     203                      .dwattr $C$DW$T$24, DW_AT_type(*$C$DW$12)
     204              $C$DW$T$14      .dwtag  DW_TAG_base_type
     205                      .dwattr $C$DW$T$14, DW_AT_encoding(DW_ATE_signed)
     206                      .dwattr $C$DW$T$14, DW_AT_name("long long")
     207                      .dwattr $C$DW$T$14, DW_AT_byte_size(0x04)
     208              $C$DW$T$15      .dwtag  DW_TAG_base_type
     209                      .dwattr $C$DW$T$15, DW_AT_encoding(DW_ATE_unsigned)
     210                      .dwattr $C$DW$T$15, DW_AT_name("unsigned long long")
     211                      .dwattr $C$DW$T$15, DW_AT_byte_size(0x04)
     212              $C$DW$T$16      .dwtag  DW_TAG_base_type
     213                      .dwattr $C$DW$T$16, DW_AT_encoding(DW_ATE_float)
     214                      .dwattr $C$DW$T$16, DW_AT_name("float")
     215                      .dwattr $C$DW$T$16, DW_AT_byte_size(0x02)
     216              $C$DW$T$17      .dwtag  DW_TAG_base_type
     217                      .dwattr $C$DW$T$17, DW_AT_encoding(DW_ATE_float)
     218                      .dwattr $C$DW$T$17, DW_AT_name("double")
     219                      .dwattr $C$DW$T$17, DW_AT_byte_size(0x02)
     220              $C$DW$T$18      .dwtag  DW_TAG_base_type
TMS320C2000 Assembler PC v6.2.3 Thu Jun 25 17:41:50 2015

Tools Copyright (c) 1996-2013 Texas Instruments Incorporated
C:\Users\a0220341\AppData\Local\Temp\0994810                         PAGE    5

     221                      .dwattr $C$DW$T$18, DW_AT_encoding(DW_ATE_float)
     222                      .dwattr $C$DW$T$18, DW_AT_name("long double")
     223                      .dwattr $C$DW$T$18, DW_AT_byte_size(0x04)
     224                      .dwattr $C$DW$CU, DW_AT_language(DW_LANG_C)
     225              
     226              ;***************************************************************
     227              ;* DWARF CIE ENTRIES                                           *
     228              ;***************************************************************
     229              
     230              $C$DW$CIE       .dwcie 78
     231                      .dwcfi  cfa_register, 20
     232                      .dwcfi  cfa_offset, 0
     233                      .dwcfi  undefined, 0
     234                      .dwcfi  undefined, 1
     235                      .dwcfi  undefined, 2
     236                      .dwcfi  undefined, 3
     237                      .dwcfi  undefined, 20
     238                      .dwcfi  undefined, 21
     239                      .dwcfi  undefined, 22
     240                      .dwcfi  undefined, 23
     241                      .dwcfi  undefined, 24
     242                      .dwcfi  undefined, 25
     243                      .dwcfi  undefined, 26
     244                      .dwcfi  same_value, 28
     245                      .dwcfi  undefined, 29
     246                      .dwcfi  undefined, 30
     247                      .dwcfi  undefined, 31
     248                      .dwcfi  undefined, 32
     249                      .dwcfi  undefined, 33
     250                      .dwcfi  undefined, 34
     251                      .dwcfi  undefined, 35
     252                      .dwcfi  undefined, 36
     253                      .dwcfi  undefined, 37
     254                      .dwcfi  undefined, 38
     255                      .dwcfi  undefined, 75
     256                      .dwcfi  undefined, 76
     257                      .dwcfi  undefined, 77
     258                      .dwcfi  undefined, 4
     259                      .dwcfi  same_value, 6
     260                      .dwcfi  same_value, 8
     261                      .dwcfi  same_value, 10
     262                      .dwcfi  undefined, 12
     263                      .dwcfi  undefined, 14
     264                      .dwcfi  undefined, 16
     265                      .dwcfi  undefined, 17
     266                      .dwcfi  undefined, 18
     267                      .dwcfi  undefined, 19
     268                      .dwcfi  undefined, 5
     269                      .dwcfi  same_value, 7
     270                      .dwcfi  same_value, 9
     271                      .dwcfi  same_value, 11
     272                      .dwcfi  undefined, 13
     273                      .dwcfi  undefined, 15
     274                      .dwcfi  undefined, 78
     275                      .dwendentry
TMS320C2000 Assembler PC v6.2.3 Thu Jun 25 17:41:50 2015

Tools Copyright (c) 1996-2013 Texas Instruments Incorporated
C:\Users\a0220341\AppData\Local\Temp\0994810                         PAGE    6

     276              
     277              ;***************************************************************
     278              ;* DWARF REGISTER MAP                                          *
     279              ;***************************************************************
     280              
     281              $C$DW$13        .dwtag  DW_TAG_TI_assign_register, DW_AT_name("AL")
     282                      .dwattr $C$DW$13, DW_AT_location[DW_OP_reg0]
     283              $C$DW$14        .dwtag  DW_TAG_TI_assign_register, DW_AT_name("AH")
     284                      .dwattr $C$DW$14, DW_AT_location[DW_OP_reg1]
     285              $C$DW$15        .dwtag  DW_TAG_TI_assign_register, DW_AT_name("PL")
     286                      .dwattr $C$DW$15, DW_AT_location[DW_OP_reg2]
     287              $C$DW$16        .dwtag  DW_TAG_TI_assign_register, DW_AT_name("PH")
     288                      .dwattr $C$DW$16, DW_AT_location[DW_OP_reg3]
     289              $C$DW$17        .dwtag  DW_TAG_TI_assign_register, DW_AT_name("SP")
     290                      .dwattr $C$DW$17, DW_AT_location[DW_OP_reg20]
     291              $C$DW$18        .dwtag  DW_TAG_TI_assign_register, DW_AT_name("XT")
     292                      .dwattr $C$DW$18, DW_AT_location[DW_OP_reg21]
     293              $C$DW$19        .dwtag  DW_TAG_TI_assign_register, DW_AT_name("T")
     294                      .dwattr $C$DW$19, DW_AT_location[DW_OP_reg22]
     295              $C$DW$20        .dwtag  DW_TAG_TI_assign_register, DW_AT_name("ST0")
     296                      .dwattr $C$DW$20, DW_AT_location[DW_OP_reg23]
     297              $C$DW$21        .dwtag  DW_TAG_TI_assign_register, DW_AT_name("ST1")
     298                      .dwattr $C$DW$21, DW_AT_location[DW_OP_reg24]
     299              $C$DW$22        .dwtag  DW_TAG_TI_assign_register, DW_AT_name("PC")
     300                      .dwattr $C$DW$22, DW_AT_location[DW_OP_reg25]
     301              $C$DW$23        .dwtag  DW_TAG_TI_assign_register, DW_AT_name("RPC")
     302                      .dwattr $C$DW$23, DW_AT_location[DW_OP_reg26]
     303              $C$DW$24        .dwtag  DW_TAG_TI_assign_register, DW_AT_name("FP")
     304                      .dwattr $C$DW$24, DW_AT_location[DW_OP_reg28]
     305              $C$DW$25        .dwtag  DW_TAG_TI_assign_register, DW_AT_name("DP")
     306                      .dwattr $C$DW$25, DW_AT_location[DW_OP_reg29]
     307              $C$DW$26        .dwtag  DW_TAG_TI_assign_register, DW_AT_name("SXM")
     308                      .dwattr $C$DW$26, DW_AT_location[DW_OP_reg30]
     309              $C$DW$27        .dwtag  DW_TAG_TI_assign_register, DW_AT_name("PM")
     310                      .dwattr $C$DW$27, DW_AT_location[DW_OP_reg31]
     311              $C$DW$28        .dwtag  DW_TAG_TI_assign_register, DW_AT_name("OVM")
     312                      .dwattr $C$DW$28, DW_AT_location[DW_OP_regx 0x20]
     313              $C$DW$29        .dwtag  DW_TAG_TI_assign_register, DW_AT_name("PAGE0")
     314                      .dwattr $C$DW$29, DW_AT_location[DW_OP_regx 0x21]
     315              $C$DW$30        .dwtag  DW_TAG_TI_assign_register, DW_AT_name("AMODE")
     316                      .dwattr $C$DW$30, DW_AT_location[DW_OP_regx 0x22]
     317              $C$DW$31        .dwtag  DW_TAG_TI_assign_register, DW_AT_name("INTM")
     318                      .dwattr $C$DW$31, DW_AT_location[DW_OP_regx 0x23]
     319              $C$DW$32        .dwtag  DW_TAG_TI_assign_register, DW_AT_name("IFR")
     320                      .dwattr $C$DW$32, DW_AT_location[DW_OP_regx 0x24]
     321              $C$DW$33        .dwtag  DW_TAG_TI_assign_register, DW_AT_name("IER")
     322                      .dwattr $C$DW$33, DW_AT_location[DW_OP_regx 0x25]
     323              $C$DW$34        .dwtag  DW_TAG_TI_assign_register, DW_AT_name("V")
     324                      .dwattr $C$DW$34, DW_AT_location[DW_OP_regx 0x26]
     325              $C$DW$35        .dwtag  DW_TAG_TI_assign_register, DW_AT_name("PSEUDOH")
     326                      .dwattr $C$DW$35, DW_AT_location[DW_OP_regx 0x4c]
     327              $C$DW$36        .dwtag  DW_TAG_TI_assign_register, DW_AT_name("VOL")
     328                      .dwattr $C$DW$36, DW_AT_location[DW_OP_regx 0x4d]
     329              $C$DW$37        .dwtag  DW_TAG_TI_assign_register, DW_AT_name("AR0")
     330                      .dwattr $C$DW$37, DW_AT_location[DW_OP_reg4]
TMS320C2000 Assembler PC v6.2.3 Thu Jun 25 17:41:50 2015

Tools Copyright (c) 1996-2013 Texas Instruments Incorporated
C:\Users\a0220341\AppData\Local\Temp\0994810                         PAGE    7

     331              $C$DW$38        .dwtag  DW_TAG_TI_assign_register, DW_AT_name("AR1")
     332                      .dwattr $C$DW$38, DW_AT_location[DW_OP_reg6]
     333              $C$DW$39        .dwtag  DW_TAG_TI_assign_register, DW_AT_name("AR2")
     334                      .dwattr $C$DW$39, DW_AT_location[DW_OP_reg8]
     335              $C$DW$40        .dwtag  DW_TAG_TI_assign_register, DW_AT_name("AR3")
     336                      .dwattr $C$DW$40, DW_AT_location[DW_OP_reg10]
     337              $C$DW$41        .dwtag  DW_TAG_TI_assign_register, DW_AT_name("AR4")
     338                      .dwattr $C$DW$41, DW_AT_location[DW_OP_reg12]
     339              $C$DW$42        .dwtag  DW_TAG_TI_assign_register, DW_AT_name("AR5")
     340                      .dwattr $C$DW$42, DW_AT_location[DW_OP_reg14]
     341              $C$DW$43        .dwtag  DW_TAG_TI_assign_register, DW_AT_name("AR6")
     342                      .dwattr $C$DW$43, DW_AT_location[DW_OP_reg16]
     343              $C$DW$44        .dwtag  DW_TAG_TI_assign_register, DW_AT_name("XAR6")
     344                      .dwattr $C$DW$44, DW_AT_location[DW_OP_reg17]
     345              $C$DW$45        .dwtag  DW_TAG_TI_assign_register, DW_AT_name("AR7")
     346                      .dwattr $C$DW$45, DW_AT_location[DW_OP_reg18]
     347              $C$DW$46        .dwtag  DW_TAG_TI_assign_register, DW_AT_name("XAR7")
     348                      .dwattr $C$DW$46, DW_AT_location[DW_OP_reg19]
     349              $C$DW$47        .dwtag  DW_TAG_TI_assign_register, DW_AT_name("XAR0")
     350                      .dwattr $C$DW$47, DW_AT_location[DW_OP_reg5]
     351              $C$DW$48        .dwtag  DW_TAG_TI_assign_register, DW_AT_name("XAR1")
     352                      .dwattr $C$DW$48, DW_AT_location[DW_OP_reg7]
     353              $C$DW$49        .dwtag  DW_TAG_TI_assign_register, DW_AT_name("XAR2")
     354                      .dwattr $C$DW$49, DW_AT_location[DW_OP_reg9]
     355              $C$DW$50        .dwtag  DW_TAG_TI_assign_register, DW_AT_name("XAR3")
     356                      .dwattr $C$DW$50, DW_AT_location[DW_OP_reg11]
     357              $C$DW$51        .dwtag  DW_TAG_TI_assign_register, DW_AT_name("XAR4")
     358                      .dwattr $C$DW$51, DW_AT_location[DW_OP_reg13]
     359              $C$DW$52        .dwtag  DW_TAG_TI_assign_register, DW_AT_name("XAR5")
     360                      .dwattr $C$DW$52, DW_AT_location[DW_OP_reg15]
     361              $C$DW$53        .dwtag  DW_TAG_TI_assign_register, DW_AT_name("CIE_RETA")
     362                      .dwattr $C$DW$53, DW_AT_location[DW_OP_regx 0x4e]
     363                      .dwendtag $C$DW$CU
     364              

No Assembly Errors, No Assembly Warnings
