TMS320C2000 Assembler PC v6.2.3 Mon Aug 03 18:20:34 2015

Tools Copyright (c) 1996-2013 Texas Instruments Incorporated
C:\Users\a0220341\AppData\Local\Temp\2224010                         PAGE    1

       1              ;***************************************************************
       2              ;* TMS320C2000 C/C++ Codegen                         PC v6.2.3 *
       3              ;* Date/Time created: Mon Aug 03 18:20:34 2015                 *
       4              ;***************************************************************
       5                      .compiler_opts --float_support=softlib --hll_source=on --mem_model:code=flat --mem_model:data=large -
       6        0002  FP      .set    XAR2
       7              
       8              $C$DW$CU        .dwtag  DW_TAG_compile_unit
       9                      .dwattr $C$DW$CU, DW_AT_name("D:/victor TI/Customer issue/Zero/4inOne/Code/sw/modules/fw/src/32b/fw.c
      10                      .dwattr $C$DW$CU, DW_AT_producer("TMS320C2000 C/C++ Codegen PC v6.2.3 Copyright (c) 1996-2013 Texas I
      11                      .dwattr $C$DW$CU, DW_AT_TI_version(0x01)
      12                      .dwattr $C$DW$CU, DW_AT_comp_dir("D:\victor TI\Customer issue\Zero\4inOne\Code\sw\solutions\instaspin
      13              ;       C:\ti\ccsv6\tools\compiler\ti-cgt-c2000_6.2.3\bin\opt2000.exe C:\\Users\\a0220341\\AppData\\Local\\Te
      14              ;       C:\ti\ccsv6\tools\compiler\ti-cgt-c2000_6.2.3\bin\ac2000.exe -@C:\\Users\\a0220341\\AppData\\Local\\T
      15 00000000               .sect   ".text"
      16                      .global _FW_init
      17              
      18              $C$DW$1 .dwtag  DW_TAG_subprogram, DW_AT_name("FW_init")
      19                      .dwattr $C$DW$1, DW_AT_low_pc(_FW_init)
      20                      .dwattr $C$DW$1, DW_AT_high_pc(0x00)
      21                      .dwattr $C$DW$1, DW_AT_TI_symbol_name("_FW_init")
      22                      .dwattr $C$DW$1, DW_AT_external
      23                      .dwattr $C$DW$1, DW_AT_type(*$C$DW$T$24)
      24                      .dwattr $C$DW$1, DW_AT_TI_begin_file("D:/victor TI/Customer issue/Zero/4inOne/Code/sw/modules/fw/src/
      25                      .dwattr $C$DW$1, DW_AT_TI_begin_line(0x37)
      26                      .dwattr $C$DW$1, DW_AT_TI_begin_column(0x0b)
      27                      .dwattr $C$DW$1, DW_AT_TI_max_frame_size(-2)
      28                      .dwpsn  file "D:/victor TI/Customer issue/Zero/4inOne/Code/sw/modules/fw/src/32b/fw.c",line 56,column
      29              
      30                      .dwfde $C$DW$CIE, _FW_init
      31              $C$DW$2 .dwtag  DW_TAG_formal_parameter, DW_AT_name("pMemory")
      32                      .dwattr $C$DW$2, DW_AT_TI_symbol_name("_pMemory")
      33                      .dwattr $C$DW$2, DW_AT_type(*$C$DW$T$3)
      34                      .dwattr $C$DW$2, DW_AT_location[DW_OP_reg12]
      35              $C$DW$3 .dwtag  DW_TAG_formal_parameter, DW_AT_name("numBytes")
      36                      .dwattr $C$DW$3, DW_AT_TI_symbol_name("_numBytes")
      37                      .dwattr $C$DW$3, DW_AT_type(*$C$DW$T$26)
      38                      .dwattr $C$DW$3, DW_AT_location[DW_OP_reg0]
      39              
      40              ;***************************************************************
      41              ;* FNAME: _FW_init                      FR SIZE:   0           *
      42              ;*                                                             *
      43              ;* FUNCTION ENVIRONMENT                                        *
      44              ;*                                                             *
      45              ;* FUNCTION PROPERTIES                                         *
      46              ;*                            0 Parameter,  0 Auto,  0 SOE     *
      47              ;***************************************************************
      48              
      49              _FW_init:
      50              ;* AR6   assigned to _numBytes
      51              $C$DW$4 .dwtag  DW_TAG_variable, DW_AT_name("numBytes")
      52                      .dwattr $C$DW$4, DW_AT_TI_symbol_name("_numBytes")
      53                      .dwattr $C$DW$4, DW_AT_type(*$C$DW$T$26)
      54                      .dwattr $C$DW$4, DW_AT_location[DW_OP_reg16]
      55              ;* AR4   assigned to _pMemory
TMS320C2000 Assembler PC v6.2.3 Mon Aug 03 18:20:34 2015

Tools Copyright (c) 1996-2013 Texas Instruments Incorporated
C:\Users\a0220341\AppData\Local\Temp\2224010                         PAGE    2

      56              $C$DW$5 .dwtag  DW_TAG_variable, DW_AT_name("pMemory")
      57                      .dwattr $C$DW$5, DW_AT_TI_symbol_name("_pMemory")
      58                      .dwattr $C$DW$5, DW_AT_type(*$C$DW$T$29)
      59                      .dwattr $C$DW$5, DW_AT_location[DW_OP_reg12]
      60                      .dwcfi  cfa_offset, -2
      61                      .dwcfi  save_reg_to_mem, 26, 0
      62                      .dwcfi  save_reg_to_reg, 78, 26
      63 00000000 1EA6          MOVL      XAR6,ACC              ; [CPU_] |56| 
      64                      .dwpsn  file "D:/victor TI/Customer issue/Zero/4inOne/Code/sw/modules/fw/src/32b/fw.c",line 60,column
      65 00000001 0214          MOVB      ACC,#20               ; [CPU_] |60| 
      66 00000002 0FA6          CMPL      ACC,XAR6              ; [CPU_] |60| 
      67 00000003 6902          B         $C$L1,LOS             ; [CPU_] |60| 
      68                      ; branchcc occurs ; [] |60| 
      69 00000004 D400          MOVB      XAR4,#0               ; [CPU_] |60| 
      70              $C$L1:    
      71              $C$DW$6 .dwtag  DW_TAG_TI_branch
      72                      .dwattr $C$DW$6, DW_AT_low_pc(0x00)
      73                      .dwattr $C$DW$6, DW_AT_TI_return
      74 00000005 0006          LRETR     ; [CPU_] 
      75                      ; return occurs ; [] 
      76                      .dwattr $C$DW$1, DW_AT_TI_end_file("D:/victor TI/Customer issue/Zero/4inOne/Code/sw/modules/fw/src/32
      77                      .dwattr $C$DW$1, DW_AT_TI_end_line(0x42)
      78                      .dwattr $C$DW$1, DW_AT_TI_end_column(0x01)
      79                      .dwendentry
      80                      .dwendtag $C$DW$1
      81              
      82              
      83              ;***************************************************************
      84              ;* TYPE INFORMATION                                            *
      85              ;***************************************************************
      86              
      87              $C$DW$T$22      .dwtag  DW_TAG_structure_type
      88                      .dwattr $C$DW$T$22, DW_AT_name("_FW_Obj_")
      89                      .dwattr $C$DW$T$22, DW_AT_byte_size(0x14)
      90              $C$DW$7 .dwtag  DW_TAG_member
      91                      .dwattr $C$DW$7, DW_AT_type(*$C$DW$T$19)
      92                      .dwattr $C$DW$7, DW_AT_name("numIsrTicksPerFwTick")
      93                      .dwattr $C$DW$7, DW_AT_TI_symbol_name("_numIsrTicksPerFwTick")
      94                      .dwattr $C$DW$7, DW_AT_data_member_location[DW_OP_plus_uconst 0x0]
      95                      .dwattr $C$DW$7, DW_AT_accessibility(DW_ACCESS_public)
      96              $C$DW$8 .dwtag  DW_TAG_member
      97                      .dwattr $C$DW$8, DW_AT_type(*$C$DW$T$19)
      98                      .dwattr $C$DW$8, DW_AT_name("counter_fw")
      99                      .dwattr $C$DW$8, DW_AT_TI_symbol_name("_counter_fw")
     100                      .dwattr $C$DW$8, DW_AT_data_member_location[DW_OP_plus_uconst 0x2]
     101                      .dwattr $C$DW$8, DW_AT_accessibility(DW_ACCESS_public)
     102              $C$DW$9 .dwtag  DW_TAG_member
     103                      .dwattr $C$DW$9, DW_AT_type(*$C$DW$T$20)
     104                      .dwattr $C$DW$9, DW_AT_name("delta_inc")
     105                      .dwattr $C$DW$9, DW_AT_TI_symbol_name("_delta_inc")
     106                      .dwattr $C$DW$9, DW_AT_data_member_location[DW_OP_plus_uconst 0x4]
     107                      .dwattr $C$DW$9, DW_AT_accessibility(DW_ACCESS_public)
     108              $C$DW$10        .dwtag  DW_TAG_member
     109                      .dwattr $C$DW$10, DW_AT_type(*$C$DW$T$20)
     110                      .dwattr $C$DW$10, DW_AT_name("delta_dec")
TMS320C2000 Assembler PC v6.2.3 Mon Aug 03 18:20:34 2015

Tools Copyright (c) 1996-2013 Texas Instruments Incorporated
C:\Users\a0220341\AppData\Local\Temp\2224010                         PAGE    3

     111                      .dwattr $C$DW$10, DW_AT_TI_symbol_name("_delta_dec")
     112                      .dwattr $C$DW$10, DW_AT_data_member_location[DW_OP_plus_uconst 0x6]
     113                      .dwattr $C$DW$10, DW_AT_accessibility(DW_ACCESS_public)
     114              $C$DW$11        .dwtag  DW_TAG_member
     115                      .dwattr $C$DW$11, DW_AT_type(*$C$DW$T$20)
     116                      .dwattr $C$DW$11, DW_AT_name("refValue")
     117                      .dwattr $C$DW$11, DW_AT_TI_symbol_name("_refValue")
     118                      .dwattr $C$DW$11, DW_AT_data_member_location[DW_OP_plus_uconst 0x8]
     119                      .dwattr $C$DW$11, DW_AT_accessibility(DW_ACCESS_public)
     120              $C$DW$12        .dwtag  DW_TAG_member
     121                      .dwattr $C$DW$12, DW_AT_type(*$C$DW$T$20)
     122                      .dwattr $C$DW$12, DW_AT_name("fbackValue")
     123                      .dwattr $C$DW$12, DW_AT_TI_symbol_name("_fbackValue")
     124                      .dwattr $C$DW$12, DW_AT_data_member_location[DW_OP_plus_uconst 0xa]
     125                      .dwattr $C$DW$12, DW_AT_accessibility(DW_ACCESS_public)
     126              $C$DW$13        .dwtag  DW_TAG_member
     127                      .dwattr $C$DW$13, DW_AT_type(*$C$DW$T$20)
     128                      .dwattr $C$DW$13, DW_AT_name("output")
     129                      .dwattr $C$DW$13, DW_AT_TI_symbol_name("_output")
     130                      .dwattr $C$DW$13, DW_AT_data_member_location[DW_OP_plus_uconst 0xc]
     131                      .dwattr $C$DW$13, DW_AT_accessibility(DW_ACCESS_public)
     132              $C$DW$14        .dwtag  DW_TAG_member
     133                      .dwattr $C$DW$14, DW_AT_type(*$C$DW$T$20)
     134                      .dwattr $C$DW$14, DW_AT_name("outMin")
     135                      .dwattr $C$DW$14, DW_AT_TI_symbol_name("_outMin")
     136                      .dwattr $C$DW$14, DW_AT_data_member_location[DW_OP_plus_uconst 0xe]
     137                      .dwattr $C$DW$14, DW_AT_accessibility(DW_ACCESS_public)
     138              $C$DW$15        .dwtag  DW_TAG_member
     139                      .dwattr $C$DW$15, DW_AT_type(*$C$DW$T$20)
     140                      .dwattr $C$DW$15, DW_AT_name("outMax")
     141                      .dwattr $C$DW$15, DW_AT_TI_symbol_name("_outMax")
     142                      .dwattr $C$DW$15, DW_AT_data_member_location[DW_OP_plus_uconst 0x10]
     143                      .dwattr $C$DW$15, DW_AT_accessibility(DW_ACCESS_public)
     144              $C$DW$16        .dwtag  DW_TAG_member
     145                      .dwattr $C$DW$16, DW_AT_type(*$C$DW$T$21)
     146                      .dwattr $C$DW$16, DW_AT_name("flag_enableFw")
     147                      .dwattr $C$DW$16, DW_AT_TI_symbol_name("_flag_enableFw")
     148                      .dwattr $C$DW$16, DW_AT_data_member_location[DW_OP_plus_uconst 0x12]
     149                      .dwattr $C$DW$16, DW_AT_accessibility(DW_ACCESS_public)
     150                      .dwendtag $C$DW$T$22
     151              
     152              $C$DW$T$23      .dwtag  DW_TAG_pointer_type
     153                      .dwattr $C$DW$T$23, DW_AT_type(*$C$DW$T$22)
     154                      .dwattr $C$DW$T$23, DW_AT_address_class(0x16)
     155              $C$DW$T$24      .dwtag  DW_TAG_typedef, DW_AT_name("FW_Handle")
     156                      .dwattr $C$DW$T$24, DW_AT_type(*$C$DW$T$23)
     157                      .dwattr $C$DW$T$24, DW_AT_language(DW_LANG_C)
     158              $C$DW$T$3       .dwtag  DW_TAG_pointer_type
     159                      .dwattr $C$DW$T$3, DW_AT_address_class(0x16)
     160              $C$DW$17        .dwtag  DW_TAG_TI_far_type
     161                      .dwattr $C$DW$17, DW_AT_type(*$C$DW$T$3)
     162              $C$DW$T$29      .dwtag  DW_TAG_const_type
     163                      .dwattr $C$DW$T$29, DW_AT_type(*$C$DW$17)
     164              $C$DW$T$4       .dwtag  DW_TAG_base_type
     165                      .dwattr $C$DW$T$4, DW_AT_encoding(DW_ATE_boolean)
TMS320C2000 Assembler PC v6.2.3 Mon Aug 03 18:20:34 2015

Tools Copyright (c) 1996-2013 Texas Instruments Incorporated
C:\Users\a0220341\AppData\Local\Temp\2224010                         PAGE    4

     166                      .dwattr $C$DW$T$4, DW_AT_name("bool")
     167                      .dwattr $C$DW$T$4, DW_AT_byte_size(0x01)
     168              $C$DW$T$5       .dwtag  DW_TAG_base_type
     169                      .dwattr $C$DW$T$5, DW_AT_encoding(DW_ATE_signed_char)
     170                      .dwattr $C$DW$T$5, DW_AT_name("signed char")
     171                      .dwattr $C$DW$T$5, DW_AT_byte_size(0x01)
     172              $C$DW$T$6       .dwtag  DW_TAG_base_type
     173                      .dwattr $C$DW$T$6, DW_AT_encoding(DW_ATE_unsigned_char)
     174                      .dwattr $C$DW$T$6, DW_AT_name("unsigned char")
     175                      .dwattr $C$DW$T$6, DW_AT_byte_size(0x01)
     176              $C$DW$T$7       .dwtag  DW_TAG_base_type
     177                      .dwattr $C$DW$T$7, DW_AT_encoding(DW_ATE_signed_char)
     178                      .dwattr $C$DW$T$7, DW_AT_name("wchar_t")
     179                      .dwattr $C$DW$T$7, DW_AT_byte_size(0x01)
     180              $C$DW$T$8       .dwtag  DW_TAG_base_type
     181                      .dwattr $C$DW$T$8, DW_AT_encoding(DW_ATE_signed)
     182                      .dwattr $C$DW$T$8, DW_AT_name("short")
     183                      .dwattr $C$DW$T$8, DW_AT_byte_size(0x01)
     184              $C$DW$T$9       .dwtag  DW_TAG_base_type
     185                      .dwattr $C$DW$T$9, DW_AT_encoding(DW_ATE_unsigned)
     186                      .dwattr $C$DW$T$9, DW_AT_name("unsigned short")
     187                      .dwattr $C$DW$T$9, DW_AT_byte_size(0x01)
     188              $C$DW$T$10      .dwtag  DW_TAG_base_type
     189                      .dwattr $C$DW$T$10, DW_AT_encoding(DW_ATE_signed)
     190                      .dwattr $C$DW$T$10, DW_AT_name("int")
     191                      .dwattr $C$DW$T$10, DW_AT_byte_size(0x01)
     192              $C$DW$T$11      .dwtag  DW_TAG_base_type
     193                      .dwattr $C$DW$T$11, DW_AT_encoding(DW_ATE_unsigned)
     194                      .dwattr $C$DW$T$11, DW_AT_name("unsigned int")
     195                      .dwattr $C$DW$T$11, DW_AT_byte_size(0x01)
     196              $C$DW$T$21      .dwtag  DW_TAG_typedef, DW_AT_name("_Bool")
     197                      .dwattr $C$DW$T$21, DW_AT_type(*$C$DW$T$11)
     198                      .dwattr $C$DW$T$21, DW_AT_language(DW_LANG_C)
     199              $C$DW$T$12      .dwtag  DW_TAG_base_type
     200                      .dwattr $C$DW$T$12, DW_AT_encoding(DW_ATE_signed)
     201                      .dwattr $C$DW$T$12, DW_AT_name("long")
     202                      .dwattr $C$DW$T$12, DW_AT_byte_size(0x02)
     203              $C$DW$T$20      .dwtag  DW_TAG_typedef, DW_AT_name("_iq")
     204                      .dwattr $C$DW$T$20, DW_AT_type(*$C$DW$T$12)
     205                      .dwattr $C$DW$T$20, DW_AT_language(DW_LANG_C)
     206              $C$DW$T$13      .dwtag  DW_TAG_base_type
     207                      .dwattr $C$DW$T$13, DW_AT_encoding(DW_ATE_unsigned)
     208                      .dwattr $C$DW$T$13, DW_AT_name("unsigned long")
     209                      .dwattr $C$DW$T$13, DW_AT_byte_size(0x02)
     210              $C$DW$T$25      .dwtag  DW_TAG_typedef, DW_AT_name("size_t")
     211                      .dwattr $C$DW$T$25, DW_AT_type(*$C$DW$T$13)
     212                      .dwattr $C$DW$T$25, DW_AT_language(DW_LANG_C)
     213              $C$DW$18        .dwtag  DW_TAG_TI_far_type
     214                      .dwattr $C$DW$18, DW_AT_type(*$C$DW$T$25)
     215              $C$DW$T$26      .dwtag  DW_TAG_const_type
     216                      .dwattr $C$DW$T$26, DW_AT_type(*$C$DW$18)
     217              $C$DW$T$19      .dwtag  DW_TAG_typedef, DW_AT_name("uint32_t")
     218                      .dwattr $C$DW$T$19, DW_AT_type(*$C$DW$T$13)
     219                      .dwattr $C$DW$T$19, DW_AT_language(DW_LANG_C)
     220              $C$DW$T$14      .dwtag  DW_TAG_base_type
TMS320C2000 Assembler PC v6.2.3 Mon Aug 03 18:20:34 2015

Tools Copyright (c) 1996-2013 Texas Instruments Incorporated
C:\Users\a0220341\AppData\Local\Temp\2224010                         PAGE    5

     221                      .dwattr $C$DW$T$14, DW_AT_encoding(DW_ATE_signed)
     222                      .dwattr $C$DW$T$14, DW_AT_name("long long")
     223                      .dwattr $C$DW$T$14, DW_AT_byte_size(0x04)
     224              $C$DW$T$15      .dwtag  DW_TAG_base_type
     225                      .dwattr $C$DW$T$15, DW_AT_encoding(DW_ATE_unsigned)
     226                      .dwattr $C$DW$T$15, DW_AT_name("unsigned long long")
     227                      .dwattr $C$DW$T$15, DW_AT_byte_size(0x04)
     228              $C$DW$T$16      .dwtag  DW_TAG_base_type
     229                      .dwattr $C$DW$T$16, DW_AT_encoding(DW_ATE_float)
     230                      .dwattr $C$DW$T$16, DW_AT_name("float")
     231                      .dwattr $C$DW$T$16, DW_AT_byte_size(0x02)
     232              $C$DW$T$17      .dwtag  DW_TAG_base_type
     233                      .dwattr $C$DW$T$17, DW_AT_encoding(DW_ATE_float)
     234                      .dwattr $C$DW$T$17, DW_AT_name("double")
     235                      .dwattr $C$DW$T$17, DW_AT_byte_size(0x02)
     236              $C$DW$T$18      .dwtag  DW_TAG_base_type
     237                      .dwattr $C$DW$T$18, DW_AT_encoding(DW_ATE_float)
     238                      .dwattr $C$DW$T$18, DW_AT_name("long double")
     239                      .dwattr $C$DW$T$18, DW_AT_byte_size(0x04)
     240                      .dwattr $C$DW$CU, DW_AT_language(DW_LANG_C)
     241              
     242              ;***************************************************************
     243              ;* DWARF CIE ENTRIES                                           *
     244              ;***************************************************************
     245              
     246              $C$DW$CIE       .dwcie 78
     247                      .dwcfi  cfa_register, 20
     248                      .dwcfi  cfa_offset, 0
     249                      .dwcfi  undefined, 0
     250                      .dwcfi  undefined, 1
     251                      .dwcfi  undefined, 2
     252                      .dwcfi  undefined, 3
     253                      .dwcfi  undefined, 20
     254                      .dwcfi  undefined, 21
     255                      .dwcfi  undefined, 22
     256                      .dwcfi  undefined, 23
     257                      .dwcfi  undefined, 24
     258                      .dwcfi  undefined, 25
     259                      .dwcfi  undefined, 26
     260                      .dwcfi  same_value, 28
     261                      .dwcfi  undefined, 29
     262                      .dwcfi  undefined, 30
     263                      .dwcfi  undefined, 31
     264                      .dwcfi  undefined, 32
     265                      .dwcfi  undefined, 33
     266                      .dwcfi  undefined, 34
     267                      .dwcfi  undefined, 35
     268                      .dwcfi  undefined, 36
     269                      .dwcfi  undefined, 37
     270                      .dwcfi  undefined, 38
     271                      .dwcfi  undefined, 75
     272                      .dwcfi  undefined, 76
     273                      .dwcfi  undefined, 77
     274                      .dwcfi  undefined, 4
     275                      .dwcfi  same_value, 6
TMS320C2000 Assembler PC v6.2.3 Mon Aug 03 18:20:34 2015

Tools Copyright (c) 1996-2013 Texas Instruments Incorporated
C:\Users\a0220341\AppData\Local\Temp\2224010                         PAGE    6

     276                      .dwcfi  same_value, 8
     277                      .dwcfi  same_value, 10
     278                      .dwcfi  undefined, 12
     279                      .dwcfi  undefined, 14
     280                      .dwcfi  undefined, 16
     281                      .dwcfi  undefined, 17
     282                      .dwcfi  undefined, 18
     283                      .dwcfi  undefined, 19
     284                      .dwcfi  undefined, 5
     285                      .dwcfi  same_value, 7
     286                      .dwcfi  same_value, 9
     287                      .dwcfi  same_value, 11
     288                      .dwcfi  undefined, 13
     289                      .dwcfi  undefined, 15
     290                      .dwcfi  undefined, 78
     291                      .dwendentry
     292              
     293              ;***************************************************************
     294              ;* DWARF REGISTER MAP                                          *
     295              ;***************************************************************
     296              
     297              $C$DW$19        .dwtag  DW_TAG_TI_assign_register, DW_AT_name("AL")
     298                      .dwattr $C$DW$19, DW_AT_location[DW_OP_reg0]
     299              $C$DW$20        .dwtag  DW_TAG_TI_assign_register, DW_AT_name("AH")
     300                      .dwattr $C$DW$20, DW_AT_location[DW_OP_reg1]
     301              $C$DW$21        .dwtag  DW_TAG_TI_assign_register, DW_AT_name("PL")
     302                      .dwattr $C$DW$21, DW_AT_location[DW_OP_reg2]
     303              $C$DW$22        .dwtag  DW_TAG_TI_assign_register, DW_AT_name("PH")
     304                      .dwattr $C$DW$22, DW_AT_location[DW_OP_reg3]
     305              $C$DW$23        .dwtag  DW_TAG_TI_assign_register, DW_AT_name("SP")
     306                      .dwattr $C$DW$23, DW_AT_location[DW_OP_reg20]
     307              $C$DW$24        .dwtag  DW_TAG_TI_assign_register, DW_AT_name("XT")
     308                      .dwattr $C$DW$24, DW_AT_location[DW_OP_reg21]
     309              $C$DW$25        .dwtag  DW_TAG_TI_assign_register, DW_AT_name("T")
     310                      .dwattr $C$DW$25, DW_AT_location[DW_OP_reg22]
     311              $C$DW$26        .dwtag  DW_TAG_TI_assign_register, DW_AT_name("ST0")
     312                      .dwattr $C$DW$26, DW_AT_location[DW_OP_reg23]
     313              $C$DW$27        .dwtag  DW_TAG_TI_assign_register, DW_AT_name("ST1")
     314                      .dwattr $C$DW$27, DW_AT_location[DW_OP_reg24]
     315              $C$DW$28        .dwtag  DW_TAG_TI_assign_register, DW_AT_name("PC")
     316                      .dwattr $C$DW$28, DW_AT_location[DW_OP_reg25]
     317              $C$DW$29        .dwtag  DW_TAG_TI_assign_register, DW_AT_name("RPC")
     318                      .dwattr $C$DW$29, DW_AT_location[DW_OP_reg26]
     319              $C$DW$30        .dwtag  DW_TAG_TI_assign_register, DW_AT_name("FP")
     320                      .dwattr $C$DW$30, DW_AT_location[DW_OP_reg28]
     321              $C$DW$31        .dwtag  DW_TAG_TI_assign_register, DW_AT_name("DP")
     322                      .dwattr $C$DW$31, DW_AT_location[DW_OP_reg29]
     323              $C$DW$32        .dwtag  DW_TAG_TI_assign_register, DW_AT_name("SXM")
     324                      .dwattr $C$DW$32, DW_AT_location[DW_OP_reg30]
     325              $C$DW$33        .dwtag  DW_TAG_TI_assign_register, DW_AT_name("PM")
     326                      .dwattr $C$DW$33, DW_AT_location[DW_OP_reg31]
     327              $C$DW$34        .dwtag  DW_TAG_TI_assign_register, DW_AT_name("OVM")
     328                      .dwattr $C$DW$34, DW_AT_location[DW_OP_regx 0x20]
     329              $C$DW$35        .dwtag  DW_TAG_TI_assign_register, DW_AT_name("PAGE0")
     330                      .dwattr $C$DW$35, DW_AT_location[DW_OP_regx 0x21]
TMS320C2000 Assembler PC v6.2.3 Mon Aug 03 18:20:34 2015

Tools Copyright (c) 1996-2013 Texas Instruments Incorporated
C:\Users\a0220341\AppData\Local\Temp\2224010                         PAGE    7

     331              $C$DW$36        .dwtag  DW_TAG_TI_assign_register, DW_AT_name("AMODE")
     332                      .dwattr $C$DW$36, DW_AT_location[DW_OP_regx 0x22]
     333              $C$DW$37        .dwtag  DW_TAG_TI_assign_register, DW_AT_name("INTM")
     334                      .dwattr $C$DW$37, DW_AT_location[DW_OP_regx 0x23]
     335              $C$DW$38        .dwtag  DW_TAG_TI_assign_register, DW_AT_name("IFR")
     336                      .dwattr $C$DW$38, DW_AT_location[DW_OP_regx 0x24]
     337              $C$DW$39        .dwtag  DW_TAG_TI_assign_register, DW_AT_name("IER")
     338                      .dwattr $C$DW$39, DW_AT_location[DW_OP_regx 0x25]
     339              $C$DW$40        .dwtag  DW_TAG_TI_assign_register, DW_AT_name("V")
     340                      .dwattr $C$DW$40, DW_AT_location[DW_OP_regx 0x26]
     341              $C$DW$41        .dwtag  DW_TAG_TI_assign_register, DW_AT_name("PSEUDOH")
     342                      .dwattr $C$DW$41, DW_AT_location[DW_OP_regx 0x4c]
     343              $C$DW$42        .dwtag  DW_TAG_TI_assign_register, DW_AT_name("VOL")
     344                      .dwattr $C$DW$42, DW_AT_location[DW_OP_regx 0x4d]
     345              $C$DW$43        .dwtag  DW_TAG_TI_assign_register, DW_AT_name("AR0")
     346                      .dwattr $C$DW$43, DW_AT_location[DW_OP_reg4]
     347              $C$DW$44        .dwtag  DW_TAG_TI_assign_register, DW_AT_name("AR1")
     348                      .dwattr $C$DW$44, DW_AT_location[DW_OP_reg6]
     349              $C$DW$45        .dwtag  DW_TAG_TI_assign_register, DW_AT_name("AR2")
     350                      .dwattr $C$DW$45, DW_AT_location[DW_OP_reg8]
     351              $C$DW$46        .dwtag  DW_TAG_TI_assign_register, DW_AT_name("AR3")
     352                      .dwattr $C$DW$46, DW_AT_location[DW_OP_reg10]
     353              $C$DW$47        .dwtag  DW_TAG_TI_assign_register, DW_AT_name("AR4")
     354                      .dwattr $C$DW$47, DW_AT_location[DW_OP_reg12]
     355              $C$DW$48        .dwtag  DW_TAG_TI_assign_register, DW_AT_name("AR5")
     356                      .dwattr $C$DW$48, DW_AT_location[DW_OP_reg14]
     357              $C$DW$49        .dwtag  DW_TAG_TI_assign_register, DW_AT_name("AR6")
     358                      .dwattr $C$DW$49, DW_AT_location[DW_OP_reg16]
     359              $C$DW$50        .dwtag  DW_TAG_TI_assign_register, DW_AT_name("XAR6")
     360                      .dwattr $C$DW$50, DW_AT_location[DW_OP_reg17]
     361              $C$DW$51        .dwtag  DW_TAG_TI_assign_register, DW_AT_name("AR7")
     362                      .dwattr $C$DW$51, DW_AT_location[DW_OP_reg18]
     363              $C$DW$52        .dwtag  DW_TAG_TI_assign_register, DW_AT_name("XAR7")
     364                      .dwattr $C$DW$52, DW_AT_location[DW_OP_reg19]
     365              $C$DW$53        .dwtag  DW_TAG_TI_assign_register, DW_AT_name("XAR0")
     366                      .dwattr $C$DW$53, DW_AT_location[DW_OP_reg5]
     367              $C$DW$54        .dwtag  DW_TAG_TI_assign_register, DW_AT_name("XAR1")
     368                      .dwattr $C$DW$54, DW_AT_location[DW_OP_reg7]
     369              $C$DW$55        .dwtag  DW_TAG_TI_assign_register, DW_AT_name("XAR2")
     370                      .dwattr $C$DW$55, DW_AT_location[DW_OP_reg9]
     371              $C$DW$56        .dwtag  DW_TAG_TI_assign_register, DW_AT_name("XAR3")
     372                      .dwattr $C$DW$56, DW_AT_location[DW_OP_reg11]
     373              $C$DW$57        .dwtag  DW_TAG_TI_assign_register, DW_AT_name("XAR4")
     374                      .dwattr $C$DW$57, DW_AT_location[DW_OP_reg13]
     375              $C$DW$58        .dwtag  DW_TAG_TI_assign_register, DW_AT_name("XAR5")
     376                      .dwattr $C$DW$58, DW_AT_location[DW_OP_reg15]
     377              $C$DW$59        .dwtag  DW_TAG_TI_assign_register, DW_AT_name("CIE_RETA")
     378                      .dwattr $C$DW$59, DW_AT_location[DW_OP_regx 0x4e]
     379                      .dwendtag $C$DW$CU
     380              

No Assembly Errors, No Assembly Warnings
