TMS320C2000 Assembler PC v6.2.3 Mon Aug 03 18:20:46 2015

Tools Copyright (c) 1996-2013 Texas Instruments Incorporated
C:\Users\a0220341\AppData\Local\Temp\2081610                         PAGE    1

       1              ;***************************************************************
       2              ;* TMS320C2000 C/C++ Codegen                         PC v6.2.3 *
       3              ;* Date/Time created: Mon Aug 03 18:20:45 2015                 *
       4              ;***************************************************************
       5                      .compiler_opts --float_support=softlib --hll_source=on --mem_model:code=flat --mem_model:data=large -
       6        0002  FP      .set    XAR2
       7              
       8              $C$DW$CU        .dwtag  DW_TAG_compile_unit
       9                      .dwattr $C$DW$CU, DW_AT_name("D:/victor TI/Customer issue/Zero/4inOne/Code/sw/modules/pid/src/32b/pid
      10                      .dwattr $C$DW$CU, DW_AT_producer("TMS320C2000 C/C++ Codegen PC v6.2.3 Copyright (c) 1996-2013 Texas I
      11                      .dwattr $C$DW$CU, DW_AT_TI_version(0x01)
      12                      .dwattr $C$DW$CU, DW_AT_comp_dir("D:\victor TI\Customer issue\Zero\4inOne\Code\sw\solutions\instaspin
      13              ;       C:\ti\ccsv6\tools\compiler\ti-cgt-c2000_6.2.3\bin\opt2000.exe C:\\Users\\a0220341\\AppData\\Local\\Te
      14              ;       C:\ti\ccsv6\tools\compiler\ti-cgt-c2000_6.2.3\bin\ac2000.exe -@C:\\Users\\a0220341\\AppData\\Local\\T
      15 00000000               .sect   ".text"
      16                      .global _PID_init
      17              
      18              $C$DW$1 .dwtag  DW_TAG_subprogram, DW_AT_name("PID_init")
      19                      .dwattr $C$DW$1, DW_AT_low_pc(_PID_init)
      20                      .dwattr $C$DW$1, DW_AT_high_pc(0x00)
      21                      .dwattr $C$DW$1, DW_AT_TI_symbol_name("_PID_init")
      22                      .dwattr $C$DW$1, DW_AT_external
      23                      .dwattr $C$DW$1, DW_AT_type(*$C$DW$T$23)
      24                      .dwattr $C$DW$1, DW_AT_TI_begin_file("D:/victor TI/Customer issue/Zero/4inOne/Code/sw/modules/pid/src
      25                      .dwattr $C$DW$1, DW_AT_TI_begin_line(0x38)
      26                      .dwattr $C$DW$1, DW_AT_TI_begin_column(0x0c)
      27                      .dwattr $C$DW$1, DW_AT_TI_max_frame_size(-2)
      28                      .dwpsn  file "D:/victor TI/Customer issue/Zero/4inOne/Code/sw/modules/pid/src/32b/pid.c",line 57,colu
      29              
      30                      .dwfde $C$DW$CIE, _PID_init
      31              $C$DW$2 .dwtag  DW_TAG_formal_parameter, DW_AT_name("pMemory")
      32                      .dwattr $C$DW$2, DW_AT_TI_symbol_name("_pMemory")
      33                      .dwattr $C$DW$2, DW_AT_type(*$C$DW$T$3)
      34                      .dwattr $C$DW$2, DW_AT_location[DW_OP_reg12]
      35              $C$DW$3 .dwtag  DW_TAG_formal_parameter, DW_AT_name("numBytes")
      36                      .dwattr $C$DW$3, DW_AT_TI_symbol_name("_numBytes")
      37                      .dwattr $C$DW$3, DW_AT_type(*$C$DW$T$25)
      38                      .dwattr $C$DW$3, DW_AT_location[DW_OP_reg0]
      39              
      40              ;***************************************************************
      41              ;* FNAME: _PID_init                     FR SIZE:   0           *
      42              ;*                                                             *
      43              ;* FUNCTION ENVIRONMENT                                        *
      44              ;*                                                             *
      45              ;* FUNCTION PROPERTIES                                         *
      46              ;*                            0 Parameter,  0 Auto,  0 SOE     *
      47              ;***************************************************************
      48              
      49              _PID_init:
      50              ;* AR6   assigned to _numBytes
      51              $C$DW$4 .dwtag  DW_TAG_variable, DW_AT_name("numBytes")
      52                      .dwattr $C$DW$4, DW_AT_TI_symbol_name("_numBytes")
      53                      .dwattr $C$DW$4, DW_AT_type(*$C$DW$T$25)
      54                      .dwattr $C$DW$4, DW_AT_location[DW_OP_reg16]
      55              ;* AR4   assigned to _pMemory
TMS320C2000 Assembler PC v6.2.3 Mon Aug 03 18:20:46 2015

Tools Copyright (c) 1996-2013 Texas Instruments Incorporated
C:\Users\a0220341\AppData\Local\Temp\2081610                         PAGE    2

      56              $C$DW$5 .dwtag  DW_TAG_variable, DW_AT_name("pMemory")
      57                      .dwattr $C$DW$5, DW_AT_TI_symbol_name("_pMemory")
      58                      .dwattr $C$DW$5, DW_AT_type(*$C$DW$T$28)
      59                      .dwattr $C$DW$5, DW_AT_location[DW_OP_reg12]
      60                      .dwcfi  cfa_offset, -2
      61                      .dwcfi  save_reg_to_mem, 26, 0
      62                      .dwcfi  save_reg_to_reg, 78, 26
      63 00000000 1EA6          MOVL      XAR6,ACC              ; [CPU_] |57| 
      64                      .dwpsn  file "D:/victor TI/Customer issue/Zero/4inOne/Code/sw/modules/pid/src/32b/pid.c",line 61,colu
      65 00000001 0210          MOVB      ACC,#16               ; [CPU_] |61| 
      66 00000002 0FA6          CMPL      ACC,XAR6              ; [CPU_] |61| 
      67 00000003 6903          B         $C$L1,LOS             ; [CPU_] |61| 
      68                      ; branchcc occurs ; [] |61| 
      69                      .dwpsn  file "D:/victor TI/Customer issue/Zero/4inOne/Code/sw/modules/pid/src/32b/pid.c",line 62,colu
      70 00000004 D400          MOVB      XAR4,#0               ; [CPU_] |62| 
      71              $C$DW$6 .dwtag  DW_TAG_TI_branch
      72                      .dwattr $C$DW$6, DW_AT_low_pc(0x00)
      73                      .dwattr $C$DW$6, DW_AT_TI_return
      74 00000005 0006          LRETR     ; [CPU_] 
      75                      ; return occurs ; [] 
      76 00000006       $C$L1:    
      77                      .dwpsn  file "D:/victor TI/Customer issue/Zero/4inOne/Code/sw/modules/pid/src/32b/pid.h",line 413,col
      78 00000006 0200          MOVB      ACC,#0                ; [CPU_] |413| 
      79                      .dwpsn  file "D:/victor TI/Customer issue/Zero/4inOne/Code/sw/modules/pid/src/32b/pid.h",line 400,col
      80 00000007 D008          MOVB      XAR0,#8               ; [CPU_] |400| 
      81                      .dwpsn  file "D:/victor TI/Customer issue/Zero/4inOne/Code/sw/modules/pid/src/32b/pid.h",line 413,col
      82 00000008 1EF4          MOVL      *+XAR4[6],ACC         ; [CPU_] |413| 
      83                      .dwpsn  file "D:/victor TI/Customer issue/Zero/4inOne/Code/sw/modules/pid/src/32b/pid.h",line 400,col
      84 00000009 1E94          MOVL      *+XAR4[AR0],ACC       ; [CPU_] |400| 
      85                      .dwpsn  file "D:/victor TI/Customer issue/Zero/4inOne/Code/sw/modules/pid/src/32b/pid.h",line 290,col
      86 0000000a D00A          MOVB      XAR0,#10              ; [CPU_] |290| 
      87 0000000b 1E94          MOVL      *+XAR4[AR0],ACC       ; [CPU_] |290| 
      88              $C$DW$7 .dwtag  DW_TAG_TI_branch
      89                      .dwattr $C$DW$7, DW_AT_low_pc(0x00)
      90                      .dwattr $C$DW$7, DW_AT_TI_return
      91 0000000c 0006          LRETR     ; [CPU_] 
      92                      ; return occurs ; [] 
      93                      .dwattr $C$DW$1, DW_AT_TI_end_file("D:/victor TI/Customer issue/Zero/4inOne/Code/sw/modules/pid/src/3
      94                      .dwattr $C$DW$1, DW_AT_TI_end_line(0x49)
      95                      .dwattr $C$DW$1, DW_AT_TI_end_column(0x01)
      96                      .dwendentry
      97                      .dwendtag $C$DW$1
      98              
      99              
     100              ;***************************************************************
     101              ;* TYPE INFORMATION                                            *
     102              ;***************************************************************
     103              
     104              $C$DW$T$20      .dwtag  DW_TAG_structure_type
     105                      .dwattr $C$DW$T$20, DW_AT_name("_PID_Obj_")
     106                      .dwattr $C$DW$T$20, DW_AT_byte_size(0x10)
     107              $C$DW$8 .dwtag  DW_TAG_member
     108                      .dwattr $C$DW$8, DW_AT_type(*$C$DW$T$19)
     109                      .dwattr $C$DW$8, DW_AT_name("Kp")
     110                      .dwattr $C$DW$8, DW_AT_TI_symbol_name("_Kp")
TMS320C2000 Assembler PC v6.2.3 Mon Aug 03 18:20:46 2015

Tools Copyright (c) 1996-2013 Texas Instruments Incorporated
C:\Users\a0220341\AppData\Local\Temp\2081610                         PAGE    3

     111                      .dwattr $C$DW$8, DW_AT_data_member_location[DW_OP_plus_uconst 0x0]
     112                      .dwattr $C$DW$8, DW_AT_accessibility(DW_ACCESS_public)
     113              $C$DW$9 .dwtag  DW_TAG_member
     114                      .dwattr $C$DW$9, DW_AT_type(*$C$DW$T$19)
     115                      .dwattr $C$DW$9, DW_AT_name("Ki")
     116                      .dwattr $C$DW$9, DW_AT_TI_symbol_name("_Ki")
     117                      .dwattr $C$DW$9, DW_AT_data_member_location[DW_OP_plus_uconst 0x2]
     118                      .dwattr $C$DW$9, DW_AT_accessibility(DW_ACCESS_public)
     119              $C$DW$10        .dwtag  DW_TAG_member
     120                      .dwattr $C$DW$10, DW_AT_type(*$C$DW$T$19)
     121                      .dwattr $C$DW$10, DW_AT_name("Kd")
     122                      .dwattr $C$DW$10, DW_AT_TI_symbol_name("_Kd")
     123                      .dwattr $C$DW$10, DW_AT_data_member_location[DW_OP_plus_uconst 0x4]
     124                      .dwattr $C$DW$10, DW_AT_accessibility(DW_ACCESS_public)
     125              $C$DW$11        .dwtag  DW_TAG_member
     126                      .dwattr $C$DW$11, DW_AT_type(*$C$DW$T$19)
     127                      .dwattr $C$DW$11, DW_AT_name("Ui")
     128                      .dwattr $C$DW$11, DW_AT_TI_symbol_name("_Ui")
     129                      .dwattr $C$DW$11, DW_AT_data_member_location[DW_OP_plus_uconst 0x6]
     130                      .dwattr $C$DW$11, DW_AT_accessibility(DW_ACCESS_public)
     131              $C$DW$12        .dwtag  DW_TAG_member
     132                      .dwattr $C$DW$12, DW_AT_type(*$C$DW$T$19)
     133                      .dwattr $C$DW$12, DW_AT_name("refValue")
     134                      .dwattr $C$DW$12, DW_AT_TI_symbol_name("_refValue")
     135                      .dwattr $C$DW$12, DW_AT_data_member_location[DW_OP_plus_uconst 0x8]
     136                      .dwattr $C$DW$12, DW_AT_accessibility(DW_ACCESS_public)
     137              $C$DW$13        .dwtag  DW_TAG_member
     138                      .dwattr $C$DW$13, DW_AT_type(*$C$DW$T$19)
     139                      .dwattr $C$DW$13, DW_AT_name("fbackValue")
     140                      .dwattr $C$DW$13, DW_AT_TI_symbol_name("_fbackValue")
     141                      .dwattr $C$DW$13, DW_AT_data_member_location[DW_OP_plus_uconst 0xa]
     142                      .dwattr $C$DW$13, DW_AT_accessibility(DW_ACCESS_public)
     143              $C$DW$14        .dwtag  DW_TAG_member
     144                      .dwattr $C$DW$14, DW_AT_type(*$C$DW$T$19)
     145                      .dwattr $C$DW$14, DW_AT_name("outMin")
     146                      .dwattr $C$DW$14, DW_AT_TI_symbol_name("_outMin")
     147                      .dwattr $C$DW$14, DW_AT_data_member_location[DW_OP_plus_uconst 0xc]
     148                      .dwattr $C$DW$14, DW_AT_accessibility(DW_ACCESS_public)
     149              $C$DW$15        .dwtag  DW_TAG_member
     150                      .dwattr $C$DW$15, DW_AT_type(*$C$DW$T$19)
     151                      .dwattr $C$DW$15, DW_AT_name("outMax")
     152                      .dwattr $C$DW$15, DW_AT_TI_symbol_name("_outMax")
     153                      .dwattr $C$DW$15, DW_AT_data_member_location[DW_OP_plus_uconst 0xe]
     154                      .dwattr $C$DW$15, DW_AT_accessibility(DW_ACCESS_public)
     155                      .dwendtag $C$DW$T$20
     156              
     157              $C$DW$T$21      .dwtag  DW_TAG_typedef, DW_AT_name("PID_Obj")
     158                      .dwattr $C$DW$T$21, DW_AT_type(*$C$DW$T$20)
     159                      .dwattr $C$DW$T$21, DW_AT_language(DW_LANG_C)
     160              $C$DW$T$22      .dwtag  DW_TAG_pointer_type
     161                      .dwattr $C$DW$T$22, DW_AT_type(*$C$DW$T$20)
     162                      .dwattr $C$DW$T$22, DW_AT_address_class(0x16)
     163              $C$DW$T$23      .dwtag  DW_TAG_typedef, DW_AT_name("PID_Handle")
     164                      .dwattr $C$DW$T$23, DW_AT_type(*$C$DW$T$22)
     165                      .dwattr $C$DW$T$23, DW_AT_language(DW_LANG_C)
TMS320C2000 Assembler PC v6.2.3 Mon Aug 03 18:20:46 2015

Tools Copyright (c) 1996-2013 Texas Instruments Incorporated
C:\Users\a0220341\AppData\Local\Temp\2081610                         PAGE    4

     166              $C$DW$T$3       .dwtag  DW_TAG_pointer_type
     167                      .dwattr $C$DW$T$3, DW_AT_address_class(0x16)
     168              $C$DW$16        .dwtag  DW_TAG_TI_far_type
     169                      .dwattr $C$DW$16, DW_AT_type(*$C$DW$T$3)
     170              $C$DW$T$28      .dwtag  DW_TAG_const_type
     171                      .dwattr $C$DW$T$28, DW_AT_type(*$C$DW$16)
     172              $C$DW$T$4       .dwtag  DW_TAG_base_type
     173                      .dwattr $C$DW$T$4, DW_AT_encoding(DW_ATE_boolean)
     174                      .dwattr $C$DW$T$4, DW_AT_name("bool")
     175                      .dwattr $C$DW$T$4, DW_AT_byte_size(0x01)
     176              $C$DW$T$5       .dwtag  DW_TAG_base_type
     177                      .dwattr $C$DW$T$5, DW_AT_encoding(DW_ATE_signed_char)
     178                      .dwattr $C$DW$T$5, DW_AT_name("signed char")
     179                      .dwattr $C$DW$T$5, DW_AT_byte_size(0x01)
     180              $C$DW$T$6       .dwtag  DW_TAG_base_type
     181                      .dwattr $C$DW$T$6, DW_AT_encoding(DW_ATE_unsigned_char)
     182                      .dwattr $C$DW$T$6, DW_AT_name("unsigned char")
     183                      .dwattr $C$DW$T$6, DW_AT_byte_size(0x01)
     184              $C$DW$T$7       .dwtag  DW_TAG_base_type
     185                      .dwattr $C$DW$T$7, DW_AT_encoding(DW_ATE_signed_char)
     186                      .dwattr $C$DW$T$7, DW_AT_name("wchar_t")
     187                      .dwattr $C$DW$T$7, DW_AT_byte_size(0x01)
     188              $C$DW$T$8       .dwtag  DW_TAG_base_type
     189                      .dwattr $C$DW$T$8, DW_AT_encoding(DW_ATE_signed)
     190                      .dwattr $C$DW$T$8, DW_AT_name("short")
     191                      .dwattr $C$DW$T$8, DW_AT_byte_size(0x01)
     192              $C$DW$T$9       .dwtag  DW_TAG_base_type
     193                      .dwattr $C$DW$T$9, DW_AT_encoding(DW_ATE_unsigned)
     194                      .dwattr $C$DW$T$9, DW_AT_name("unsigned short")
     195                      .dwattr $C$DW$T$9, DW_AT_byte_size(0x01)
     196              $C$DW$T$10      .dwtag  DW_TAG_base_type
     197                      .dwattr $C$DW$T$10, DW_AT_encoding(DW_ATE_signed)
     198                      .dwattr $C$DW$T$10, DW_AT_name("int")
     199                      .dwattr $C$DW$T$10, DW_AT_byte_size(0x01)
     200              $C$DW$T$11      .dwtag  DW_TAG_base_type
     201                      .dwattr $C$DW$T$11, DW_AT_encoding(DW_ATE_unsigned)
     202                      .dwattr $C$DW$T$11, DW_AT_name("unsigned int")
     203                      .dwattr $C$DW$T$11, DW_AT_byte_size(0x01)
     204              $C$DW$T$12      .dwtag  DW_TAG_base_type
     205                      .dwattr $C$DW$T$12, DW_AT_encoding(DW_ATE_signed)
     206                      .dwattr $C$DW$T$12, DW_AT_name("long")
     207                      .dwattr $C$DW$T$12, DW_AT_byte_size(0x02)
     208              $C$DW$T$19      .dwtag  DW_TAG_typedef, DW_AT_name("_iq")
     209                      .dwattr $C$DW$T$19, DW_AT_type(*$C$DW$T$12)
     210                      .dwattr $C$DW$T$19, DW_AT_language(DW_LANG_C)
     211              $C$DW$T$13      .dwtag  DW_TAG_base_type
     212                      .dwattr $C$DW$T$13, DW_AT_encoding(DW_ATE_unsigned)
     213                      .dwattr $C$DW$T$13, DW_AT_name("unsigned long")
     214                      .dwattr $C$DW$T$13, DW_AT_byte_size(0x02)
     215              $C$DW$T$24      .dwtag  DW_TAG_typedef, DW_AT_name("size_t")
     216                      .dwattr $C$DW$T$24, DW_AT_type(*$C$DW$T$13)
     217                      .dwattr $C$DW$T$24, DW_AT_language(DW_LANG_C)
     218              $C$DW$17        .dwtag  DW_TAG_TI_far_type
     219                      .dwattr $C$DW$17, DW_AT_type(*$C$DW$T$24)
     220              $C$DW$T$25      .dwtag  DW_TAG_const_type
TMS320C2000 Assembler PC v6.2.3 Mon Aug 03 18:20:46 2015

Tools Copyright (c) 1996-2013 Texas Instruments Incorporated
C:\Users\a0220341\AppData\Local\Temp\2081610                         PAGE    5

     221                      .dwattr $C$DW$T$25, DW_AT_type(*$C$DW$17)
     222              $C$DW$T$14      .dwtag  DW_TAG_base_type
     223                      .dwattr $C$DW$T$14, DW_AT_encoding(DW_ATE_signed)
     224                      .dwattr $C$DW$T$14, DW_AT_name("long long")
     225                      .dwattr $C$DW$T$14, DW_AT_byte_size(0x04)
     226              $C$DW$T$15      .dwtag  DW_TAG_base_type
     227                      .dwattr $C$DW$T$15, DW_AT_encoding(DW_ATE_unsigned)
     228                      .dwattr $C$DW$T$15, DW_AT_name("unsigned long long")
     229                      .dwattr $C$DW$T$15, DW_AT_byte_size(0x04)
     230              $C$DW$T$16      .dwtag  DW_TAG_base_type
     231                      .dwattr $C$DW$T$16, DW_AT_encoding(DW_ATE_float)
     232                      .dwattr $C$DW$T$16, DW_AT_name("float")
     233                      .dwattr $C$DW$T$16, DW_AT_byte_size(0x02)
     234              $C$DW$T$17      .dwtag  DW_TAG_base_type
     235                      .dwattr $C$DW$T$17, DW_AT_encoding(DW_ATE_float)
     236                      .dwattr $C$DW$T$17, DW_AT_name("double")
     237                      .dwattr $C$DW$T$17, DW_AT_byte_size(0x02)
     238              $C$DW$T$18      .dwtag  DW_TAG_base_type
     239                      .dwattr $C$DW$T$18, DW_AT_encoding(DW_ATE_float)
     240                      .dwattr $C$DW$T$18, DW_AT_name("long double")
     241                      .dwattr $C$DW$T$18, DW_AT_byte_size(0x04)
     242                      .dwattr $C$DW$CU, DW_AT_language(DW_LANG_C)
     243              
     244              ;***************************************************************
     245              ;* DWARF CIE ENTRIES                                           *
     246              ;***************************************************************
     247              
     248              $C$DW$CIE       .dwcie 78
     249                      .dwcfi  cfa_register, 20
     250                      .dwcfi  cfa_offset, 0
     251                      .dwcfi  undefined, 0
     252                      .dwcfi  undefined, 1
     253                      .dwcfi  undefined, 2
     254                      .dwcfi  undefined, 3
     255                      .dwcfi  undefined, 20
     256                      .dwcfi  undefined, 21
     257                      .dwcfi  undefined, 22
     258                      .dwcfi  undefined, 23
     259                      .dwcfi  undefined, 24
     260                      .dwcfi  undefined, 25
     261                      .dwcfi  undefined, 26
     262                      .dwcfi  same_value, 28
     263                      .dwcfi  undefined, 29
     264                      .dwcfi  undefined, 30
     265                      .dwcfi  undefined, 31
     266                      .dwcfi  undefined, 32
     267                      .dwcfi  undefined, 33
     268                      .dwcfi  undefined, 34
     269                      .dwcfi  undefined, 35
     270                      .dwcfi  undefined, 36
     271                      .dwcfi  undefined, 37
     272                      .dwcfi  undefined, 38
     273                      .dwcfi  undefined, 75
     274                      .dwcfi  undefined, 76
     275                      .dwcfi  undefined, 77
TMS320C2000 Assembler PC v6.2.3 Mon Aug 03 18:20:46 2015

Tools Copyright (c) 1996-2013 Texas Instruments Incorporated
C:\Users\a0220341\AppData\Local\Temp\2081610                         PAGE    6

     276                      .dwcfi  undefined, 4
     277                      .dwcfi  same_value, 6
     278                      .dwcfi  same_value, 8
     279                      .dwcfi  same_value, 10
     280                      .dwcfi  undefined, 12
     281                      .dwcfi  undefined, 14
     282                      .dwcfi  undefined, 16
     283                      .dwcfi  undefined, 17
     284                      .dwcfi  undefined, 18
     285                      .dwcfi  undefined, 19
     286                      .dwcfi  undefined, 5
     287                      .dwcfi  same_value, 7
     288                      .dwcfi  same_value, 9
     289                      .dwcfi  same_value, 11
     290                      .dwcfi  undefined, 13
     291                      .dwcfi  undefined, 15
     292                      .dwcfi  undefined, 78
     293                      .dwendentry
     294              
     295              ;***************************************************************
     296              ;* DWARF REGISTER MAP                                          *
     297              ;***************************************************************
     298              
     299              $C$DW$18        .dwtag  DW_TAG_TI_assign_register, DW_AT_name("AL")
     300                      .dwattr $C$DW$18, DW_AT_location[DW_OP_reg0]
     301              $C$DW$19        .dwtag  DW_TAG_TI_assign_register, DW_AT_name("AH")
     302                      .dwattr $C$DW$19, DW_AT_location[DW_OP_reg1]
     303              $C$DW$20        .dwtag  DW_TAG_TI_assign_register, DW_AT_name("PL")
     304                      .dwattr $C$DW$20, DW_AT_location[DW_OP_reg2]
     305              $C$DW$21        .dwtag  DW_TAG_TI_assign_register, DW_AT_name("PH")
     306                      .dwattr $C$DW$21, DW_AT_location[DW_OP_reg3]
     307              $C$DW$22        .dwtag  DW_TAG_TI_assign_register, DW_AT_name("SP")
     308                      .dwattr $C$DW$22, DW_AT_location[DW_OP_reg20]
     309              $C$DW$23        .dwtag  DW_TAG_TI_assign_register, DW_AT_name("XT")
     310                      .dwattr $C$DW$23, DW_AT_location[DW_OP_reg21]
     311              $C$DW$24        .dwtag  DW_TAG_TI_assign_register, DW_AT_name("T")
     312                      .dwattr $C$DW$24, DW_AT_location[DW_OP_reg22]
     313              $C$DW$25        .dwtag  DW_TAG_TI_assign_register, DW_AT_name("ST0")
     314                      .dwattr $C$DW$25, DW_AT_location[DW_OP_reg23]
     315              $C$DW$26        .dwtag  DW_TAG_TI_assign_register, DW_AT_name("ST1")
     316                      .dwattr $C$DW$26, DW_AT_location[DW_OP_reg24]
     317              $C$DW$27        .dwtag  DW_TAG_TI_assign_register, DW_AT_name("PC")
     318                      .dwattr $C$DW$27, DW_AT_location[DW_OP_reg25]
     319              $C$DW$28        .dwtag  DW_TAG_TI_assign_register, DW_AT_name("RPC")
     320                      .dwattr $C$DW$28, DW_AT_location[DW_OP_reg26]
     321              $C$DW$29        .dwtag  DW_TAG_TI_assign_register, DW_AT_name("FP")
     322                      .dwattr $C$DW$29, DW_AT_location[DW_OP_reg28]
     323              $C$DW$30        .dwtag  DW_TAG_TI_assign_register, DW_AT_name("DP")
     324                      .dwattr $C$DW$30, DW_AT_location[DW_OP_reg29]
     325              $C$DW$31        .dwtag  DW_TAG_TI_assign_register, DW_AT_name("SXM")
     326                      .dwattr $C$DW$31, DW_AT_location[DW_OP_reg30]
     327              $C$DW$32        .dwtag  DW_TAG_TI_assign_register, DW_AT_name("PM")
     328                      .dwattr $C$DW$32, DW_AT_location[DW_OP_reg31]
     329              $C$DW$33        .dwtag  DW_TAG_TI_assign_register, DW_AT_name("OVM")
     330                      .dwattr $C$DW$33, DW_AT_location[DW_OP_regx 0x20]
TMS320C2000 Assembler PC v6.2.3 Mon Aug 03 18:20:46 2015

Tools Copyright (c) 1996-2013 Texas Instruments Incorporated
C:\Users\a0220341\AppData\Local\Temp\2081610                         PAGE    7

     331              $C$DW$34        .dwtag  DW_TAG_TI_assign_register, DW_AT_name("PAGE0")
     332                      .dwattr $C$DW$34, DW_AT_location[DW_OP_regx 0x21]
     333              $C$DW$35        .dwtag  DW_TAG_TI_assign_register, DW_AT_name("AMODE")
     334                      .dwattr $C$DW$35, DW_AT_location[DW_OP_regx 0x22]
     335              $C$DW$36        .dwtag  DW_TAG_TI_assign_register, DW_AT_name("INTM")
     336                      .dwattr $C$DW$36, DW_AT_location[DW_OP_regx 0x23]
     337              $C$DW$37        .dwtag  DW_TAG_TI_assign_register, DW_AT_name("IFR")
     338                      .dwattr $C$DW$37, DW_AT_location[DW_OP_regx 0x24]
     339              $C$DW$38        .dwtag  DW_TAG_TI_assign_register, DW_AT_name("IER")
     340                      .dwattr $C$DW$38, DW_AT_location[DW_OP_regx 0x25]
     341              $C$DW$39        .dwtag  DW_TAG_TI_assign_register, DW_AT_name("V")
     342                      .dwattr $C$DW$39, DW_AT_location[DW_OP_regx 0x26]
     343              $C$DW$40        .dwtag  DW_TAG_TI_assign_register, DW_AT_name("PSEUDOH")
     344                      .dwattr $C$DW$40, DW_AT_location[DW_OP_regx 0x4c]
     345              $C$DW$41        .dwtag  DW_TAG_TI_assign_register, DW_AT_name("VOL")
     346                      .dwattr $C$DW$41, DW_AT_location[DW_OP_regx 0x4d]
     347              $C$DW$42        .dwtag  DW_TAG_TI_assign_register, DW_AT_name("AR0")
     348                      .dwattr $C$DW$42, DW_AT_location[DW_OP_reg4]
     349              $C$DW$43        .dwtag  DW_TAG_TI_assign_register, DW_AT_name("AR1")
     350                      .dwattr $C$DW$43, DW_AT_location[DW_OP_reg6]
     351              $C$DW$44        .dwtag  DW_TAG_TI_assign_register, DW_AT_name("AR2")
     352                      .dwattr $C$DW$44, DW_AT_location[DW_OP_reg8]
     353              $C$DW$45        .dwtag  DW_TAG_TI_assign_register, DW_AT_name("AR3")
     354                      .dwattr $C$DW$45, DW_AT_location[DW_OP_reg10]
     355              $C$DW$46        .dwtag  DW_TAG_TI_assign_register, DW_AT_name("AR4")
     356                      .dwattr $C$DW$46, DW_AT_location[DW_OP_reg12]
     357              $C$DW$47        .dwtag  DW_TAG_TI_assign_register, DW_AT_name("AR5")
     358                      .dwattr $C$DW$47, DW_AT_location[DW_OP_reg14]
     359              $C$DW$48        .dwtag  DW_TAG_TI_assign_register, DW_AT_name("AR6")
     360                      .dwattr $C$DW$48, DW_AT_location[DW_OP_reg16]
     361              $C$DW$49        .dwtag  DW_TAG_TI_assign_register, DW_AT_name("XAR6")
     362                      .dwattr $C$DW$49, DW_AT_location[DW_OP_reg17]
     363              $C$DW$50        .dwtag  DW_TAG_TI_assign_register, DW_AT_name("AR7")
     364                      .dwattr $C$DW$50, DW_AT_location[DW_OP_reg18]
     365              $C$DW$51        .dwtag  DW_TAG_TI_assign_register, DW_AT_name("XAR7")
     366                      .dwattr $C$DW$51, DW_AT_location[DW_OP_reg19]
     367              $C$DW$52        .dwtag  DW_TAG_TI_assign_register, DW_AT_name("XAR0")
     368                      .dwattr $C$DW$52, DW_AT_location[DW_OP_reg5]
     369              $C$DW$53        .dwtag  DW_TAG_TI_assign_register, DW_AT_name("XAR1")
     370                      .dwattr $C$DW$53, DW_AT_location[DW_OP_reg7]
     371              $C$DW$54        .dwtag  DW_TAG_TI_assign_register, DW_AT_name("XAR2")
     372                      .dwattr $C$DW$54, DW_AT_location[DW_OP_reg9]
     373              $C$DW$55        .dwtag  DW_TAG_TI_assign_register, DW_AT_name("XAR3")
     374                      .dwattr $C$DW$55, DW_AT_location[DW_OP_reg11]
     375              $C$DW$56        .dwtag  DW_TAG_TI_assign_register, DW_AT_name("XAR4")
     376                      .dwattr $C$DW$56, DW_AT_location[DW_OP_reg13]
     377              $C$DW$57        .dwtag  DW_TAG_TI_assign_register, DW_AT_name("XAR5")
     378                      .dwattr $C$DW$57, DW_AT_location[DW_OP_reg15]
     379              $C$DW$58        .dwtag  DW_TAG_TI_assign_register, DW_AT_name("CIE_RETA")
     380                      .dwattr $C$DW$58, DW_AT_location[DW_OP_regx 0x4e]
     381                      .dwendtag $C$DW$CU
     382              

No Assembly Errors, No Assembly Warnings
