TMS320C2000 Assembler PC v6.2.3 Mon Aug 03 18:20:56 2015

Tools Copyright (c) 1996-2013 Texas Instruments Incorporated
C:\Users\a0220341\AppData\Local\Temp\1142011                         PAGE    1

       1              ;***************************************************************
       2              ;* TMS320C2000 C/C++ Codegen                         PC v6.2.3 *
       3              ;* Date/Time created: Mon Aug 03 18:20:56 2015                 *
       4              ;***************************************************************
       5                      .compiler_opts --float_support=softlib --hll_source=on --mem_model:code=flat --mem_model:data=large -
       6        0002  FP      .set    XAR2
       7              
       8              $C$DW$CU        .dwtag  DW_TAG_compile_unit
       9                      .dwattr $C$DW$CU, DW_AT_name("D:/victor TI/Customer issue/Zero/4inOne/Code/sw/modules/svgen/src/32b/s
      10                      .dwattr $C$DW$CU, DW_AT_producer("TMS320C2000 C/C++ Codegen PC v6.2.3 Copyright (c) 1996-2013 Texas I
      11                      .dwattr $C$DW$CU, DW_AT_TI_version(0x01)
      12                      .dwattr $C$DW$CU, DW_AT_comp_dir("D:\victor TI\Customer issue\Zero\4inOne\Code\sw\solutions\instaspin
      13              ;       C:\ti\ccsv6\tools\compiler\ti-cgt-c2000_6.2.3\bin\opt2000.exe C:\\Users\\a0220341\\AppData\\Local\\Te
      14              ;       C:\ti\ccsv6\tools\compiler\ti-cgt-c2000_6.2.3\bin\ac2000.exe -@C:\\Users\\a0220341\\AppData\\Local\\T
      15 00000000               .sect   ".text"
      16                      .global _SVGENCURRENT_setMinWidth
      17              
      18              $C$DW$1 .dwtag  DW_TAG_subprogram, DW_AT_name("SVGENCURRENT_setMinWidth")
      19                      .dwattr $C$DW$1, DW_AT_low_pc(_SVGENCURRENT_setMinWidth)
      20                      .dwattr $C$DW$1, DW_AT_high_pc(0x00)
      21                      .dwattr $C$DW$1, DW_AT_TI_symbol_name("_SVGENCURRENT_setMinWidth")
      22                      .dwattr $C$DW$1, DW_AT_external
      23                      .dwattr $C$DW$1, DW_AT_TI_begin_file("D:/victor TI/Customer issue/Zero/4inOne/Code/sw/modules/svgen/s
      24                      .dwattr $C$DW$1, DW_AT_TI_begin_line(0x47)
      25                      .dwattr $C$DW$1, DW_AT_TI_begin_column(0x06)
      26                      .dwattr $C$DW$1, DW_AT_TI_max_frame_size(-2)
      27                      .dwpsn  file "D:/victor TI/Customer issue/Zero/4inOne/Code/sw/modules/svgen/src/32b/svgen_current.c",
      28              
      29                      .dwfde $C$DW$CIE, _SVGENCURRENT_setMinWidth
      30              $C$DW$2 .dwtag  DW_TAG_formal_parameter, DW_AT_name("svgencurrentHandle")
      31                      .dwattr $C$DW$2, DW_AT_TI_symbol_name("_svgencurrentHandle")
      32                      .dwattr $C$DW$2, DW_AT_type(*$C$DW$T$25)
      33                      .dwattr $C$DW$2, DW_AT_location[DW_OP_reg12]
      34              $C$DW$3 .dwtag  DW_TAG_formal_parameter, DW_AT_name("minwidth")
      35                      .dwattr $C$DW$3, DW_AT_TI_symbol_name("_minwidth")
      36                      .dwattr $C$DW$3, DW_AT_type(*$C$DW$T$33)
      37                      .dwattr $C$DW$3, DW_AT_location[DW_OP_reg0]
      38              
      39              ;***************************************************************
      40              ;* FNAME: _SVGENCURRENT_setMinWidth     FR SIZE:   0           *
      41              ;*                                                             *
      42              ;* FUNCTION ENVIRONMENT                                        *
      43              ;*                                                             *
      44              ;* FUNCTION PROPERTIES                                         *
      45              ;*                            0 Parameter,  0 Auto,  0 SOE     *
      46              ;***************************************************************
      47              
      48              _SVGENCURRENT_setMinWidth:
      49              ;* AR4   assigned to _svgencurrentHandle
      50              $C$DW$4 .dwtag  DW_TAG_variable, DW_AT_name("svgencurrentHandle")
      51                      .dwattr $C$DW$4, DW_AT_TI_symbol_name("_svgencurrentHandle")
      52                      .dwattr $C$DW$4, DW_AT_type(*$C$DW$T$26)
      53                      .dwattr $C$DW$4, DW_AT_location[DW_OP_reg12]
      54              ;* AL    assigned to _minwidth
      55              $C$DW$5 .dwtag  DW_TAG_variable, DW_AT_name("minwidth")
TMS320C2000 Assembler PC v6.2.3 Mon Aug 03 18:20:56 2015

Tools Copyright (c) 1996-2013 Texas Instruments Incorporated
C:\Users\a0220341\AppData\Local\Temp\1142011                         PAGE    2

      56                      .dwattr $C$DW$5, DW_AT_TI_symbol_name("_minwidth")
      57                      .dwattr $C$DW$5, DW_AT_type(*$C$DW$T$33)
      58                      .dwattr $C$DW$5, DW_AT_location[DW_OP_reg0]
      59                      .dwcfi  cfa_offset, -2
      60                      .dwcfi  save_reg_to_mem, 26, 0
      61                      .dwcfi  save_reg_to_reg, 78, 26
      62                      .dwpsn  file "D:/victor TI/Customer issue/Zero/4inOne/Code/sw/modules/svgen/src/32b/svgen_current.c",
      63 00000000 96C4          MOV       *+XAR4[0],AL          ; [CPU_] |75| 
      64              $C$DW$6 .dwtag  DW_TAG_TI_branch
      65                      .dwattr $C$DW$6, DW_AT_low_pc(0x00)
      66                      .dwattr $C$DW$6, DW_AT_TI_return
      67 00000001 0006          LRETR     ; [CPU_] 
      68                      ; return occurs ; [] 
      69                      .dwattr $C$DW$1, DW_AT_TI_end_file("D:/victor TI/Customer issue/Zero/4inOne/Code/sw/modules/svgen/src
      70                      .dwattr $C$DW$1, DW_AT_TI_end_line(0x4e)
      71                      .dwattr $C$DW$1, DW_AT_TI_end_column(0x01)
      72                      .dwendentry
      73                      .dwendtag $C$DW$1
      74              
      75 00000002               .sect   ".text"
      76                      .global _SVGENCURRENT_init
      77              
      78              $C$DW$7 .dwtag  DW_TAG_subprogram, DW_AT_name("SVGENCURRENT_init")
      79                      .dwattr $C$DW$7, DW_AT_low_pc(_SVGENCURRENT_init)
      80                      .dwattr $C$DW$7, DW_AT_high_pc(0x00)
      81                      .dwattr $C$DW$7, DW_AT_TI_symbol_name("_SVGENCURRENT_init")
      82                      .dwattr $C$DW$7, DW_AT_external
      83                      .dwattr $C$DW$7, DW_AT_type(*$C$DW$T$25)
      84                      .dwattr $C$DW$7, DW_AT_TI_begin_file("D:/victor TI/Customer issue/Zero/4inOne/Code/sw/modules/svgen/s
      85                      .dwattr $C$DW$7, DW_AT_TI_begin_line(0x39)
      86                      .dwattr $C$DW$7, DW_AT_TI_begin_column(0x15)
      87                      .dwattr $C$DW$7, DW_AT_TI_max_frame_size(-2)
      88                      .dwpsn  file "D:/victor TI/Customer issue/Zero/4inOne/Code/sw/modules/svgen/src/32b/svgen_current.c",
      89              
      90                      .dwfde $C$DW$CIE, _SVGENCURRENT_init
      91              $C$DW$8 .dwtag  DW_TAG_formal_parameter, DW_AT_name("pMemory")
      92                      .dwattr $C$DW$8, DW_AT_TI_symbol_name("_pMemory")
      93                      .dwattr $C$DW$8, DW_AT_type(*$C$DW$T$3)
      94                      .dwattr $C$DW$8, DW_AT_location[DW_OP_reg12]
      95              $C$DW$9 .dwtag  DW_TAG_formal_parameter, DW_AT_name("numBytes")
      96                      .dwattr $C$DW$9, DW_AT_TI_symbol_name("_numBytes")
      97                      .dwattr $C$DW$9, DW_AT_type(*$C$DW$T$28)
      98                      .dwattr $C$DW$9, DW_AT_location[DW_OP_reg0]
      99              
     100              ;***************************************************************
     101              ;* FNAME: _SVGENCURRENT_init            FR SIZE:   0           *
     102              ;*                                                             *
     103              ;* FUNCTION ENVIRONMENT                                        *
     104              ;*                                                             *
     105              ;* FUNCTION PROPERTIES                                         *
     106              ;*                            0 Parameter,  0 Auto,  0 SOE     *
     107              ;***************************************************************
     108              
     109              _SVGENCURRENT_init:
     110              ;* AR6   assigned to _numBytes
TMS320C2000 Assembler PC v6.2.3 Mon Aug 03 18:20:56 2015

Tools Copyright (c) 1996-2013 Texas Instruments Incorporated
C:\Users\a0220341\AppData\Local\Temp\1142011                         PAGE    3

     111              $C$DW$10        .dwtag  DW_TAG_variable, DW_AT_name("numBytes")
     112                      .dwattr $C$DW$10, DW_AT_TI_symbol_name("_numBytes")
     113                      .dwattr $C$DW$10, DW_AT_type(*$C$DW$T$28)
     114                      .dwattr $C$DW$10, DW_AT_location[DW_OP_reg16]
     115              ;* AR4   assigned to _pMemory
     116              $C$DW$11        .dwtag  DW_TAG_variable, DW_AT_name("pMemory")
     117                      .dwattr $C$DW$11, DW_AT_TI_symbol_name("_pMemory")
     118                      .dwattr $C$DW$11, DW_AT_type(*$C$DW$T$32)
     119                      .dwattr $C$DW$11, DW_AT_location[DW_OP_reg12]
     120                      .dwcfi  cfa_offset, -2
     121                      .dwcfi  save_reg_to_mem, 26, 0
     122                      .dwcfi  save_reg_to_reg, 78, 26
     123 00000002 1EA6          MOVL      XAR6,ACC              ; [CPU_] |58| 
     124                      .dwpsn  file "D:/victor TI/Customer issue/Zero/4inOne/Code/sw/modules/svgen/src/32b/svgen_current.c",
     125 00000003 0202          MOVB      ACC,#2                ; [CPU_] |62| 
     126 00000004 0FA6          CMPL      ACC,XAR6              ; [CPU_] |62| 
     127 00000005 6902          B         $C$L1,LOS             ; [CPU_] |62| 
     128                      ; branchcc occurs ; [] |62| 
     129 00000006 D400          MOVB      XAR4,#0               ; [CPU_] |62| 
     130              $C$L1:    
     131              $C$DW$12        .dwtag  DW_TAG_TI_branch
     132                      .dwattr $C$DW$12, DW_AT_low_pc(0x00)
     133                      .dwattr $C$DW$12, DW_AT_TI_return
     134 00000007 0006          LRETR     ; [CPU_] 
     135                      ; return occurs ; [] 
     136                      .dwattr $C$DW$7, DW_AT_TI_end_file("D:/victor TI/Customer issue/Zero/4inOne/Code/sw/modules/svgen/src
     137                      .dwattr $C$DW$7, DW_AT_TI_end_line(0x44)
     138                      .dwattr $C$DW$7, DW_AT_TI_end_column(0x01)
     139                      .dwendentry
     140                      .dwendtag $C$DW$7
     141              
     142 00000008               .sect   ".text"
     143                      .global _SVGENCURRENT_getMinWidth
     144              
     145              $C$DW$13        .dwtag  DW_TAG_subprogram, DW_AT_name("SVGENCURRENT_getMinWidth")
     146                      .dwattr $C$DW$13, DW_AT_low_pc(_SVGENCURRENT_getMinWidth)
     147                      .dwattr $C$DW$13, DW_AT_high_pc(0x00)
     148                      .dwattr $C$DW$13, DW_AT_TI_symbol_name("_SVGENCURRENT_getMinWidth")
     149                      .dwattr $C$DW$13, DW_AT_external
     150                      .dwattr $C$DW$13, DW_AT_type(*$C$DW$T$19)
     151                      .dwattr $C$DW$13, DW_AT_TI_begin_file("D:/victor TI/Customer issue/Zero/4inOne/Code/sw/modules/svgen/
     152                      .dwattr $C$DW$13, DW_AT_TI_begin_line(0x51)
     153                      .dwattr $C$DW$13, DW_AT_TI_begin_column(0x09)
     154                      .dwattr $C$DW$13, DW_AT_TI_max_frame_size(-2)
     155                      .dwpsn  file "D:/victor TI/Customer issue/Zero/4inOne/Code/sw/modules/svgen/src/32b/svgen_current.c",
     156              
     157                      .dwfde $C$DW$CIE, _SVGENCURRENT_getMinWidth
     158              $C$DW$14        .dwtag  DW_TAG_formal_parameter, DW_AT_name("svgencurrentHandle")
     159                      .dwattr $C$DW$14, DW_AT_TI_symbol_name("_svgencurrentHandle")
     160                      .dwattr $C$DW$14, DW_AT_type(*$C$DW$T$25)
     161                      .dwattr $C$DW$14, DW_AT_location[DW_OP_reg12]
     162              
     163              ;***************************************************************
     164              ;* FNAME: _SVGENCURRENT_getMinWidth     FR SIZE:   0           *
     165              ;*                                                             *
TMS320C2000 Assembler PC v6.2.3 Mon Aug 03 18:20:56 2015

Tools Copyright (c) 1996-2013 Texas Instruments Incorporated
C:\Users\a0220341\AppData\Local\Temp\1142011                         PAGE    4

     166              ;* FUNCTION ENVIRONMENT                                        *
     167              ;*                                                             *
     168              ;* FUNCTION PROPERTIES                                         *
     169              ;*                            0 Parameter,  0 Auto,  0 SOE     *
     170              ;***************************************************************
     171              
     172              _SVGENCURRENT_getMinWidth:
     173              ;* AR4   assigned to _svgencurrentHandle
     174              $C$DW$15        .dwtag  DW_TAG_variable, DW_AT_name("svgencurrentHandle")
     175                      .dwattr $C$DW$15, DW_AT_TI_symbol_name("_svgencurrentHandle")
     176                      .dwattr $C$DW$15, DW_AT_type(*$C$DW$T$26)
     177                      .dwattr $C$DW$15, DW_AT_location[DW_OP_reg12]
     178                      .dwcfi  cfa_offset, -2
     179                      .dwcfi  save_reg_to_mem, 26, 0
     180                      .dwcfi  save_reg_to_reg, 78, 26
     181                      .dwpsn  file "D:/victor TI/Customer issue/Zero/4inOne/Code/sw/modules/svgen/src/32b/svgen_current.c",
     182 00000008 92C4          MOV       AL,*+XAR4[0]          ; [CPU_] |85| 
     183              $C$DW$16        .dwtag  DW_TAG_TI_branch
     184                      .dwattr $C$DW$16, DW_AT_low_pc(0x00)
     185                      .dwattr $C$DW$16, DW_AT_TI_return
     186 00000009 0006          LRETR     ; [CPU_] 
     187                      ; return occurs ; [] 
     188                      .dwattr $C$DW$13, DW_AT_TI_end_file("D:/victor TI/Customer issue/Zero/4inOne/Code/sw/modules/svgen/sr
     189                      .dwattr $C$DW$13, DW_AT_TI_end_line(0x56)
     190                      .dwattr $C$DW$13, DW_AT_TI_end_column(0x01)
     191                      .dwendentry
     192                      .dwendtag $C$DW$13
     193              
     194              
     195              ;***************************************************************
     196              ;* TYPE INFORMATION                                            *
     197              ;***************************************************************
     198              
     199              $C$DW$T$20      .dwtag  DW_TAG_enumeration_type
     200                      .dwattr $C$DW$T$20, DW_AT_byte_size(0x01)
     201              $C$DW$17        .dwtag  DW_TAG_enumerator, DW_AT_name("use_all"), DW_AT_const_value(0x00)
     202              $C$DW$18        .dwtag  DW_TAG_enumerator, DW_AT_name("ignore_a"), DW_AT_const_value(0x01)
     203              $C$DW$19        .dwtag  DW_TAG_enumerator, DW_AT_name("ignore_b"), DW_AT_const_value(0x02)
     204              $C$DW$20        .dwtag  DW_TAG_enumerator, DW_AT_name("ignore_c"), DW_AT_const_value(0x03)
     205              $C$DW$21        .dwtag  DW_TAG_enumerator, DW_AT_name("ignore_ab"), DW_AT_const_value(0x04)
     206              $C$DW$22        .dwtag  DW_TAG_enumerator, DW_AT_name("ignore_ac"), DW_AT_const_value(0x05)
     207              $C$DW$23        .dwtag  DW_TAG_enumerator, DW_AT_name("ignore_bc"), DW_AT_const_value(0x06)
     208                      .dwendtag $C$DW$T$20
     209              
     210              $C$DW$T$21      .dwtag  DW_TAG_typedef, DW_AT_name("SVGENCURRENT_IgnoreShunt_e")
     211                      .dwattr $C$DW$T$21, DW_AT_type(*$C$DW$T$20)
     212                      .dwattr $C$DW$T$21, DW_AT_language(DW_LANG_C)
     213              
     214              $C$DW$T$22      .dwtag  DW_TAG_structure_type
     215                      .dwattr $C$DW$T$22, DW_AT_name("_SVGENCURRENT_Obj_")
     216                      .dwattr $C$DW$T$22, DW_AT_byte_size(0x02)
     217              $C$DW$24        .dwtag  DW_TAG_member
     218                      .dwattr $C$DW$24, DW_AT_type(*$C$DW$T$19)
     219                      .dwattr $C$DW$24, DW_AT_name("MinWidth")
     220                      .dwattr $C$DW$24, DW_AT_TI_symbol_name("_MinWidth")
TMS320C2000 Assembler PC v6.2.3 Mon Aug 03 18:20:56 2015

Tools Copyright (c) 1996-2013 Texas Instruments Incorporated
C:\Users\a0220341\AppData\Local\Temp\1142011                         PAGE    5

     221                      .dwattr $C$DW$24, DW_AT_data_member_location[DW_OP_plus_uconst 0x0]
     222                      .dwattr $C$DW$24, DW_AT_accessibility(DW_ACCESS_public)
     223              $C$DW$25        .dwtag  DW_TAG_member
     224                      .dwattr $C$DW$25, DW_AT_type(*$C$DW$T$21)
     225                      .dwattr $C$DW$25, DW_AT_name("IgnoreShunt")
     226                      .dwattr $C$DW$25, DW_AT_TI_symbol_name("_IgnoreShunt")
     227                      .dwattr $C$DW$25, DW_AT_data_member_location[DW_OP_plus_uconst 0x1]
     228                      .dwattr $C$DW$25, DW_AT_accessibility(DW_ACCESS_public)
     229                      .dwendtag $C$DW$T$22
     230              
     231              $C$DW$T$23      .dwtag  DW_TAG_typedef, DW_AT_name("SVGENCURRENT_Obj")
     232                      .dwattr $C$DW$T$23, DW_AT_type(*$C$DW$T$22)
     233                      .dwattr $C$DW$T$23, DW_AT_language(DW_LANG_C)
     234              $C$DW$T$24      .dwtag  DW_TAG_pointer_type
     235                      .dwattr $C$DW$T$24, DW_AT_type(*$C$DW$T$22)
     236                      .dwattr $C$DW$T$24, DW_AT_address_class(0x16)
     237              $C$DW$T$25      .dwtag  DW_TAG_typedef, DW_AT_name("SVGENCURRENT_Handle")
     238                      .dwattr $C$DW$T$25, DW_AT_type(*$C$DW$T$24)
     239                      .dwattr $C$DW$T$25, DW_AT_language(DW_LANG_C)
     240              $C$DW$26        .dwtag  DW_TAG_TI_far_type
     241                      .dwattr $C$DW$26, DW_AT_type(*$C$DW$T$25)
     242              $C$DW$T$26      .dwtag  DW_TAG_const_type
     243                      .dwattr $C$DW$T$26, DW_AT_type(*$C$DW$26)
     244              $C$DW$T$3       .dwtag  DW_TAG_pointer_type
     245                      .dwattr $C$DW$T$3, DW_AT_address_class(0x16)
     246              $C$DW$27        .dwtag  DW_TAG_TI_far_type
     247                      .dwattr $C$DW$27, DW_AT_type(*$C$DW$T$3)
     248              $C$DW$T$32      .dwtag  DW_TAG_const_type
     249                      .dwattr $C$DW$T$32, DW_AT_type(*$C$DW$27)
     250              $C$DW$T$4       .dwtag  DW_TAG_base_type
     251                      .dwattr $C$DW$T$4, DW_AT_encoding(DW_ATE_boolean)
     252                      .dwattr $C$DW$T$4, DW_AT_name("bool")
     253                      .dwattr $C$DW$T$4, DW_AT_byte_size(0x01)
     254              $C$DW$T$5       .dwtag  DW_TAG_base_type
     255                      .dwattr $C$DW$T$5, DW_AT_encoding(DW_ATE_signed_char)
     256                      .dwattr $C$DW$T$5, DW_AT_name("signed char")
     257                      .dwattr $C$DW$T$5, DW_AT_byte_size(0x01)
     258              $C$DW$T$6       .dwtag  DW_TAG_base_type
     259                      .dwattr $C$DW$T$6, DW_AT_encoding(DW_ATE_unsigned_char)
     260                      .dwattr $C$DW$T$6, DW_AT_name("unsigned char")
     261                      .dwattr $C$DW$T$6, DW_AT_byte_size(0x01)
     262              $C$DW$T$7       .dwtag  DW_TAG_base_type
     263                      .dwattr $C$DW$T$7, DW_AT_encoding(DW_ATE_signed_char)
     264                      .dwattr $C$DW$T$7, DW_AT_name("wchar_t")
     265                      .dwattr $C$DW$T$7, DW_AT_byte_size(0x01)
     266              $C$DW$T$8       .dwtag  DW_TAG_base_type
     267                      .dwattr $C$DW$T$8, DW_AT_encoding(DW_ATE_signed)
     268                      .dwattr $C$DW$T$8, DW_AT_name("short")
     269                      .dwattr $C$DW$T$8, DW_AT_byte_size(0x01)
     270              $C$DW$T$19      .dwtag  DW_TAG_typedef, DW_AT_name("int16_t")
     271                      .dwattr $C$DW$T$19, DW_AT_type(*$C$DW$T$8)
     272                      .dwattr $C$DW$T$19, DW_AT_language(DW_LANG_C)
     273              $C$DW$28        .dwtag  DW_TAG_TI_far_type
     274                      .dwattr $C$DW$28, DW_AT_type(*$C$DW$T$19)
     275              $C$DW$T$33      .dwtag  DW_TAG_const_type
TMS320C2000 Assembler PC v6.2.3 Mon Aug 03 18:20:56 2015

Tools Copyright (c) 1996-2013 Texas Instruments Incorporated
C:\Users\a0220341\AppData\Local\Temp\1142011                         PAGE    6

     276                      .dwattr $C$DW$T$33, DW_AT_type(*$C$DW$28)
     277              $C$DW$T$9       .dwtag  DW_TAG_base_type
     278                      .dwattr $C$DW$T$9, DW_AT_encoding(DW_ATE_unsigned)
     279                      .dwattr $C$DW$T$9, DW_AT_name("unsigned short")
     280                      .dwattr $C$DW$T$9, DW_AT_byte_size(0x01)
     281              $C$DW$T$10      .dwtag  DW_TAG_base_type
     282                      .dwattr $C$DW$T$10, DW_AT_encoding(DW_ATE_signed)
     283                      .dwattr $C$DW$T$10, DW_AT_name("int")
     284                      .dwattr $C$DW$T$10, DW_AT_byte_size(0x01)
     285              $C$DW$T$11      .dwtag  DW_TAG_base_type
     286                      .dwattr $C$DW$T$11, DW_AT_encoding(DW_ATE_unsigned)
     287                      .dwattr $C$DW$T$11, DW_AT_name("unsigned int")
     288                      .dwattr $C$DW$T$11, DW_AT_byte_size(0x01)
     289              $C$DW$T$12      .dwtag  DW_TAG_base_type
     290                      .dwattr $C$DW$T$12, DW_AT_encoding(DW_ATE_signed)
     291                      .dwattr $C$DW$T$12, DW_AT_name("long")
     292                      .dwattr $C$DW$T$12, DW_AT_byte_size(0x02)
     293              $C$DW$T$13      .dwtag  DW_TAG_base_type
     294                      .dwattr $C$DW$T$13, DW_AT_encoding(DW_ATE_unsigned)
     295                      .dwattr $C$DW$T$13, DW_AT_name("unsigned long")
     296                      .dwattr $C$DW$T$13, DW_AT_byte_size(0x02)
     297              $C$DW$T$27      .dwtag  DW_TAG_typedef, DW_AT_name("size_t")
     298                      .dwattr $C$DW$T$27, DW_AT_type(*$C$DW$T$13)
     299                      .dwattr $C$DW$T$27, DW_AT_language(DW_LANG_C)
     300              $C$DW$29        .dwtag  DW_TAG_TI_far_type
     301                      .dwattr $C$DW$29, DW_AT_type(*$C$DW$T$27)
     302              $C$DW$T$28      .dwtag  DW_TAG_const_type
     303                      .dwattr $C$DW$T$28, DW_AT_type(*$C$DW$29)
     304              $C$DW$T$14      .dwtag  DW_TAG_base_type
     305                      .dwattr $C$DW$T$14, DW_AT_encoding(DW_ATE_signed)
     306                      .dwattr $C$DW$T$14, DW_AT_name("long long")
     307                      .dwattr $C$DW$T$14, DW_AT_byte_size(0x04)
     308              $C$DW$T$15      .dwtag  DW_TAG_base_type
     309                      .dwattr $C$DW$T$15, DW_AT_encoding(DW_ATE_unsigned)
     310                      .dwattr $C$DW$T$15, DW_AT_name("unsigned long long")
     311                      .dwattr $C$DW$T$15, DW_AT_byte_size(0x04)
     312              $C$DW$T$16      .dwtag  DW_TAG_base_type
     313                      .dwattr $C$DW$T$16, DW_AT_encoding(DW_ATE_float)
     314                      .dwattr $C$DW$T$16, DW_AT_name("float")
     315                      .dwattr $C$DW$T$16, DW_AT_byte_size(0x02)
     316              $C$DW$T$17      .dwtag  DW_TAG_base_type
     317                      .dwattr $C$DW$T$17, DW_AT_encoding(DW_ATE_float)
     318                      .dwattr $C$DW$T$17, DW_AT_name("double")
     319                      .dwattr $C$DW$T$17, DW_AT_byte_size(0x02)
     320              $C$DW$T$18      .dwtag  DW_TAG_base_type
     321                      .dwattr $C$DW$T$18, DW_AT_encoding(DW_ATE_float)
     322                      .dwattr $C$DW$T$18, DW_AT_name("long double")
     323                      .dwattr $C$DW$T$18, DW_AT_byte_size(0x04)
     324                      .dwattr $C$DW$CU, DW_AT_language(DW_LANG_C)
     325              
     326              ;***************************************************************
     327              ;* DWARF CIE ENTRIES                                           *
     328              ;***************************************************************
     329              
     330              $C$DW$CIE       .dwcie 78
TMS320C2000 Assembler PC v6.2.3 Mon Aug 03 18:20:56 2015

Tools Copyright (c) 1996-2013 Texas Instruments Incorporated
C:\Users\a0220341\AppData\Local\Temp\1142011                         PAGE    7

     331                      .dwcfi  cfa_register, 20
     332                      .dwcfi  cfa_offset, 0
     333                      .dwcfi  undefined, 0
     334                      .dwcfi  undefined, 1
     335                      .dwcfi  undefined, 2
     336                      .dwcfi  undefined, 3
     337                      .dwcfi  undefined, 20
     338                      .dwcfi  undefined, 21
     339                      .dwcfi  undefined, 22
     340                      .dwcfi  undefined, 23
     341                      .dwcfi  undefined, 24
     342                      .dwcfi  undefined, 25
     343                      .dwcfi  undefined, 26
     344                      .dwcfi  same_value, 28
     345                      .dwcfi  undefined, 29
     346                      .dwcfi  undefined, 30
     347                      .dwcfi  undefined, 31
     348                      .dwcfi  undefined, 32
     349                      .dwcfi  undefined, 33
     350                      .dwcfi  undefined, 34
     351                      .dwcfi  undefined, 35
     352                      .dwcfi  undefined, 36
     353                      .dwcfi  undefined, 37
     354                      .dwcfi  undefined, 38
     355                      .dwcfi  undefined, 75
     356                      .dwcfi  undefined, 76
     357                      .dwcfi  undefined, 77
     358                      .dwcfi  undefined, 4
     359                      .dwcfi  same_value, 6
     360                      .dwcfi  same_value, 8
     361                      .dwcfi  same_value, 10
     362                      .dwcfi  undefined, 12
     363                      .dwcfi  undefined, 14
     364                      .dwcfi  undefined, 16
     365                      .dwcfi  undefined, 17
     366                      .dwcfi  undefined, 18
     367                      .dwcfi  undefined, 19
     368                      .dwcfi  undefined, 5
     369                      .dwcfi  same_value, 7
     370                      .dwcfi  same_value, 9
     371                      .dwcfi  same_value, 11
     372                      .dwcfi  undefined, 13
     373                      .dwcfi  undefined, 15
     374                      .dwcfi  undefined, 78
     375                      .dwendentry
     376              
     377              ;***************************************************************
     378              ;* DWARF REGISTER MAP                                          *
     379              ;***************************************************************
     380              
     381              $C$DW$30        .dwtag  DW_TAG_TI_assign_register, DW_AT_name("AL")
     382                      .dwattr $C$DW$30, DW_AT_location[DW_OP_reg0]
     383              $C$DW$31        .dwtag  DW_TAG_TI_assign_register, DW_AT_name("AH")
     384                      .dwattr $C$DW$31, DW_AT_location[DW_OP_reg1]
     385              $C$DW$32        .dwtag  DW_TAG_TI_assign_register, DW_AT_name("PL")
TMS320C2000 Assembler PC v6.2.3 Mon Aug 03 18:20:56 2015

Tools Copyright (c) 1996-2013 Texas Instruments Incorporated
C:\Users\a0220341\AppData\Local\Temp\1142011                         PAGE    8

     386                      .dwattr $C$DW$32, DW_AT_location[DW_OP_reg2]
     387              $C$DW$33        .dwtag  DW_TAG_TI_assign_register, DW_AT_name("PH")
     388                      .dwattr $C$DW$33, DW_AT_location[DW_OP_reg3]
     389              $C$DW$34        .dwtag  DW_TAG_TI_assign_register, DW_AT_name("SP")
     390                      .dwattr $C$DW$34, DW_AT_location[DW_OP_reg20]
     391              $C$DW$35        .dwtag  DW_TAG_TI_assign_register, DW_AT_name("XT")
     392                      .dwattr $C$DW$35, DW_AT_location[DW_OP_reg21]
     393              $C$DW$36        .dwtag  DW_TAG_TI_assign_register, DW_AT_name("T")
     394                      .dwattr $C$DW$36, DW_AT_location[DW_OP_reg22]
     395              $C$DW$37        .dwtag  DW_TAG_TI_assign_register, DW_AT_name("ST0")
     396                      .dwattr $C$DW$37, DW_AT_location[DW_OP_reg23]
     397              $C$DW$38        .dwtag  DW_TAG_TI_assign_register, DW_AT_name("ST1")
     398                      .dwattr $C$DW$38, DW_AT_location[DW_OP_reg24]
     399              $C$DW$39        .dwtag  DW_TAG_TI_assign_register, DW_AT_name("PC")
     400                      .dwattr $C$DW$39, DW_AT_location[DW_OP_reg25]
     401              $C$DW$40        .dwtag  DW_TAG_TI_assign_register, DW_AT_name("RPC")
     402                      .dwattr $C$DW$40, DW_AT_location[DW_OP_reg26]
     403              $C$DW$41        .dwtag  DW_TAG_TI_assign_register, DW_AT_name("FP")
     404                      .dwattr $C$DW$41, DW_AT_location[DW_OP_reg28]
     405              $C$DW$42        .dwtag  DW_TAG_TI_assign_register, DW_AT_name("DP")
     406                      .dwattr $C$DW$42, DW_AT_location[DW_OP_reg29]
     407              $C$DW$43        .dwtag  DW_TAG_TI_assign_register, DW_AT_name("SXM")
     408                      .dwattr $C$DW$43, DW_AT_location[DW_OP_reg30]
     409              $C$DW$44        .dwtag  DW_TAG_TI_assign_register, DW_AT_name("PM")
     410                      .dwattr $C$DW$44, DW_AT_location[DW_OP_reg31]
     411              $C$DW$45        .dwtag  DW_TAG_TI_assign_register, DW_AT_name("OVM")
     412                      .dwattr $C$DW$45, DW_AT_location[DW_OP_regx 0x20]
     413              $C$DW$46        .dwtag  DW_TAG_TI_assign_register, DW_AT_name("PAGE0")
     414                      .dwattr $C$DW$46, DW_AT_location[DW_OP_regx 0x21]
     415              $C$DW$47        .dwtag  DW_TAG_TI_assign_register, DW_AT_name("AMODE")
     416                      .dwattr $C$DW$47, DW_AT_location[DW_OP_regx 0x22]
     417              $C$DW$48        .dwtag  DW_TAG_TI_assign_register, DW_AT_name("INTM")
     418                      .dwattr $C$DW$48, DW_AT_location[DW_OP_regx 0x23]
     419              $C$DW$49        .dwtag  DW_TAG_TI_assign_register, DW_AT_name("IFR")
     420                      .dwattr $C$DW$49, DW_AT_location[DW_OP_regx 0x24]
     421              $C$DW$50        .dwtag  DW_TAG_TI_assign_register, DW_AT_name("IER")
     422                      .dwattr $C$DW$50, DW_AT_location[DW_OP_regx 0x25]
     423              $C$DW$51        .dwtag  DW_TAG_TI_assign_register, DW_AT_name("V")
     424                      .dwattr $C$DW$51, DW_AT_location[DW_OP_regx 0x26]
     425              $C$DW$52        .dwtag  DW_TAG_TI_assign_register, DW_AT_name("PSEUDOH")
     426                      .dwattr $C$DW$52, DW_AT_location[DW_OP_regx 0x4c]
     427              $C$DW$53        .dwtag  DW_TAG_TI_assign_register, DW_AT_name("VOL")
     428                      .dwattr $C$DW$53, DW_AT_location[DW_OP_regx 0x4d]
     429              $C$DW$54        .dwtag  DW_TAG_TI_assign_register, DW_AT_name("AR0")
     430                      .dwattr $C$DW$54, DW_AT_location[DW_OP_reg4]
     431              $C$DW$55        .dwtag  DW_TAG_TI_assign_register, DW_AT_name("AR1")
     432                      .dwattr $C$DW$55, DW_AT_location[DW_OP_reg6]
     433              $C$DW$56        .dwtag  DW_TAG_TI_assign_register, DW_AT_name("AR2")
     434                      .dwattr $C$DW$56, DW_AT_location[DW_OP_reg8]
     435              $C$DW$57        .dwtag  DW_TAG_TI_assign_register, DW_AT_name("AR3")
     436                      .dwattr $C$DW$57, DW_AT_location[DW_OP_reg10]
     437              $C$DW$58        .dwtag  DW_TAG_TI_assign_register, DW_AT_name("AR4")
     438                      .dwattr $C$DW$58, DW_AT_location[DW_OP_reg12]
     439              $C$DW$59        .dwtag  DW_TAG_TI_assign_register, DW_AT_name("AR5")
     440                      .dwattr $C$DW$59, DW_AT_location[DW_OP_reg14]
TMS320C2000 Assembler PC v6.2.3 Mon Aug 03 18:20:56 2015

Tools Copyright (c) 1996-2013 Texas Instruments Incorporated
C:\Users\a0220341\AppData\Local\Temp\1142011                         PAGE    9

     441              $C$DW$60        .dwtag  DW_TAG_TI_assign_register, DW_AT_name("AR6")
     442                      .dwattr $C$DW$60, DW_AT_location[DW_OP_reg16]
     443              $C$DW$61        .dwtag  DW_TAG_TI_assign_register, DW_AT_name("XAR6")
     444                      .dwattr $C$DW$61, DW_AT_location[DW_OP_reg17]
     445              $C$DW$62        .dwtag  DW_TAG_TI_assign_register, DW_AT_name("AR7")
     446                      .dwattr $C$DW$62, DW_AT_location[DW_OP_reg18]
     447              $C$DW$63        .dwtag  DW_TAG_TI_assign_register, DW_AT_name("XAR7")
     448                      .dwattr $C$DW$63, DW_AT_location[DW_OP_reg19]
     449              $C$DW$64        .dwtag  DW_TAG_TI_assign_register, DW_AT_name("XAR0")
     450                      .dwattr $C$DW$64, DW_AT_location[DW_OP_reg5]
     451              $C$DW$65        .dwtag  DW_TAG_TI_assign_register, DW_AT_name("XAR1")
     452                      .dwattr $C$DW$65, DW_AT_location[DW_OP_reg7]
     453              $C$DW$66        .dwtag  DW_TAG_TI_assign_register, DW_AT_name("XAR2")
     454                      .dwattr $C$DW$66, DW_AT_location[DW_OP_reg9]
     455              $C$DW$67        .dwtag  DW_TAG_TI_assign_register, DW_AT_name("XAR3")
     456                      .dwattr $C$DW$67, DW_AT_location[DW_OP_reg11]
     457              $C$DW$68        .dwtag  DW_TAG_TI_assign_register, DW_AT_name("XAR4")
     458                      .dwattr $C$DW$68, DW_AT_location[DW_OP_reg13]
     459              $C$DW$69        .dwtag  DW_TAG_TI_assign_register, DW_AT_name("XAR5")
     460                      .dwattr $C$DW$69, DW_AT_location[DW_OP_reg15]
     461              $C$DW$70        .dwtag  DW_TAG_TI_assign_register, DW_AT_name("CIE_RETA")
     462                      .dwattr $C$DW$70, DW_AT_location[DW_OP_regx 0x4e]
     463                      .dwendtag $C$DW$CU
     464              

No Assembly Errors, No Assembly Warnings
